[0.026s] Invoking command in '/root/udp_ws/build/cspc_lidar': CMAKE_PREFIX_PATH=${CMAKE_PREFIX_PATH}:/opt/ros/humble /usr/bin/cmake --build /root/udp_ws/build/cspc_lidar -- -j6 -l6
[0.136s] Consolidate compiler generated dependencies of target cspc_lidar
[0.166s] [100%] Built target cspc_lidar
[0.208s] Invoked command in '/root/udp_ws/build/cspc_lidar' returned '0': CMAKE_PREFIX_PATH=${CMAKE_PREFIX_PATH}:/opt/ros/humble /usr/bin/cmake --build /root/udp_ws/build/cspc_lidar -- -j6 -l6
[0.209s] Invoking command in '/root/udp_ws/build/cspc_lidar': CMAKE_PREFIX_PATH=${CMAKE_PREFIX_PATH}:/opt/ros/humble /usr/bin/cmake --install /root/udp_ws/build/cspc_lidar
[0.220s] -- Install configuration: ""
[0.220s] -- Up-to-date: /root/udp_ws/install/cspc_lidar/lib/cspc_lidar/cspc_lidar
[0.221s] -- Up-to-date: /root/udp_ws/install/cspc_lidar/share/cspc_lidar/launch
[0.222s] -- Up-to-date: /root/udp_ws/install/cspc_lidar/share/cspc_lidar/launch/lidar_launch.py
[0.222s] -- Up-to-date: /root/udp_ws/install/cspc_lidar/share/cspc_lidar/launch/lidar_rviz.py
[0.222s] -- Up-to-date: /root/udp_ws/install/cspc_lidar/share/cspc_lidar/params
[0.223s] -- Up-to-date: /root/udp_ws/install/cspc_lidar/share/cspc_lidar/params/cspc_lidar.yaml
[0.224s] -- Up-to-date: /root/udp_ws/install/cspc_lidar/share/ament_index/resource_index/package_run_dependencies/cspc_lidar
[0.225s] -- Up-to-date: /root/udp_ws/install/cspc_lidar/share/ament_index/resource_index/parent_prefix_path/cspc_lidar
[0.225s] -- Up-to-date: /root/udp_ws/install/cspc_lidar/share/cspc_lidar/environment/ament_prefix_path.sh
[0.226s] -- Up-to-date: /root/udp_ws/install/cspc_lidar/share/cspc_lidar/environment/ament_prefix_path.dsv
[0.227s] -- Up-to-date: /root/udp_ws/install/cspc_lidar/share/cspc_lidar/environment/path.sh
[0.227s] -- Up-to-date: /root/udp_ws/install/cspc_lidar/share/cspc_lidar/environment/path.dsv
[0.227s] -- Up-to-date: /root/udp_ws/install/cspc_lidar/share/cspc_lidar/local_setup.bash
[0.228s] -- Up-to-date: /root/udp_ws/install/cspc_lidar/share/cspc_lidar/local_setup.sh
[0.228s] -- Up-to-date: /root/udp_ws/install/cspc_lidar/share/cspc_lidar/local_setup.zsh
[0.228s] -- Up-to-date: /root/udp_ws/install/cspc_lidar/share/cspc_lidar/local_setup.dsv
[0.229s] -- Installing: /root/udp_ws/install/cspc_lidar/share/cspc_lidar/package.dsv
[0.229s] -- Up-to-date: /root/udp_ws/install/cspc_lidar/share/ament_index/resource_index/packages/cspc_lidar
[0.229s] -- Up-to-date: /root/udp_ws/install/cspc_lidar/share/cspc_lidar/cmake/cspc_lidarConfig.cmake
[0.229s] -- Up-to-date: /root/udp_ws/install/cspc_lidar/share/cspc_lidar/cmake/cspc_lidarConfig-version.cmake
[0.230s] -- Up-to-date: /root/udp_ws/install/cspc_lidar/share/cspc_lidar/package.xml
[0.230s] Invoked command in '/root/udp_ws/build/cspc_lidar' returned '0': CMAKE_PREFIX_PATH=${CMAKE_PREFIX_PATH}:/opt/ros/humble /usr/bin/cmake --install /root/udp_ws/build/cspc_lidar
