[0.229s] DEBUG:colcon:Command line arguments: ['/usr/bin/colcon', 'build', '--packages-select', 'dog_udp_comm']
[0.229s] DEBUG:colcon:Parsed command line arguments: Namespace(log_base=None, log_level=None, verb_name='build', build_base='build', install_base='install', merge_install=False, symlink_install=False, test_result_base=None, continue_on_error=False, executor='parallel', parallel_workers=6, event_handlers=None, ignore_user_meta=False, metas=['./colcon.meta'], base_paths=['.'], packages_ignore=None, packages_ignore_regex=None, paths=None, packages_up_to=None, packages_up_to_regex=None, packages_above=None, packages_above_and_dependencies=None, packages_above_depth=None, packages_select_by_dep=None, packages_skip_by_dep=None, packages_skip_up_to=None, packages_select_build_failed=False, packages_skip_build_finished=False, packages_select_test_failures=False, packages_skip_test_passed=False, packages_select=['dog_udp_comm'], packages_skip=None, packages_select_regex=None, packages_skip_regex=None, packages_start=None, packages_end=None, allow_overriding=[], cmake_args=None, cmake_target=None, cmake_target_skip_unavailable=False, cmake_clean_cache=False, cmake_clean_first=False, cmake_force_configure=False, ament_cmake_args=None, catkin_cmake_args=None, catkin_skip_building_tests=False, verb_parser=<colcon_defaults.argument_parser.defaults.DefaultArgumentsDecorator object at 0xffffa3fb3a90>, verb_extension=<colcon_core.verb.build.BuildVerb object at 0xffffa415a020>, main=<bound method BuildVerb.main of <colcon_core.verb.build.BuildVerb object at 0xffffa415a020>>)
[0.573s] Level 1:colcon.colcon_core.package_discovery:discover_packages(colcon_meta) check parameters
[0.573s] Level 1:colcon.colcon_core.package_discovery:discover_packages(recursive) check parameters
[0.574s] Level 1:colcon.colcon_core.package_discovery:discover_packages(ignore) check parameters
[0.574s] Level 1:colcon.colcon_core.package_discovery:discover_packages(path) check parameters
[0.574s] Level 1:colcon.colcon_core.package_discovery:discover_packages(colcon_meta) discover
[0.574s] Level 1:colcon.colcon_core.package_discovery:discover_packages(recursive) discover
[0.574s] INFO:colcon.colcon_core.package_discovery:Crawling recursively for packages in '/root/udp_ws'
[0.574s] Level 1:colcon.colcon_core.package_identification:_identify(.) by extensions ['ignore', 'ignore_ament_install']
[0.575s] Level 1:colcon.colcon_core.package_identification:_identify(.) by extension 'ignore'
[0.575s] Level 1:colcon.colcon_core.package_identification:_identify(.) by extension 'ignore_ament_install'
[0.576s] Level 1:colcon.colcon_core.package_identification:_identify(.) by extensions ['colcon_pkg']
[0.576s] Level 1:colcon.colcon_core.package_identification:_identify(.) by extension 'colcon_pkg'
[0.576s] Level 1:colcon.colcon_core.package_identification:_identify(.) by extensions ['colcon_meta']
[0.576s] Level 1:colcon.colcon_core.package_identification:_identify(.) by extension 'colcon_meta'
[0.576s] Level 1:colcon.colcon_core.package_identification:_identify(.) by extensions ['ros']
[0.576s] Level 1:colcon.colcon_core.package_identification:_identify(.) by extension 'ros'
[0.626s] Level 1:colcon.colcon_core.package_identification:_identify(.) by extensions ['cmake', 'python']
[0.626s] Level 1:colcon.colcon_core.package_identification:_identify(.) by extension 'cmake'
[0.626s] Level 1:colcon.colcon_core.package_identification:_identify(.) by extension 'python'
[0.626s] Level 1:colcon.colcon_core.package_identification:_identify(.) by extensions ['python_setup_py']
[0.626s] Level 1:colcon.colcon_core.package_identification:_identify(.) by extension 'python_setup_py'
[0.627s] Level 1:colcon.colcon_core.package_identification:_identify(build) by extensions ['ignore', 'ignore_ament_install']
[0.627s] Level 1:colcon.colcon_core.package_identification:_identify(build) by extension 'ignore'
[0.627s] Level 1:colcon.colcon_core.package_identification:_identify(build) ignored
[0.627s] Level 1:colcon.colcon_core.package_identification:_identify(install) by extensions ['ignore', 'ignore_ament_install']
[0.628s] Level 1:colcon.colcon_core.package_identification:_identify(install) by extension 'ignore'
[0.628s] Level 1:colcon.colcon_core.package_identification:_identify(install) ignored
[0.628s] Level 1:colcon.colcon_core.package_identification:_identify(log) by extensions ['ignore', 'ignore_ament_install']
[0.629s] Level 1:colcon.colcon_core.package_identification:_identify(log) by extension 'ignore'
[0.629s] Level 1:colcon.colcon_core.package_identification:_identify(log) ignored
[0.629s] Level 1:colcon.colcon_core.package_identification:_identify(src) by extensions ['ignore', 'ignore_ament_install']
[0.629s] Level 1:colcon.colcon_core.package_identification:_identify(src) by extension 'ignore'
[0.629s] Level 1:colcon.colcon_core.package_identification:_identify(src) by extension 'ignore_ament_install'
[0.630s] Level 1:colcon.colcon_core.package_identification:_identify(src) by extensions ['colcon_pkg']
[0.630s] Level 1:colcon.colcon_core.package_identification:_identify(src) by extension 'colcon_pkg'
[0.630s] Level 1:colcon.colcon_core.package_identification:_identify(src) by extensions ['colcon_meta']
[0.630s] Level 1:colcon.colcon_core.package_identification:_identify(src) by extension 'colcon_meta'
[0.630s] Level 1:colcon.colcon_core.package_identification:_identify(src) by extensions ['ros']
[0.630s] Level 1:colcon.colcon_core.package_identification:_identify(src) by extension 'ros'
[0.630s] Level 1:colcon.colcon_core.package_identification:_identify(src) by extensions ['cmake', 'python']
[0.631s] Level 1:colcon.colcon_core.package_identification:_identify(src) by extension 'cmake'
[0.631s] Level 1:colcon.colcon_core.package_identification:_identify(src) by extension 'python'
[0.631s] Level 1:colcon.colcon_core.package_identification:_identify(src) by extensions ['python_setup_py']
[0.631s] Level 1:colcon.colcon_core.package_identification:_identify(src) by extension 'python_setup_py'
[0.631s] Level 1:colcon.colcon_core.package_identification:_identify(src/cspc_lidar_sdk_ros2) by extensions ['ignore', 'ignore_ament_install']
[0.632s] Level 1:colcon.colcon_core.package_identification:_identify(src/cspc_lidar_sdk_ros2) by extension 'ignore'
[0.632s] Level 1:colcon.colcon_core.package_identification:_identify(src/cspc_lidar_sdk_ros2) by extension 'ignore_ament_install'
[0.632s] Level 1:colcon.colcon_core.package_identification:_identify(src/cspc_lidar_sdk_ros2) by extensions ['colcon_pkg']
[0.632s] Level 1:colcon.colcon_core.package_identification:_identify(src/cspc_lidar_sdk_ros2) by extension 'colcon_pkg'
[0.632s] Level 1:colcon.colcon_core.package_identification:_identify(src/cspc_lidar_sdk_ros2) by extensions ['colcon_meta']
[0.633s] Level 1:colcon.colcon_core.package_identification:_identify(src/cspc_lidar_sdk_ros2) by extension 'colcon_meta'
[0.633s] Level 1:colcon.colcon_core.package_identification:_identify(src/cspc_lidar_sdk_ros2) by extensions ['ros']
[0.633s] Level 1:colcon.colcon_core.package_identification:_identify(src/cspc_lidar_sdk_ros2) by extension 'ros'
[0.640s] DEBUG:colcon.colcon_core.package_identification:Package 'src/cspc_lidar_sdk_ros2' with type 'ros.ament_cmake' and name 'cspc_lidar'
[0.640s] Level 1:colcon.colcon_core.package_identification:_identify(src/dog_udp_comm) by extensions ['ignore', 'ignore_ament_install']
[0.641s] Level 1:colcon.colcon_core.package_identification:_identify(src/dog_udp_comm) by extension 'ignore'
[0.641s] Level 1:colcon.colcon_core.package_identification:_identify(src/dog_udp_comm) by extension 'ignore_ament_install'
[0.641s] Level 1:colcon.colcon_core.package_identification:_identify(src/dog_udp_comm) by extensions ['colcon_pkg']
[0.641s] Level 1:colcon.colcon_core.package_identification:_identify(src/dog_udp_comm) by extension 'colcon_pkg'
[0.641s] Level 1:colcon.colcon_core.package_identification:_identify(src/dog_udp_comm) by extensions ['colcon_meta']
[0.641s] Level 1:colcon.colcon_core.package_identification:_identify(src/dog_udp_comm) by extension 'colcon_meta'
[0.642s] Level 1:colcon.colcon_core.package_identification:_identify(src/dog_udp_comm) by extensions ['ros']
[0.642s] Level 1:colcon.colcon_core.package_identification:_identify(src/dog_udp_comm) by extension 'ros'
[0.644s] DEBUG:colcon.colcon_core.package_identification:Package 'src/dog_udp_comm' with type 'ros.ament_cmake' and name 'dog_udp_comm'
[0.644s] Level 1:colcon.colcon_core.package_identification:_identify(user_command) by extensions ['ignore', 'ignore_ament_install']
[0.645s] Level 1:colcon.colcon_core.package_identification:_identify(user_command) by extension 'ignore'
[0.645s] Level 1:colcon.colcon_core.package_identification:_identify(user_command) by extension 'ignore_ament_install'
[0.645s] Level 1:colcon.colcon_core.package_identification:_identify(user_command) by extensions ['colcon_pkg']
[0.645s] Level 1:colcon.colcon_core.package_identification:_identify(user_command) by extension 'colcon_pkg'
[0.646s] Level 1:colcon.colcon_core.package_identification:_identify(user_command) by extensions ['colcon_meta']
[0.646s] Level 1:colcon.colcon_core.package_identification:_identify(user_command) by extension 'colcon_meta'
[0.646s] Level 1:colcon.colcon_core.package_identification:_identify(user_command) by extensions ['ros']
[0.646s] Level 1:colcon.colcon_core.package_identification:_identify(user_command) by extension 'ros'
[0.648s] DEBUG:colcon.colcon_core.package_identification:Package 'user_command' with type 'ros.ament_cmake' and name 'user_command'
[0.648s] Level 1:colcon.colcon_core.package_discovery:discover_packages(recursive) using defaults
[0.648s] Level 1:colcon.colcon_core.package_discovery:discover_packages(ignore) discover
[0.649s] Level 1:colcon.colcon_core.package_discovery:discover_packages(ignore) using defaults
[0.649s] Level 1:colcon.colcon_core.package_discovery:discover_packages(path) discover
[0.649s] Level 1:colcon.colcon_core.package_discovery:discover_packages(path) using defaults
[0.704s] INFO:colcon.colcon_core.package_selection:Skipping not selected package 'cspc_lidar' in 'src/cspc_lidar_sdk_ros2'
[0.704s] INFO:colcon.colcon_core.package_selection:Skipping not selected package 'user_command' in 'user_command'
[0.705s] Level 1:colcon.colcon_core.package_discovery:discover_packages(prefix_path) check parameters
[0.705s] Level 1:colcon.colcon_core.package_discovery:discover_packages(prefix_path) discover
[0.709s] DEBUG:colcon.colcon_installed_package_information.package_discovery:Found 1 installed packages in /root/ldlidar_ros2_ws/install
[0.712s] DEBUG:colcon.colcon_installed_package_information.package_discovery:Found 291 installed packages in /opt/ros/humble
[0.714s] Level 1:colcon.colcon_core.package_discovery:discover_packages(prefix_path) using defaults
[0.780s] Level 5:colcon.colcon_core.verb:set package 'dog_udp_comm' build argument 'cmake_args' from command line to 'None'
[0.780s] Level 5:colcon.colcon_core.verb:set package 'dog_udp_comm' build argument 'cmake_target' from command line to 'None'
[0.780s] Level 5:colcon.colcon_core.verb:set package 'dog_udp_comm' build argument 'cmake_target_skip_unavailable' from command line to 'False'
[0.780s] Level 5:colcon.colcon_core.verb:set package 'dog_udp_comm' build argument 'cmake_clean_cache' from command line to 'False'
[0.780s] Level 5:colcon.colcon_core.verb:set package 'dog_udp_comm' build argument 'cmake_clean_first' from command line to 'False'
[0.780s] Level 5:colcon.colcon_core.verb:set package 'dog_udp_comm' build argument 'cmake_force_configure' from command line to 'False'
[0.781s] Level 5:colcon.colcon_core.verb:set package 'dog_udp_comm' build argument 'ament_cmake_args' from command line to 'None'
[0.781s] Level 5:colcon.colcon_core.verb:set package 'dog_udp_comm' build argument 'catkin_cmake_args' from command line to 'None'
[0.781s] Level 5:colcon.colcon_core.verb:set package 'dog_udp_comm' build argument 'catkin_skip_building_tests' from command line to 'False'
[0.781s] DEBUG:colcon.colcon_core.verb:Building package 'dog_udp_comm' with the following arguments: {'ament_cmake_args': None, 'build_base': '/root/udp_ws/build/dog_udp_comm', 'catkin_cmake_args': None, 'catkin_skip_building_tests': False, 'cmake_args': None, 'cmake_clean_cache': False, 'cmake_clean_first': False, 'cmake_force_configure': False, 'cmake_target': None, 'cmake_target_skip_unavailable': False, 'install_base': '/root/udp_ws/install/dog_udp_comm', 'merge_install': False, 'path': '/root/udp_ws/src/dog_udp_comm', 'symlink_install': False, 'test_result_base': None}
[0.781s] INFO:colcon.colcon_core.executor:Executing jobs using 'parallel' executor
[0.783s] DEBUG:colcon.colcon_parallel_executor.executor.parallel:run_until_complete
[0.784s] INFO:colcon.colcon_ros.task.ament_cmake.build:Building ROS package in '/root/udp_ws/src/dog_udp_comm' with build type 'ament_cmake'
[0.784s] INFO:colcon.colcon_cmake.task.cmake.build:Building CMake package in '/root/udp_ws/src/dog_udp_comm'
[0.788s] INFO:colcon.colcon_core.plugin_system:Skipping extension 'colcon_core.shell.bat': Not used on non-Windows systems
[0.789s] INFO:colcon.colcon_core.shell:Skip shell extension 'powershell' for command environment: Not usable outside of PowerShell
[0.789s] DEBUG:colcon.colcon_core.shell:Skip shell extension 'dsv' for command environment
[0.804s] DEBUG:colcon.colcon_core.event_handler.log_command:Invoking command in '/root/udp_ws/build/dog_udp_comm': CMAKE_PREFIX_PATH=${CMAKE_PREFIX_PATH}:/opt/ros/humble /usr/bin/cmake --build /root/udp_ws/build/dog_udp_comm -- -j6 -l6
[19.845s] DEBUG:colcon.colcon_core.event_handler.log_command:Invoked command in '/root/udp_ws/build/dog_udp_comm' returned '0': CMAKE_PREFIX_PATH=${CMAKE_PREFIX_PATH}:/opt/ros/humble /usr/bin/cmake --build /root/udp_ws/build/dog_udp_comm -- -j6 -l6
[19.858s] DEBUG:colcon.colcon_core.event_handler.log_command:Invoking command in '/root/udp_ws/build/dog_udp_comm': CMAKE_PREFIX_PATH=${CMAKE_PREFIX_PATH}:/opt/ros/humble /usr/bin/cmake --install /root/udp_ws/build/dog_udp_comm
[19.887s] Level 1:colcon.colcon_core.environment:create_environment_scripts_only(dog_udp_comm)
[19.888s] DEBUG:colcon.colcon_core.event_handler.log_command:Invoked command in '/root/udp_ws/build/dog_udp_comm' returned '0': CMAKE_PREFIX_PATH=${CMAKE_PREFIX_PATH}:/opt/ros/humble /usr/bin/cmake --install /root/udp_ws/build/dog_udp_comm
[19.892s] Level 1:colcon.colcon_core.environment:checking '/root/udp_ws/install/dog_udp_comm' for CMake module files
[19.893s] Level 1:colcon.colcon_core.environment:checking '/root/udp_ws/install/dog_udp_comm' for CMake config files
[19.894s] Level 1:colcon.colcon_core.shell:create_environment_hook('dog_udp_comm', 'cmake_prefix_path')
[19.894s] INFO:colcon.colcon_core.shell:Creating environment hook '/root/udp_ws/install/dog_udp_comm/share/dog_udp_comm/hook/cmake_prefix_path.ps1'
[19.896s] INFO:colcon.colcon_core.shell:Creating environment descriptor '/root/udp_ws/install/dog_udp_comm/share/dog_udp_comm/hook/cmake_prefix_path.dsv'
[19.897s] INFO:colcon.colcon_core.shell:Creating environment hook '/root/udp_ws/install/dog_udp_comm/share/dog_udp_comm/hook/cmake_prefix_path.sh'
[19.898s] Level 1:colcon.colcon_core.environment:checking '/root/udp_ws/install/dog_udp_comm/lib'
[19.899s] Level 1:colcon.colcon_core.environment:checking '/root/udp_ws/install/dog_udp_comm/bin'
[19.899s] Level 1:colcon.colcon_core.environment:checking '/root/udp_ws/install/dog_udp_comm/lib/pkgconfig/dog_udp_comm.pc'
[19.899s] Level 1:colcon.colcon_core.environment:checking '/root/udp_ws/install/dog_udp_comm/lib/python3.10/site-packages'
[19.900s] Level 1:colcon.colcon_core.environment:checking '/root/udp_ws/install/dog_udp_comm/bin'
[19.901s] INFO:colcon.colcon_core.shell:Creating package script '/root/udp_ws/install/dog_udp_comm/share/dog_udp_comm/package.ps1'
[19.903s] INFO:colcon.colcon_core.shell:Creating package descriptor '/root/udp_ws/install/dog_udp_comm/share/dog_udp_comm/package.dsv'
[19.904s] INFO:colcon.colcon_core.shell:Creating package script '/root/udp_ws/install/dog_udp_comm/share/dog_udp_comm/package.sh'
[19.906s] INFO:colcon.colcon_core.shell:Creating package script '/root/udp_ws/install/dog_udp_comm/share/dog_udp_comm/package.bash'
[19.908s] INFO:colcon.colcon_core.shell:Creating package script '/root/udp_ws/install/dog_udp_comm/share/dog_udp_comm/package.zsh'
[19.910s] Level 1:colcon.colcon_core.environment:create_file_with_runtime_dependencies(/root/udp_ws/install/dog_udp_comm/share/colcon-core/packages/dog_udp_comm)
[19.911s] Level 1:colcon.colcon_core.environment:create_environment_scripts_only(dog_udp_comm)
[19.912s] Level 1:colcon.colcon_core.environment:checking '/root/udp_ws/install/dog_udp_comm' for CMake module files
[19.913s] Level 1:colcon.colcon_core.environment:checking '/root/udp_ws/install/dog_udp_comm' for CMake config files
[19.913s] Level 1:colcon.colcon_core.shell:create_environment_hook('dog_udp_comm', 'cmake_prefix_path')
[19.914s] INFO:colcon.colcon_core.shell:Creating environment hook '/root/udp_ws/install/dog_udp_comm/share/dog_udp_comm/hook/cmake_prefix_path.ps1'
[19.915s] INFO:colcon.colcon_core.shell:Creating environment descriptor '/root/udp_ws/install/dog_udp_comm/share/dog_udp_comm/hook/cmake_prefix_path.dsv'
[19.916s] INFO:colcon.colcon_core.shell:Creating environment hook '/root/udp_ws/install/dog_udp_comm/share/dog_udp_comm/hook/cmake_prefix_path.sh'
[19.917s] Level 1:colcon.colcon_core.environment:checking '/root/udp_ws/install/dog_udp_comm/lib'
[19.917s] Level 1:colcon.colcon_core.environment:checking '/root/udp_ws/install/dog_udp_comm/bin'
[19.918s] Level 1:colcon.colcon_core.environment:checking '/root/udp_ws/install/dog_udp_comm/lib/pkgconfig/dog_udp_comm.pc'
[19.918s] Level 1:colcon.colcon_core.environment:checking '/root/udp_ws/install/dog_udp_comm/lib/python3.10/site-packages'
[19.919s] Level 1:colcon.colcon_core.environment:checking '/root/udp_ws/install/dog_udp_comm/bin'
[19.919s] INFO:colcon.colcon_core.shell:Creating package script '/root/udp_ws/install/dog_udp_comm/share/dog_udp_comm/package.ps1'
[19.921s] INFO:colcon.colcon_core.shell:Creating package descriptor '/root/udp_ws/install/dog_udp_comm/share/dog_udp_comm/package.dsv'
[19.922s] INFO:colcon.colcon_core.shell:Creating package script '/root/udp_ws/install/dog_udp_comm/share/dog_udp_comm/package.sh'
[19.924s] INFO:colcon.colcon_core.shell:Creating package script '/root/udp_ws/install/dog_udp_comm/share/dog_udp_comm/package.bash'
[19.925s] INFO:colcon.colcon_core.shell:Creating package script '/root/udp_ws/install/dog_udp_comm/share/dog_udp_comm/package.zsh'
[19.926s] Level 1:colcon.colcon_core.environment:create_file_with_runtime_dependencies(/root/udp_ws/install/dog_udp_comm/share/colcon-core/packages/dog_udp_comm)
[19.926s] DEBUG:colcon.colcon_parallel_executor.executor.parallel:closing loop
[19.927s] DEBUG:colcon.colcon_parallel_executor.executor.parallel:loop closed
[19.927s] DEBUG:colcon.colcon_parallel_executor.executor.parallel:run_until_complete finished with '0'
[19.927s] DEBUG:colcon.colcon_core.event_reactor:joining thread
[19.929s] DEBUG:colcon.colcon_core.event_reactor:joined thread
[19.929s] INFO:colcon.colcon_core.shell:Creating prefix script '/root/udp_ws/install/local_setup.ps1'
[19.931s] INFO:colcon.colcon_core.shell:Creating prefix util module '/root/udp_ws/install/_local_setup_util_ps1.py'
[19.934s] INFO:colcon.colcon_core.shell:Creating prefix chain script '/root/udp_ws/install/setup.ps1'
[19.936s] INFO:colcon.colcon_core.shell:Creating prefix script '/root/udp_ws/install/local_setup.sh'
[19.937s] INFO:colcon.colcon_core.shell:Creating prefix util module '/root/udp_ws/install/_local_setup_util_sh.py'
[19.938s] INFO:colcon.colcon_core.shell:Creating prefix chain script '/root/udp_ws/install/setup.sh'
[19.941s] INFO:colcon.colcon_core.shell:Creating prefix script '/root/udp_ws/install/local_setup.bash'
[19.942s] INFO:colcon.colcon_core.shell:Creating prefix chain script '/root/udp_ws/install/setup.bash'
[19.944s] INFO:colcon.colcon_core.shell:Creating prefix script '/root/udp_ws/install/local_setup.zsh'
[19.945s] INFO:colcon.colcon_core.shell:Creating prefix chain script '/root/udp_ws/install/setup.zsh'
