[0.019s] Invoking command in '/home/talowe/host_udp_ws/build/dog_udp_comm': CMAKE_PREFIX_PATH=/opt/ros/humble CONDA_PROMPT_MODIFIER=(base) /usr/bin/cmake /home/talowe/host_udp_ws/src/dog_udp_comm -DPython3_EXECUTABLE=/usr/bin/python3 -DCMAKE_INSTALL_PREFIX=/home/talowe/host_udp_ws/install/dog_udp_comm
[0.425s] -- The C compiler identification is GNU 11.4.0
[2.188s] -- The CXX compiler identification is GNU 11.4.0
[3.158s] -- Detecting C compiler ABI info
[4.751s] -- Detecting C compiler ABI info - done
[4.792s] -- Check for working C compiler: /usr/bin/cc - skipped
[4.793s] -- Detecting C compile features
[4.796s] -- Detecting C compile features - done
[4.815s] -- Detecting CXX compiler ABI info
[4.998s] -- Detecting CXX compiler ABI info - done
[5.038s] -- Check for working CXX compiler: /usr/bin/c++ - skipped
[5.039s] -- Detecting CXX compile features
[5.041s] -- Detecting CXX compile features - done
[5.051s] -- Found ament_cmake: 1.3.14 (/opt/ros/humble/share/ament_cmake/cmake)
[5.303s] -- Found Python3: /usr/bin/python3 (found version "3.10.12") found components: Interpreter 
[5.479s] -- Found rclcpp: 16.0.19 (/opt/ros/humble/share/rclcpp/cmake)
[5.532s] -- Found rosidl_generator_c: 3.1.8 (/opt/ros/humble/share/rosidl_generator_c/cmake)
[5.538s] -- Found rosidl_adapter: 3.1.8 (/opt/ros/humble/share/rosidl_adapter/cmake)
[5.551s] -- Found rosidl_generator_cpp: 3.1.8 (/opt/ros/humble/share/rosidl_generator_cpp/cmake)
[5.570s] -- Using all available rosidl_typesupport_c: rosidl_typesupport_fastrtps_c;rosidl_typesupport_introspection_c
[5.595s] -- Using all available rosidl_typesupport_cpp: rosidl_typesupport_fastrtps_cpp;rosidl_typesupport_introspection_cpp
[5.652s] -- Found rmw_implementation_cmake: 6.1.2 (/opt/ros/humble/share/rmw_implementation_cmake/cmake)
[5.655s] -- Found rmw_fastrtps_cpp: 6.2.10 (/opt/ros/humble/share/rmw_fastrtps_cpp/cmake)
[5.816s] -- Found OpenSSL: /usr/lib/aarch64-linux-gnu/libcrypto.so (found version "3.0.2")  
[5.844s] -- Found FastRTPS: /opt/ros/humble/include  
[5.904s] -- Using RMW implementation 'rmw_fastrtps_cpp' as default
[5.916s] -- Looking for pthread.h
[6.137s] -- Looking for pthread.h - found
[6.138s] -- Performing Test CMAKE_HAVE_LIBC_PTHREAD
[6.313s] -- Performing Test CMAKE_HAVE_LIBC_PTHREAD - Success
[6.320s] -- Found Threads: TRUE  
[6.432s] -- Found rclpy: 3.3.21 (/opt/ros/humble/share/rclpy/cmake)
[6.433s] -- Found geometry_msgs: 4.9.1 (/opt/ros/humble/share/geometry_msgs/cmake)
[6.455s] -- Found sensor_msgs: 4.9.1 (/opt/ros/humble/share/sensor_msgs/cmake)
[6.487s] -- Found std_srvs: 4.9.1 (/opt/ros/humble/share/std_srvs/cmake)
[6.614s] -- Configuring done
[6.629s] -- Generating done
[6.636s] -- Build files have been written to: /home/talowe/host_udp_ws/build/dog_udp_comm
[6.661s] Invoked command in '/home/talowe/host_udp_ws/build/dog_udp_comm' returned '0': CMAKE_PREFIX_PATH=/opt/ros/humble CONDA_PROMPT_MODIFIER=(base) /usr/bin/cmake /home/talowe/host_udp_ws/src/dog_udp_comm -DPython3_EXECUTABLE=/usr/bin/python3 -DCMAKE_INSTALL_PREFIX=/home/talowe/host_udp_ws/install/dog_udp_comm
[6.669s] Invoking command in '/home/talowe/host_udp_ws/build/dog_udp_comm': CMAKE_PREFIX_PATH=/opt/ros/humble CONDA_PROMPT_MODIFIER=(base) /usr/bin/cmake --build /home/talowe/host_udp_ws/build/dog_udp_comm -- -j8 -l8
[6.776s] Consolidate compiler generated dependencies of target sender_node
[6.812s] [ 50%] Linking CXX executable sender_node
[7.924s] [100%] Built target sender_node
[7.965s] Invoked command in '/home/talowe/host_udp_ws/build/dog_udp_comm' returned '0': CMAKE_PREFIX_PATH=/opt/ros/humble CONDA_PROMPT_MODIFIER=(base) /usr/bin/cmake --build /home/talowe/host_udp_ws/build/dog_udp_comm -- -j8 -l8
[8.004s] Invoking command in '/home/talowe/host_udp_ws/build/dog_udp_comm': CMAKE_PREFIX_PATH=/opt/ros/humble CONDA_PROMPT_MODIFIER=(base) /usr/bin/cmake --install /home/talowe/host_udp_ws/build/dog_udp_comm
[8.020s] -- Install configuration: ""
[8.021s] -- Up-to-date: /home/talowe/host_udp_ws/install/dog_udp_comm/share/dog_udp_comm/launch
[8.022s] -- Installing: /home/talowe/host_udp_ws/install/dog_udp_comm/share/dog_udp_comm/package.dsv
[8.029s] Invoked command in '/home/talowe/host_udp_ws/build/dog_udp_comm' returned '0': CMAKE_PREFIX_PATH=/opt/ros/humble CONDA_PROMPT_MODIFIER=(base) /usr/bin/cmake --install /home/talowe/host_udp_ws/build/dog_udp_comm
