[0.272s] DEBUG:colcon:Command line arguments: ['/usr/bin/colcon', 'build', '--packages-select', 'dog_udp_comm']
[0.272s] DEBUG:colcon:Parsed command line arguments: Namespace(log_base=None, log_level=None, verb_name='build', build_base='build', install_base='install', merge_install=False, symlink_install=False, test_result_base=None, continue_on_error=False, executor='parallel', parallel_workers=8, event_handlers=None, ignore_user_meta=False, metas=['./colcon.meta'], base_paths=['.'], packages_ignore=None, packages_ignore_regex=None, paths=None, packages_up_to=None, packages_up_to_regex=None, packages_above=None, packages_above_and_dependencies=None, packages_above_depth=None, packages_select_by_dep=None, packages_skip_by_dep=None, packages_skip_up_to=None, packages_select_build_failed=False, packages_skip_build_finished=False, packages_select_test_failures=False, packages_skip_test_passed=False, packages_select=['dog_udp_comm'], packages_skip=None, packages_select_regex=None, packages_skip_regex=None, packages_start=None, packages_end=None, allow_overriding=[], cmake_args=None, cmake_target=None, cmake_target_skip_unavailable=False, cmake_clean_cache=False, cmake_clean_first=False, cmake_force_configure=False, ament_cmake_args=None, catkin_cmake_args=None, catkin_skip_building_tests=False, verb_parser=<colcon_defaults.argument_parser.defaults.DefaultArgumentsDecorator object at 0x7f8c0ca080>, verb_extension=<colcon_core.verb.build.BuildVerb object at 0x7f8c1d7550>, main=<bound method BuildVerb.main of <colcon_core.verb.build.BuildVerb object at 0x7f8c1d7550>>)
[0.665s] Level 1:colcon.colcon_core.package_discovery:discover_packages(colcon_meta) check parameters
[0.666s] Level 1:colcon.colcon_core.package_discovery:discover_packages(recursive) check parameters
[0.666s] Level 1:colcon.colcon_core.package_discovery:discover_packages(ignore) check parameters
[0.666s] Level 1:colcon.colcon_core.package_discovery:discover_packages(path) check parameters
[0.666s] Level 1:colcon.colcon_core.package_discovery:discover_packages(colcon_meta) discover
[0.666s] Level 1:colcon.colcon_core.package_discovery:discover_packages(recursive) discover
[0.666s] INFO:colcon.colcon_core.package_discovery:Crawling recursively for packages in '/home/talowe/host_udp_ws'
[0.666s] Level 1:colcon.colcon_core.package_identification:_identify(.) by extensions ['ignore', 'ignore_ament_install']
[0.666s] Level 1:colcon.colcon_core.package_identification:_identify(.) by extension 'ignore'
[0.666s] Level 1:colcon.colcon_core.package_identification:_identify(.) by extension 'ignore_ament_install'
[0.667s] Level 1:colcon.colcon_core.package_identification:_identify(.) by extensions ['colcon_pkg']
[0.667s] Level 1:colcon.colcon_core.package_identification:_identify(.) by extension 'colcon_pkg'
[0.667s] Level 1:colcon.colcon_core.package_identification:_identify(.) by extensions ['colcon_meta']
[0.667s] Level 1:colcon.colcon_core.package_identification:_identify(.) by extension 'colcon_meta'
[0.667s] Level 1:colcon.colcon_core.package_identification:_identify(.) by extensions ['ros']
[0.667s] Level 1:colcon.colcon_core.package_identification:_identify(.) by extension 'ros'
[0.699s] Level 1:colcon.colcon_core.package_identification:_identify(.) by extensions ['cmake', 'python']
[0.699s] Level 1:colcon.colcon_core.package_identification:_identify(.) by extension 'cmake'
[0.699s] Level 1:colcon.colcon_core.package_identification:_identify(.) by extension 'python'
[0.700s] Level 1:colcon.colcon_core.package_identification:_identify(.) by extensions ['python_setup_py']
[0.700s] Level 1:colcon.colcon_core.package_identification:_identify(.) by extension 'python_setup_py'
[0.700s] Level 1:colcon.colcon_core.package_identification:_identify(build) by extensions ['ignore', 'ignore_ament_install']
[0.700s] Level 1:colcon.colcon_core.package_identification:_identify(build) by extension 'ignore'
[0.700s] Level 1:colcon.colcon_core.package_identification:_identify(build) ignored
[0.700s] Level 1:colcon.colcon_core.package_identification:_identify(install) by extensions ['ignore', 'ignore_ament_install']
[0.701s] Level 1:colcon.colcon_core.package_identification:_identify(install) by extension 'ignore'
[0.701s] Level 1:colcon.colcon_core.package_identification:_identify(install) ignored
[0.701s] Level 1:colcon.colcon_core.package_identification:_identify(log) by extensions ['ignore', 'ignore_ament_install']
[0.701s] Level 1:colcon.colcon_core.package_identification:_identify(log) by extension 'ignore'
[0.701s] Level 1:colcon.colcon_core.package_identification:_identify(log) ignored
[0.701s] Level 1:colcon.colcon_core.package_identification:_identify(src) by extensions ['ignore', 'ignore_ament_install']
[0.701s] Level 1:colcon.colcon_core.package_identification:_identify(src) by extension 'ignore'
[0.701s] Level 1:colcon.colcon_core.package_identification:_identify(src) by extension 'ignore_ament_install'
[0.701s] Level 1:colcon.colcon_core.package_identification:_identify(src) by extensions ['colcon_pkg']
[0.701s] Level 1:colcon.colcon_core.package_identification:_identify(src) by extension 'colcon_pkg'
[0.702s] Level 1:colcon.colcon_core.package_identification:_identify(src) by extensions ['colcon_meta']
[0.702s] Level 1:colcon.colcon_core.package_identification:_identify(src) by extension 'colcon_meta'
[0.702s] Level 1:colcon.colcon_core.package_identification:_identify(src) by extensions ['ros']
[0.702s] Level 1:colcon.colcon_core.package_identification:_identify(src) by extension 'ros'
[0.702s] Level 1:colcon.colcon_core.package_identification:_identify(src) by extensions ['cmake', 'python']
[0.702s] Level 1:colcon.colcon_core.package_identification:_identify(src) by extension 'cmake'
[0.702s] Level 1:colcon.colcon_core.package_identification:_identify(src) by extension 'python'
[0.702s] Level 1:colcon.colcon_core.package_identification:_identify(src) by extensions ['python_setup_py']
[0.702s] Level 1:colcon.colcon_core.package_identification:_identify(src) by extension 'python_setup_py'
[0.702s] Level 1:colcon.colcon_core.package_identification:_identify(src/cspc_lidar_sdk_ros2) by extensions ['ignore', 'ignore_ament_install']
[0.702s] Level 1:colcon.colcon_core.package_identification:_identify(src/cspc_lidar_sdk_ros2) by extension 'ignore'
[0.702s] Level 1:colcon.colcon_core.package_identification:_identify(src/cspc_lidar_sdk_ros2) by extension 'ignore_ament_install'
[0.703s] Level 1:colcon.colcon_core.package_identification:_identify(src/cspc_lidar_sdk_ros2) by extensions ['colcon_pkg']
[0.703s] Level 1:colcon.colcon_core.package_identification:_identify(src/cspc_lidar_sdk_ros2) by extension 'colcon_pkg'
[0.703s] Level 1:colcon.colcon_core.package_identification:_identify(src/cspc_lidar_sdk_ros2) by extensions ['colcon_meta']
[0.703s] Level 1:colcon.colcon_core.package_identification:_identify(src/cspc_lidar_sdk_ros2) by extension 'colcon_meta'
[0.703s] Level 1:colcon.colcon_core.package_identification:_identify(src/cspc_lidar_sdk_ros2) by extensions ['ros']
[0.703s] Level 1:colcon.colcon_core.package_identification:_identify(src/cspc_lidar_sdk_ros2) by extension 'ros'
[0.711s] DEBUG:colcon.colcon_core.package_identification:Package 'src/cspc_lidar_sdk_ros2' with type 'ros.ament_cmake' and name 'cspc_lidar'
[0.711s] Level 1:colcon.colcon_core.package_identification:_identify(src/dog_udp_comm) by extensions ['ignore', 'ignore_ament_install']
[0.711s] Level 1:colcon.colcon_core.package_identification:_identify(src/dog_udp_comm) by extension 'ignore'
[0.712s] Level 1:colcon.colcon_core.package_identification:_identify(src/dog_udp_comm) by extension 'ignore_ament_install'
[0.712s] Level 1:colcon.colcon_core.package_identification:_identify(src/dog_udp_comm) by extensions ['colcon_pkg']
[0.712s] Level 1:colcon.colcon_core.package_identification:_identify(src/dog_udp_comm) by extension 'colcon_pkg'
[0.712s] Level 1:colcon.colcon_core.package_identification:_identify(src/dog_udp_comm) by extensions ['colcon_meta']
[0.712s] Level 1:colcon.colcon_core.package_identification:_identify(src/dog_udp_comm) by extension 'colcon_meta'
[0.712s] Level 1:colcon.colcon_core.package_identification:_identify(src/dog_udp_comm) by extensions ['ros']
[0.712s] Level 1:colcon.colcon_core.package_identification:_identify(src/dog_udp_comm) by extension 'ros'
[0.714s] DEBUG:colcon.colcon_core.package_identification:Package 'src/dog_udp_comm' with type 'ros.ament_cmake' and name 'dog_udp_comm'
[0.714s] Level 1:colcon.colcon_core.package_discovery:discover_packages(recursive) using defaults
[0.714s] Level 1:colcon.colcon_core.package_discovery:discover_packages(ignore) discover
[0.714s] Level 1:colcon.colcon_core.package_discovery:discover_packages(ignore) using defaults
[0.715s] Level 1:colcon.colcon_core.package_discovery:discover_packages(path) discover
[0.715s] Level 1:colcon.colcon_core.package_discovery:discover_packages(path) using defaults
[0.768s] INFO:colcon.colcon_core.package_selection:Skipping not selected package 'cspc_lidar' in 'src/cspc_lidar_sdk_ros2'
[0.770s] Level 1:colcon.colcon_core.package_discovery:discover_packages(prefix_path) check parameters
[0.770s] Level 1:colcon.colcon_core.package_discovery:discover_packages(prefix_path) discover
[0.776s] DEBUG:colcon.colcon_installed_package_information.package_discovery:Found 187 installed packages in /opt/ros/humble
[0.778s] Level 1:colcon.colcon_core.package_discovery:discover_packages(prefix_path) using defaults
[0.821s] Level 5:colcon.colcon_core.verb:set package 'dog_udp_comm' build argument 'cmake_args' from command line to 'None'
[0.821s] Level 5:colcon.colcon_core.verb:set package 'dog_udp_comm' build argument 'cmake_target' from command line to 'None'
[0.821s] Level 5:colcon.colcon_core.verb:set package 'dog_udp_comm' build argument 'cmake_target_skip_unavailable' from command line to 'False'
[0.821s] Level 5:colcon.colcon_core.verb:set package 'dog_udp_comm' build argument 'cmake_clean_cache' from command line to 'False'
[0.821s] Level 5:colcon.colcon_core.verb:set package 'dog_udp_comm' build argument 'cmake_clean_first' from command line to 'False'
[0.821s] Level 5:colcon.colcon_core.verb:set package 'dog_udp_comm' build argument 'cmake_force_configure' from command line to 'False'
[0.821s] Level 5:colcon.colcon_core.verb:set package 'dog_udp_comm' build argument 'ament_cmake_args' from command line to 'None'
[0.821s] Level 5:colcon.colcon_core.verb:set package 'dog_udp_comm' build argument 'catkin_cmake_args' from command line to 'None'
[0.821s] Level 5:colcon.colcon_core.verb:set package 'dog_udp_comm' build argument 'catkin_skip_building_tests' from command line to 'False'
[0.821s] DEBUG:colcon.colcon_core.verb:Building package 'dog_udp_comm' with the following arguments: {'ament_cmake_args': None, 'build_base': '/home/talowe/host_udp_ws/build/dog_udp_comm', 'catkin_cmake_args': None, 'catkin_skip_building_tests': False, 'cmake_args': None, 'cmake_clean_cache': False, 'cmake_clean_first': False, 'cmake_force_configure': False, 'cmake_target': None, 'cmake_target_skip_unavailable': False, 'install_base': '/home/talowe/host_udp_ws/install/dog_udp_comm', 'merge_install': False, 'path': '/home/talowe/host_udp_ws/src/dog_udp_comm', 'symlink_install': False, 'test_result_base': None}
[0.822s] INFO:colcon.colcon_core.executor:Executing jobs using 'parallel' executor
[0.824s] DEBUG:colcon.colcon_parallel_executor.executor.parallel:run_until_complete
[0.824s] INFO:colcon.colcon_ros.task.ament_cmake.build:Building ROS package in '/home/talowe/host_udp_ws/src/dog_udp_comm' with build type 'ament_cmake'
[0.824s] INFO:colcon.colcon_cmake.task.cmake.build:Building CMake package in '/home/talowe/host_udp_ws/src/dog_udp_comm'
[0.835s] INFO:colcon.colcon_core.plugin_system:Skipping extension 'colcon_core.shell.bat': Not used on non-Windows systems
[0.835s] INFO:colcon.colcon_core.shell:Skip shell extension 'powershell' for command environment: Not usable outside of PowerShell
[0.835s] DEBUG:colcon.colcon_core.shell:Skip shell extension 'dsv' for command environment
[0.886s] DEBUG:colcon.colcon_core.event_handler.log_command:Invoking command in '/home/talowe/host_udp_ws/build/dog_udp_comm': CMAKE_PREFIX_PATH=/opt/ros/humble CONDA_PROMPT_MODIFIER=(base) /usr/bin/cmake /home/talowe/host_udp_ws/src/dog_udp_comm -DCMAKE_INSTALL_PREFIX=/home/talowe/host_udp_ws/install/dog_udp_comm
[2.528s] DEBUG:colcon.colcon_core.event_handler.log_command:Invoked command in '/home/talowe/host_udp_ws/build/dog_udp_comm' returned '0': CMAKE_PREFIX_PATH=/opt/ros/humble CONDA_PROMPT_MODIFIER=(base) /usr/bin/cmake /home/talowe/host_udp_ws/src/dog_udp_comm -DCMAKE_INSTALL_PREFIX=/home/talowe/host_udp_ws/install/dog_udp_comm
[2.537s] DEBUG:colcon.colcon_core.event_handler.log_command:Invoking command in '/home/talowe/host_udp_ws/build/dog_udp_comm': CMAKE_PREFIX_PATH=/opt/ros/humble CONDA_PROMPT_MODIFIER=(base) /usr/bin/cmake --build /home/talowe/host_udp_ws/build/dog_udp_comm -- -j8 -l8
[20.998s] DEBUG:colcon.colcon_core.event_handler.log_command:Invoked command in '/home/talowe/host_udp_ws/build/dog_udp_comm' returned '0': CMAKE_PREFIX_PATH=/opt/ros/humble CONDA_PROMPT_MODIFIER=(base) /usr/bin/cmake --build /home/talowe/host_udp_ws/build/dog_udp_comm -- -j8 -l8
[21.020s] DEBUG:colcon.colcon_core.event_handler.log_command:Invoking command in '/home/talowe/host_udp_ws/build/dog_udp_comm': CMAKE_PREFIX_PATH=/opt/ros/humble CONDA_PROMPT_MODIFIER=(base) /usr/bin/cmake --install /home/talowe/host_udp_ws/build/dog_udp_comm
[21.063s] Level 1:colcon.colcon_core.environment:create_environment_scripts_only(dog_udp_comm)
[21.066s] DEBUG:colcon.colcon_core.event_handler.log_command:Invoked command in '/home/talowe/host_udp_ws/build/dog_udp_comm' returned '0': CMAKE_PREFIX_PATH=/opt/ros/humble CONDA_PROMPT_MODIFIER=(base) /usr/bin/cmake --install /home/talowe/host_udp_ws/build/dog_udp_comm
[21.086s] Level 1:colcon.colcon_core.environment:checking '/home/talowe/host_udp_ws/install/dog_udp_comm' for CMake module files
[21.090s] Level 1:colcon.colcon_core.environment:checking '/home/talowe/host_udp_ws/install/dog_udp_comm' for CMake config files
[21.091s] Level 1:colcon.colcon_core.shell:create_environment_hook('dog_udp_comm', 'cmake_prefix_path')
[21.093s] INFO:colcon.colcon_core.shell:Creating environment hook '/home/talowe/host_udp_ws/install/dog_udp_comm/share/dog_udp_comm/hook/cmake_prefix_path.ps1'
[21.097s] INFO:colcon.colcon_core.shell:Creating environment descriptor '/home/talowe/host_udp_ws/install/dog_udp_comm/share/dog_udp_comm/hook/cmake_prefix_path.dsv'
[21.101s] INFO:colcon.colcon_core.shell:Creating environment hook '/home/talowe/host_udp_ws/install/dog_udp_comm/share/dog_udp_comm/hook/cmake_prefix_path.sh'
[21.107s] Level 1:colcon.colcon_core.environment:checking '/home/talowe/host_udp_ws/install/dog_udp_comm/lib'
[21.108s] Level 1:colcon.colcon_core.environment:checking '/home/talowe/host_udp_ws/install/dog_udp_comm/bin'
[21.108s] Level 1:colcon.colcon_core.environment:checking '/home/talowe/host_udp_ws/install/dog_udp_comm/lib/pkgconfig/dog_udp_comm.pc'
[21.109s] Level 1:colcon.colcon_core.environment:checking '/home/talowe/host_udp_ws/install/dog_udp_comm/lib/python3.10/site-packages'
[21.112s] Level 1:colcon.colcon_core.environment:checking '/home/talowe/host_udp_ws/install/dog_udp_comm/bin'
[21.114s] INFO:colcon.colcon_core.shell:Creating package script '/home/talowe/host_udp_ws/install/dog_udp_comm/share/dog_udp_comm/package.ps1'
[21.121s] INFO:colcon.colcon_core.shell:Creating package descriptor '/home/talowe/host_udp_ws/install/dog_udp_comm/share/dog_udp_comm/package.dsv'
[21.125s] INFO:colcon.colcon_core.shell:Creating package script '/home/talowe/host_udp_ws/install/dog_udp_comm/share/dog_udp_comm/package.sh'
[21.129s] INFO:colcon.colcon_core.shell:Creating package script '/home/talowe/host_udp_ws/install/dog_udp_comm/share/dog_udp_comm/package.bash'
[21.135s] INFO:colcon.colcon_core.shell:Creating package script '/home/talowe/host_udp_ws/install/dog_udp_comm/share/dog_udp_comm/package.zsh'
[21.140s] Level 1:colcon.colcon_core.environment:create_file_with_runtime_dependencies(/home/talowe/host_udp_ws/install/dog_udp_comm/share/colcon-core/packages/dog_udp_comm)
[21.143s] Level 1:colcon.colcon_core.environment:create_environment_scripts_only(dog_udp_comm)
[21.144s] Level 1:colcon.colcon_core.environment:checking '/home/talowe/host_udp_ws/install/dog_udp_comm' for CMake module files
[21.147s] Level 1:colcon.colcon_core.environment:checking '/home/talowe/host_udp_ws/install/dog_udp_comm' for CMake config files
[21.149s] Level 1:colcon.colcon_core.shell:create_environment_hook('dog_udp_comm', 'cmake_prefix_path')
[21.150s] INFO:colcon.colcon_core.shell:Creating environment hook '/home/talowe/host_udp_ws/install/dog_udp_comm/share/dog_udp_comm/hook/cmake_prefix_path.ps1'
[21.151s] INFO:colcon.colcon_core.shell:Creating environment descriptor '/home/talowe/host_udp_ws/install/dog_udp_comm/share/dog_udp_comm/hook/cmake_prefix_path.dsv'
[21.153s] INFO:colcon.colcon_core.shell:Creating environment hook '/home/talowe/host_udp_ws/install/dog_udp_comm/share/dog_udp_comm/hook/cmake_prefix_path.sh'
[21.155s] Level 1:colcon.colcon_core.environment:checking '/home/talowe/host_udp_ws/install/dog_udp_comm/lib'
[21.156s] Level 1:colcon.colcon_core.environment:checking '/home/talowe/host_udp_ws/install/dog_udp_comm/bin'
[21.156s] Level 1:colcon.colcon_core.environment:checking '/home/talowe/host_udp_ws/install/dog_udp_comm/lib/pkgconfig/dog_udp_comm.pc'
[21.157s] Level 1:colcon.colcon_core.environment:checking '/home/talowe/host_udp_ws/install/dog_udp_comm/lib/python3.10/site-packages'
[21.159s] Level 1:colcon.colcon_core.environment:checking '/home/talowe/host_udp_ws/install/dog_udp_comm/bin'
[21.160s] INFO:colcon.colcon_core.shell:Creating package script '/home/talowe/host_udp_ws/install/dog_udp_comm/share/dog_udp_comm/package.ps1'
[21.161s] INFO:colcon.colcon_core.shell:Creating package descriptor '/home/talowe/host_udp_ws/install/dog_udp_comm/share/dog_udp_comm/package.dsv'
[21.162s] INFO:colcon.colcon_core.shell:Creating package script '/home/talowe/host_udp_ws/install/dog_udp_comm/share/dog_udp_comm/package.sh'
[21.162s] INFO:colcon.colcon_core.shell:Creating package script '/home/talowe/host_udp_ws/install/dog_udp_comm/share/dog_udp_comm/package.bash'
[21.163s] INFO:colcon.colcon_core.shell:Creating package script '/home/talowe/host_udp_ws/install/dog_udp_comm/share/dog_udp_comm/package.zsh'
[21.164s] Level 1:colcon.colcon_core.environment:create_file_with_runtime_dependencies(/home/talowe/host_udp_ws/install/dog_udp_comm/share/colcon-core/packages/dog_udp_comm)
[21.165s] DEBUG:colcon.colcon_parallel_executor.executor.parallel:closing loop
[21.166s] DEBUG:colcon.colcon_parallel_executor.executor.parallel:loop closed
[21.166s] DEBUG:colcon.colcon_parallel_executor.executor.parallel:run_until_complete finished with '0'
[21.166s] DEBUG:colcon.colcon_core.event_reactor:joining thread
[21.167s] DEBUG:colcon.colcon_core.event_reactor:joined thread
[21.168s] INFO:colcon.colcon_core.shell:Creating prefix script '/home/talowe/host_udp_ws/install/local_setup.ps1'
[21.170s] INFO:colcon.colcon_core.shell:Creating prefix util module '/home/talowe/host_udp_ws/install/_local_setup_util_ps1.py'
[21.174s] INFO:colcon.colcon_core.shell:Creating prefix chain script '/home/talowe/host_udp_ws/install/setup.ps1'
[21.176s] INFO:colcon.colcon_core.shell:Creating prefix script '/home/talowe/host_udp_ws/install/local_setup.sh'
[21.178s] INFO:colcon.colcon_core.shell:Creating prefix util module '/home/talowe/host_udp_ws/install/_local_setup_util_sh.py'
[21.179s] INFO:colcon.colcon_core.shell:Creating prefix chain script '/home/talowe/host_udp_ws/install/setup.sh'
[21.181s] INFO:colcon.colcon_core.shell:Creating prefix script '/home/talowe/host_udp_ws/install/local_setup.bash'
[21.183s] INFO:colcon.colcon_core.shell:Creating prefix chain script '/home/talowe/host_udp_ws/install/setup.bash'
[21.185s] INFO:colcon.colcon_core.shell:Creating prefix script '/home/talowe/host_udp_ws/install/local_setup.zsh'
[21.186s] INFO:colcon.colcon_core.shell:Creating prefix chain script '/home/talowe/host_udp_ws/install/setup.zsh'
