[0.024s] Invoking command in '/root/udp_ws/build/dog_udp_comm': CMAKE_PREFIX_PATH=${CMAKE_PREFIX_PATH}:/opt/tros/humble:/opt/ros/humble /usr/bin/cmake /root/udp_ws/src/dog_udp_comm -DCMAKE_INSTALL_PREFIX=/root/udp_ws/install/dog_udp_comm
[0.078s] -- Found ament_cmake: 1.3.12 (/opt/ros/humble/share/ament_cmake/cmake)
[0.325s] -- Override CMake install command with custom implementation using symlinks instead of copying resources
[0.352s] -- Found rclcpp: 16.0.15 (/opt/ros/humble/share/rclcpp/cmake)
[0.416s] -- Found rosidl_generator_c: 3.1.7 (/opt/ros/humble/share/rosidl_generator_c/cmake)
[0.422s] -- Found rosidl_adapter: 3.1.7 (/opt/ros/humble/share/rosidl_adapter/cmake)
[0.436s] -- Found rosidl_generator_cpp: 3.1.7 (/opt/ros/humble/share/rosidl_generator_cpp/cmake)
[0.458s] -- Using all available rosidl_typesupport_c: rosidl_typesupport_fastrtps_c;rosidl_typesupport_introspection_c
[0.485s] -- Using all available rosidl_typesupport_cpp: rosidl_typesupport_fastrtps_cpp;rosidl_typesupport_introspection_cpp
[0.562s] -- Found rmw_implementation_cmake: 6.1.2 (/opt/ros/humble/share/rmw_implementation_cmake/cmake)
[0.567s] -- Found rmw_fastrtps_cpp: 6.2.9 (/opt/ros/humble/share/rmw_fastrtps_cpp/cmake)
[0.722s] -- Using RMW implementation 'rmw_fastrtps_cpp' as default
[0.838s] -- Found rclpy: 3.3.17 (/opt/ros/humble/share/rclpy/cmake)
[0.839s] -- Found geometry_msgs: 4.9.0 (/opt/ros/humble/share/geometry_msgs/cmake)
[0.868s] -- Found std_srvs: 4.9.0 (/opt/ros/humble/share/std_srvs/cmake)
[1.071s] -- Configuring done
[1.102s] -- Generating done
[1.109s] -- Build files have been written to: /root/udp_ws/build/dog_udp_comm
[1.122s] Invoked command in '/root/udp_ws/build/dog_udp_comm' returned '0': CMAKE_PREFIX_PATH=${CMAKE_PREFIX_PATH}:/opt/tros/humble:/opt/ros/humble /usr/bin/cmake /root/udp_ws/src/dog_udp_comm -DCMAKE_INSTALL_PREFIX=/root/udp_ws/install/dog_udp_comm
[1.125s] Invoking command in '/root/udp_ws/build/dog_udp_comm': CMAKE_PREFIX_PATH=${CMAKE_PREFIX_PATH}:/opt/tros/humble:/opt/ros/humble /usr/bin/cmake --build /root/udp_ws/build/dog_udp_comm -- -j6 -l6
[1.180s] [35m[1mConsolidate compiler generated dependencies of target sender_node[0m
[1.235s] [100%] Built target sender_node
[1.249s] Invoked command in '/root/udp_ws/build/dog_udp_comm' returned '0': CMAKE_PREFIX_PATH=${CMAKE_PREFIX_PATH}:/opt/tros/humble:/opt/ros/humble /usr/bin/cmake --build /root/udp_ws/build/dog_udp_comm -- -j6 -l6
[1.262s] Invoking command in '/root/udp_ws/build/dog_udp_comm': CMAKE_PREFIX_PATH=${CMAKE_PREFIX_PATH}:/opt/tros/humble:/opt/ros/humble /usr/bin/cmake --install /root/udp_ws/build/dog_udp_comm
[1.272s] -- Install configuration: ""
[1.273s] -- Execute custom install script
[1.273s] -- Up-to-date symlink: /root/udp_ws/install/dog_udp_comm/lib/dog_udp_comm/sender_node
[1.274s] -- Up-to-date symlink: /root/udp_ws/install/dog_udp_comm/lib/dog_udp_comm/keyboard_teleop.py
[1.274s] -- Up-to-date symlink: /root/udp_ws/install/dog_udp_comm/share/dog_udp_comm/launch/sender_launch.py
[1.274s] -- Up-to-date symlink: /root/udp_ws/install/dog_udp_comm/share/ament_index/resource_index/package_run_dependencies/dog_udp_comm
[1.275s] -- Up-to-date symlink: /root/udp_ws/install/dog_udp_comm/share/ament_index/resource_index/parent_prefix_path/dog_udp_comm
[1.275s] -- Up-to-date symlink: /root/udp_ws/install/dog_udp_comm/share/dog_udp_comm/environment/ament_prefix_path.sh
[1.275s] -- Up-to-date symlink: /root/udp_ws/install/dog_udp_comm/share/dog_udp_comm/environment/ament_prefix_path.dsv
[1.276s] -- Up-to-date symlink: /root/udp_ws/install/dog_udp_comm/share/dog_udp_comm/environment/path.sh
[1.276s] -- Up-to-date symlink: /root/udp_ws/install/dog_udp_comm/share/dog_udp_comm/environment/path.dsv
[1.276s] -- Up-to-date symlink: /root/udp_ws/install/dog_udp_comm/share/dog_udp_comm/local_setup.bash
[1.276s] -- Up-to-date symlink: /root/udp_ws/install/dog_udp_comm/share/dog_udp_comm/local_setup.sh
[1.276s] -- Up-to-date symlink: /root/udp_ws/install/dog_udp_comm/share/dog_udp_comm/local_setup.zsh
[1.277s] -- Up-to-date symlink: /root/udp_ws/install/dog_udp_comm/share/dog_udp_comm/local_setup.dsv
[1.277s] -- Symlinking: /root/udp_ws/install/dog_udp_comm/share/dog_udp_comm/package.dsv
[1.289s] -- Up-to-date symlink: /root/udp_ws/install/dog_udp_comm/share/ament_index/resource_index/packages/dog_udp_comm
[1.289s] -- Up-to-date symlink: /root/udp_ws/install/dog_udp_comm/share/dog_udp_comm/cmake/dog_udp_commConfig.cmake
[1.289s] -- Up-to-date symlink: /root/udp_ws/install/dog_udp_comm/share/dog_udp_comm/cmake/dog_udp_commConfig-version.cmake
[1.289s] -- Up-to-date symlink: /root/udp_ws/install/dog_udp_comm/share/dog_udp_comm/package.xml
[1.292s] Invoked command in '/root/udp_ws/build/dog_udp_comm' returned '0': CMAKE_PREFIX_PATH=${CMAKE_PREFIX_PATH}:/opt/tros/humble:/opt/ros/humble /usr/bin/cmake --install /root/udp_ws/build/dog_udp_comm
