[0.212s] DEBUG:colcon:Command line arguments: ['/usr/bin/colcon', 'build', '--packages-select', 'dog_udp_comm']
[0.212s] DEBUG:colcon:Parsed command line arguments: Namespace(log_base=None, log_level=None, verb_name='build', build_base='build', install_base='install', merge_install=False, symlink_install=False, test_result_base=None, continue_on_error=False, executor='parallel', parallel_workers=6, event_handlers=None, ignore_user_meta=False, metas=['./colcon.meta'], base_paths=['.'], packages_ignore=None, packages_ignore_regex=None, paths=None, packages_up_to=None, packages_up_to_regex=None, packages_above=None, packages_above_and_dependencies=None, packages_above_depth=None, packages_select_by_dep=None, packages_skip_by_dep=None, packages_skip_up_to=None, packages_select_build_failed=False, packages_skip_build_finished=False, packages_select_test_failures=False, packages_skip_test_passed=False, packages_select=['dog_udp_comm'], packages_skip=None, packages_select_regex=None, packages_skip_regex=None, packages_start=None, packages_end=None, allow_overriding=[], cmake_args=None, cmake_target=None, cmake_target_skip_unavailable=False, cmake_clean_cache=False, cmake_clean_first=False, cmake_force_configure=False, ament_cmake_args=None, catkin_cmake_args=None, catkin_skip_building_tests=False, verb_parser=<colcon_defaults.argument_parser.defaults.DefaultArgumentsDecorator object at 0xffff88073af0>, verb_extension=<colcon_core.verb.build.BuildVerb object at 0xffff8821a080>, main=<bound method BuildVerb.main of <colcon_core.verb.build.BuildVerb object at 0xffff8821a080>>)
[0.559s] Level 1:colcon.colcon_core.package_discovery:discover_packages(colcon_meta) check parameters
[0.559s] Level 1:colcon.colcon_core.package_discovery:discover_packages(recursive) check parameters
[0.560s] Level 1:colcon.colcon_core.package_discovery:discover_packages(ignore) check parameters
[0.560s] Level 1:colcon.colcon_core.package_discovery:discover_packages(path) check parameters
[0.560s] Level 1:colcon.colcon_core.package_discovery:discover_packages(colcon_meta) discover
[0.560s] Level 1:colcon.colcon_core.package_discovery:discover_packages(recursive) discover
[0.560s] INFO:colcon.colcon_core.package_discovery:Crawling recursively for packages in '/root/udp_ws'
[0.560s] Level 1:colcon.colcon_core.package_identification:_identify(.) by extensions ['ignore', 'ignore_ament_install']
[0.561s] Level 1:colcon.colcon_core.package_identification:_identify(.) by extension 'ignore'
[0.561s] Level 1:colcon.colcon_core.package_identification:_identify(.) by extension 'ignore_ament_install'
[0.561s] Level 1:colcon.colcon_core.package_identification:_identify(.) by extensions ['colcon_pkg']
[0.562s] Level 1:colcon.colcon_core.package_identification:_identify(.) by extension 'colcon_pkg'
[0.562s] Level 1:colcon.colcon_core.package_identification:_identify(.) by extensions ['colcon_meta']
[0.562s] Level 1:colcon.colcon_core.package_identification:_identify(.) by extension 'colcon_meta'
[0.562s] Level 1:colcon.colcon_core.package_identification:_identify(.) by extensions ['ros']
[0.562s] Level 1:colcon.colcon_core.package_identification:_identify(.) by extension 'ros'
[0.613s] Level 1:colcon.colcon_core.package_identification:_identify(.) by extensions ['cmake', 'python']
[0.614s] Level 1:colcon.colcon_core.package_identification:_identify(.) by extension 'cmake'
[0.614s] Level 1:colcon.colcon_core.package_identification:_identify(.) by extension 'python'
[0.614s] Level 1:colcon.colcon_core.package_identification:_identify(.) by extensions ['python_setup_py']
[0.614s] Level 1:colcon.colcon_core.package_identification:_identify(.) by extension 'python_setup_py'
[0.615s] Level 1:colcon.colcon_core.package_identification:_identify(build) by extensions ['ignore', 'ignore_ament_install']
[0.615s] Level 1:colcon.colcon_core.package_identification:_identify(build) by extension 'ignore'
[0.615s] Level 1:colcon.colcon_core.package_identification:_identify(build) ignored
[0.615s] Level 1:colcon.colcon_core.package_identification:_identify(install) by extensions ['ignore', 'ignore_ament_install']
[0.616s] Level 1:colcon.colcon_core.package_identification:_identify(install) by extension 'ignore'
[0.616s] Level 1:colcon.colcon_core.package_identification:_identify(install) ignored
[0.616s] Level 1:colcon.colcon_core.package_identification:_identify(log) by extensions ['ignore', 'ignore_ament_install']
[0.616s] Level 1:colcon.colcon_core.package_identification:_identify(log) by extension 'ignore'
[0.616s] Level 1:colcon.colcon_core.package_identification:_identify(log) ignored
[0.617s] Level 1:colcon.colcon_core.package_identification:_identify(src) by extensions ['ignore', 'ignore_ament_install']
[0.617s] Level 1:colcon.colcon_core.package_identification:_identify(src) by extension 'ignore'
[0.617s] Level 1:colcon.colcon_core.package_identification:_identify(src) by extension 'ignore_ament_install'
[0.617s] Level 1:colcon.colcon_core.package_identification:_identify(src) by extensions ['colcon_pkg']
[0.617s] Level 1:colcon.colcon_core.package_identification:_identify(src) by extension 'colcon_pkg'
[0.617s] Level 1:colcon.colcon_core.package_identification:_identify(src) by extensions ['colcon_meta']
[0.617s] Level 1:colcon.colcon_core.package_identification:_identify(src) by extension 'colcon_meta'
[0.618s] Level 1:colcon.colcon_core.package_identification:_identify(src) by extensions ['ros']
[0.618s] Level 1:colcon.colcon_core.package_identification:_identify(src) by extension 'ros'
[0.618s] Level 1:colcon.colcon_core.package_identification:_identify(src) by extensions ['cmake', 'python']
[0.618s] Level 1:colcon.colcon_core.package_identification:_identify(src) by extension 'cmake'
[0.618s] Level 1:colcon.colcon_core.package_identification:_identify(src) by extension 'python'
[0.618s] Level 1:colcon.colcon_core.package_identification:_identify(src) by extensions ['python_setup_py']
[0.618s] Level 1:colcon.colcon_core.package_identification:_identify(src) by extension 'python_setup_py'
[0.619s] Level 1:colcon.colcon_core.package_identification:_identify(src/dog_udp_comm) by extensions ['ignore', 'ignore_ament_install']
[0.619s] Level 1:colcon.colcon_core.package_identification:_identify(src/dog_udp_comm) by extension 'ignore'
[0.619s] Level 1:colcon.colcon_core.package_identification:_identify(src/dog_udp_comm) by extension 'ignore_ament_install'
[0.619s] Level 1:colcon.colcon_core.package_identification:_identify(src/dog_udp_comm) by extensions ['colcon_pkg']
[0.619s] Level 1:colcon.colcon_core.package_identification:_identify(src/dog_udp_comm) by extension 'colcon_pkg'
[0.619s] Level 1:colcon.colcon_core.package_identification:_identify(src/dog_udp_comm) by extensions ['colcon_meta']
[0.619s] Level 1:colcon.colcon_core.package_identification:_identify(src/dog_udp_comm) by extension 'colcon_meta'
[0.620s] Level 1:colcon.colcon_core.package_identification:_identify(src/dog_udp_comm) by extensions ['ros']
[0.620s] Level 1:colcon.colcon_core.package_identification:_identify(src/dog_udp_comm) by extension 'ros'
[0.627s] DEBUG:colcon.colcon_core.package_identification:Package 'src/dog_udp_comm' with type 'ros.ament_cmake' and name 'dog_udp_comm'
[0.627s] Level 1:colcon.colcon_core.package_discovery:discover_packages(recursive) using defaults
[0.627s] Level 1:colcon.colcon_core.package_discovery:discover_packages(ignore) discover
[0.628s] Level 1:colcon.colcon_core.package_discovery:discover_packages(ignore) using defaults
[0.628s] Level 1:colcon.colcon_core.package_discovery:discover_packages(path) discover
[0.628s] Level 1:colcon.colcon_core.package_discovery:discover_packages(path) using defaults
[0.684s] Level 1:colcon.colcon_core.package_discovery:discover_packages(prefix_path) check parameters
[0.684s] Level 1:colcon.colcon_core.package_discovery:discover_packages(prefix_path) discover
[0.689s] DEBUG:colcon.colcon_installed_package_information.package_discovery:Found 288 installed packages in /opt/ros/humble
[0.691s] Level 1:colcon.colcon_core.package_discovery:discover_packages(prefix_path) using defaults
[0.759s] Level 5:colcon.colcon_core.verb:set package 'dog_udp_comm' build argument 'cmake_args' from command line to 'None'
[0.759s] Level 5:colcon.colcon_core.verb:set package 'dog_udp_comm' build argument 'cmake_target' from command line to 'None'
[0.759s] Level 5:colcon.colcon_core.verb:set package 'dog_udp_comm' build argument 'cmake_target_skip_unavailable' from command line to 'False'
[0.759s] Level 5:colcon.colcon_core.verb:set package 'dog_udp_comm' build argument 'cmake_clean_cache' from command line to 'False'
[0.759s] Level 5:colcon.colcon_core.verb:set package 'dog_udp_comm' build argument 'cmake_clean_first' from command line to 'False'
[0.759s] Level 5:colcon.colcon_core.verb:set package 'dog_udp_comm' build argument 'cmake_force_configure' from command line to 'False'
[0.759s] Level 5:colcon.colcon_core.verb:set package 'dog_udp_comm' build argument 'ament_cmake_args' from command line to 'None'
[0.759s] Level 5:colcon.colcon_core.verb:set package 'dog_udp_comm' build argument 'catkin_cmake_args' from command line to 'None'
[0.759s] Level 5:colcon.colcon_core.verb:set package 'dog_udp_comm' build argument 'catkin_skip_building_tests' from command line to 'False'
[0.759s] DEBUG:colcon.colcon_core.verb:Building package 'dog_udp_comm' with the following arguments: {'ament_cmake_args': None, 'build_base': '/root/udp_ws/build/dog_udp_comm', 'catkin_cmake_args': None, 'catkin_skip_building_tests': False, 'cmake_args': None, 'cmake_clean_cache': False, 'cmake_clean_first': False, 'cmake_force_configure': False, 'cmake_target': None, 'cmake_target_skip_unavailable': False, 'install_base': '/root/udp_ws/install/dog_udp_comm', 'merge_install': False, 'path': '/root/udp_ws/src/dog_udp_comm', 'symlink_install': False, 'test_result_base': None}
[0.760s] INFO:colcon.colcon_core.executor:Executing jobs using 'parallel' executor
[0.762s] DEBUG:colcon.colcon_parallel_executor.executor.parallel:run_until_complete
[0.762s] INFO:colcon.colcon_ros.task.ament_cmake.build:Building ROS package in '/root/udp_ws/src/dog_udp_comm' with build type 'ament_cmake'
[0.762s] INFO:colcon.colcon_cmake.task.cmake.build:Building CMake package in '/root/udp_ws/src/dog_udp_comm'
[0.767s] INFO:colcon.colcon_core.plugin_system:Skipping extension 'colcon_core.shell.bat': Not used on non-Windows systems
[0.767s] INFO:colcon.colcon_core.shell:Skip shell extension 'powershell' for command environment: Not usable outside of PowerShell
[0.767s] DEBUG:colcon.colcon_core.shell:Skip shell extension 'dsv' for command environment
[0.781s] DEBUG:colcon.colcon_core.event_handler.log_command:Invoking command in '/root/udp_ws/build/dog_udp_comm': CMAKE_PREFIX_PATH=/opt/ros/humble /usr/bin/cmake --build /root/udp_ws/build/dog_udp_comm -- -j6 -l6
[0.878s] DEBUG:colcon.colcon_core.event_handler.log_command:Invoked command in '/root/udp_ws/build/dog_udp_comm' returned '0': CMAKE_PREFIX_PATH=/opt/ros/humble /usr/bin/cmake --build /root/udp_ws/build/dog_udp_comm -- -j6 -l6
[0.891s] DEBUG:colcon.colcon_core.event_handler.log_command:Invoking command in '/root/udp_ws/build/dog_udp_comm': CMAKE_PREFIX_PATH=/opt/ros/humble /usr/bin/cmake --install /root/udp_ws/build/dog_udp_comm
[0.920s] Level 1:colcon.colcon_core.environment:create_environment_scripts_only(dog_udp_comm)
[0.921s] DEBUG:colcon.colcon_core.event_handler.log_command:Invoked command in '/root/udp_ws/build/dog_udp_comm' returned '0': CMAKE_PREFIX_PATH=/opt/ros/humble /usr/bin/cmake --install /root/udp_ws/build/dog_udp_comm
[0.925s] Level 1:colcon.colcon_core.environment:checking '/root/udp_ws/install/dog_udp_comm' for CMake module files
[0.926s] Level 1:colcon.colcon_core.environment:checking '/root/udp_ws/install/dog_udp_comm' for CMake config files
[0.927s] Level 1:colcon.colcon_core.shell:create_environment_hook('dog_udp_comm', 'cmake_prefix_path')
[0.927s] INFO:colcon.colcon_core.shell:Creating environment hook '/root/udp_ws/install/dog_udp_comm/share/dog_udp_comm/hook/cmake_prefix_path.ps1'
[0.929s] INFO:colcon.colcon_core.shell:Creating environment descriptor '/root/udp_ws/install/dog_udp_comm/share/dog_udp_comm/hook/cmake_prefix_path.dsv'
[0.930s] INFO:colcon.colcon_core.shell:Creating environment hook '/root/udp_ws/install/dog_udp_comm/share/dog_udp_comm/hook/cmake_prefix_path.sh'
[0.932s] Level 1:colcon.colcon_core.environment:checking '/root/udp_ws/install/dog_udp_comm/lib'
[0.932s] Level 1:colcon.colcon_core.environment:checking '/root/udp_ws/install/dog_udp_comm/bin'
[0.932s] Level 1:colcon.colcon_core.environment:checking '/root/udp_ws/install/dog_udp_comm/lib/pkgconfig/dog_udp_comm.pc'
[0.933s] Level 1:colcon.colcon_core.environment:checking '/root/udp_ws/install/dog_udp_comm/lib/python3.10/site-packages'
[0.933s] Level 1:colcon.colcon_core.environment:checking '/root/udp_ws/install/dog_udp_comm/bin'
[0.934s] INFO:colcon.colcon_core.shell:Creating package script '/root/udp_ws/install/dog_udp_comm/share/dog_udp_comm/package.ps1'
[0.937s] INFO:colcon.colcon_core.shell:Creating package descriptor '/root/udp_ws/install/dog_udp_comm/share/dog_udp_comm/package.dsv'
[0.938s] INFO:colcon.colcon_core.shell:Creating package script '/root/udp_ws/install/dog_udp_comm/share/dog_udp_comm/package.sh'
[0.940s] INFO:colcon.colcon_core.shell:Creating package script '/root/udp_ws/install/dog_udp_comm/share/dog_udp_comm/package.bash'
[0.941s] INFO:colcon.colcon_core.shell:Creating package script '/root/udp_ws/install/dog_udp_comm/share/dog_udp_comm/package.zsh'
[0.943s] Level 1:colcon.colcon_core.environment:create_file_with_runtime_dependencies(/root/udp_ws/install/dog_udp_comm/share/colcon-core/packages/dog_udp_comm)
[0.944s] Level 1:colcon.colcon_core.environment:create_environment_scripts_only(dog_udp_comm)
[0.944s] Level 1:colcon.colcon_core.environment:checking '/root/udp_ws/install/dog_udp_comm' for CMake module files
[0.945s] Level 1:colcon.colcon_core.environment:checking '/root/udp_ws/install/dog_udp_comm' for CMake config files
[0.946s] Level 1:colcon.colcon_core.shell:create_environment_hook('dog_udp_comm', 'cmake_prefix_path')
[0.947s] INFO:colcon.colcon_core.shell:Creating environment hook '/root/udp_ws/install/dog_udp_comm/share/dog_udp_comm/hook/cmake_prefix_path.ps1'
[0.948s] INFO:colcon.colcon_core.shell:Creating environment descriptor '/root/udp_ws/install/dog_udp_comm/share/dog_udp_comm/hook/cmake_prefix_path.dsv'
[0.949s] INFO:colcon.colcon_core.shell:Creating environment hook '/root/udp_ws/install/dog_udp_comm/share/dog_udp_comm/hook/cmake_prefix_path.sh'
[0.950s] Level 1:colcon.colcon_core.environment:checking '/root/udp_ws/install/dog_udp_comm/lib'
[0.950s] Level 1:colcon.colcon_core.environment:checking '/root/udp_ws/install/dog_udp_comm/bin'
[0.950s] Level 1:colcon.colcon_core.environment:checking '/root/udp_ws/install/dog_udp_comm/lib/pkgconfig/dog_udp_comm.pc'
[0.951s] Level 1:colcon.colcon_core.environment:checking '/root/udp_ws/install/dog_udp_comm/lib/python3.10/site-packages'
[0.951s] Level 1:colcon.colcon_core.environment:checking '/root/udp_ws/install/dog_udp_comm/bin'
[0.952s] INFO:colcon.colcon_core.shell:Creating package script '/root/udp_ws/install/dog_udp_comm/share/dog_udp_comm/package.ps1'
[0.954s] INFO:colcon.colcon_core.shell:Creating package descriptor '/root/udp_ws/install/dog_udp_comm/share/dog_udp_comm/package.dsv'
[0.955s] INFO:colcon.colcon_core.shell:Creating package script '/root/udp_ws/install/dog_udp_comm/share/dog_udp_comm/package.sh'
[0.956s] INFO:colcon.colcon_core.shell:Creating package script '/root/udp_ws/install/dog_udp_comm/share/dog_udp_comm/package.bash'
[0.957s] INFO:colcon.colcon_core.shell:Creating package script '/root/udp_ws/install/dog_udp_comm/share/dog_udp_comm/package.zsh'
[0.958s] Level 1:colcon.colcon_core.environment:create_file_with_runtime_dependencies(/root/udp_ws/install/dog_udp_comm/share/colcon-core/packages/dog_udp_comm)
[0.959s] DEBUG:colcon.colcon_parallel_executor.executor.parallel:closing loop
[0.959s] DEBUG:colcon.colcon_parallel_executor.executor.parallel:loop closed
[0.959s] DEBUG:colcon.colcon_parallel_executor.executor.parallel:run_until_complete finished with '0'
[0.960s] DEBUG:colcon.colcon_core.event_reactor:joining thread
[0.960s] DEBUG:colcon.colcon_core.event_reactor:joined thread
[0.961s] INFO:colcon.colcon_core.shell:Creating prefix script '/root/udp_ws/install/local_setup.ps1'
[0.963s] INFO:colcon.colcon_core.shell:Creating prefix util module '/root/udp_ws/install/_local_setup_util_ps1.py'
[0.966s] INFO:colcon.colcon_core.shell:Creating prefix chain script '/root/udp_ws/install/setup.ps1'
[0.968s] INFO:colcon.colcon_core.shell:Creating prefix script '/root/udp_ws/install/local_setup.sh'
[0.969s] INFO:colcon.colcon_core.shell:Creating prefix util module '/root/udp_ws/install/_local_setup_util_sh.py'
[0.971s] INFO:colcon.colcon_core.shell:Creating prefix chain script '/root/udp_ws/install/setup.sh'
[0.973s] INFO:colcon.colcon_core.shell:Creating prefix script '/root/udp_ws/install/local_setup.bash'
[0.974s] INFO:colcon.colcon_core.shell:Creating prefix chain script '/root/udp_ws/install/setup.bash'
[0.976s] INFO:colcon.colcon_core.shell:Creating prefix script '/root/udp_ws/install/local_setup.zsh'
[0.977s] INFO:colcon.colcon_core.shell:Creating prefix chain script '/root/udp_ws/install/setup.zsh'
