-- Found ament_cmake: 1.3.12 (/opt/ros/humble/share/ament_cmake/cmake)
-- Found rclcpp: 16.0.15 (/opt/ros/humble/share/rclcpp/cmake)
-- Found rosidl_generator_c: 3.1.7 (/opt/ros/humble/share/rosidl_generator_c/cmake)
-- Found rosidl_adapter: 3.1.7 (/opt/ros/humble/share/rosidl_adapter/cmake)
-- Found rosidl_generator_cpp: 3.1.7 (/opt/ros/humble/share/rosidl_generator_cpp/cmake)
-- Using all available rosidl_typesupport_c: rosidl_typesupport_fastrtps_c;rosidl_typesupport_introspection_c
-- Using all available rosidl_typesupport_cpp: rosidl_typesupport_fastrtps_cpp;rosidl_typesupport_introspection_cpp
-- Found rmw_implementation_cmake: 6.1.2 (/opt/ros/humble/share/rmw_implementation_cmake/cmake)
-- Found rmw_fastrtps_cpp: 6.2.9 (/opt/ros/humble/share/rmw_fastrtps_cpp/cmake)
-- Using RMW implementation 'rmw_fastrtps_cpp' as default
-- Found sensor_msgs: 4.9.0 (/opt/ros/humble/share/sensor_msgs/cmake)
-- Found visualization_msgs: 4.9.0 (/opt/ros/humble/share/visualization_msgs/cmake)
-- Found pcl_conversions: 2.4.5 (/opt/ros/humble/share/pcl_conversions/cmake)
-- Eigen found (include: /usr/include/eigen3, version: 3.4.0)
-- FLANN found (include: /usr/include, lib: /usr/lib/aarch64-linux-gnu/libflann_cpp.so)
-- OpenNI found (version: 1.5.4.0, include: /usr/include/ni, lib: /usr/lib/libOpenNI.so;libusb::libusb)
-- OpenNI2 found (version: 2.2.0.33, include: /usr/include/openni2, lib: /usr/lib/aarch64-linux-gnu/libOpenNI2.so;libusb::libusb)
-- Eigen found (include: /usr/include/eigen3, version: 3.4.0)
-- OpenNI found (version: 1.5.4.0, include: /usr/include/ni, lib: /usr/lib/libOpenNI.so;libusb::libusb)
-- OpenNI2 found (version: 2.2.0.33, include: /usr/include/openni2, lib: /usr/lib/aarch64-linux-gnu/libOpenNI2.so;libusb::libusb)
-- Found Qhull version 8.0.2
-- OpenNI found (version: 1.5.4.0, include: /usr/include/ni, lib: /usr/lib/libOpenNI.so;libusb::libusb)
-- Found ament_lint_auto: 0.12.14 (/opt/ros/humble/share/ament_lint_auto/cmake)
-- Found eigen3_cmake_module: 0.1.1 (/opt/ros/humble/share/eigen3_cmake_module/cmake)
-- Ensuring Eigen3 include directory is part of orocos-kdl CMake target
-- Added test 'copyright' to check source files copyright and LICENSE
-- Added test 'cppcheck' to perform static code analysis on C / C++ code
-- Configured cppcheck include dirs: /root/udp_ws/src/cspc_lidar_sdk_ros2/include/cspc_lidar;/root/udp_ws/src/cspc_lidar_sdk_ros2/sdk
-- Configured cppcheck exclude dirs and/or files: 
-- Added test 'cpplint' to check C / C++ code against the Google style
-- Configured cpplint exclude dirs and/or files: 
-- Added test 'flake8' to check Python code syntax and style conventions
-- Added test 'lint_cmake' to check CMake code style
-- Added test 'pep257' to check Python code against some of the docstring style conventions in PEP 257
-- Added test 'uncrustify' to check C / C++ code style
-- Configured uncrustify additional arguments: 
-- Added test 'xmllint' to check XML markup files
-- Configuring done
-- Generating done
-- Build files have been written to: /root/udp_ws/build/cspc_lidar
Consolidate compiler generated dependencies of target cspc_lidar
[100%] Built target cspc_lidar
-- Install configuration: ""
-- Up-to-date: /root/udp_ws/install/cspc_lidar/lib/cspc_lidar/cspc_lidar
-- Installing: /root/udp_ws/install/cspc_lidar/lib/cspc_lidar/front_distance_tester.py
-- Up-to-date: /root/udp_ws/install/cspc_lidar/share/cspc_lidar/launch
-- Up-to-date: /root/udp_ws/install/cspc_lidar/share/cspc_lidar/launch/lidar_launch.py
-- Up-to-date: /root/udp_ws/install/cspc_lidar/share/cspc_lidar/launch/lidar_rviz.py
-- Up-to-date: /root/udp_ws/install/cspc_lidar/share/cspc_lidar/params
-- Up-to-date: /root/udp_ws/install/cspc_lidar/share/cspc_lidar/params/cspc_lidar.yaml
-- Installing: /root/udp_ws/install/cspc_lidar/share/ament_index/resource_index/package_run_dependencies/cspc_lidar
-- Up-to-date: /root/udp_ws/install/cspc_lidar/share/ament_index/resource_index/parent_prefix_path/cspc_lidar
-- Up-to-date: /root/udp_ws/install/cspc_lidar/share/cspc_lidar/environment/ament_prefix_path.sh
-- Installing: /root/udp_ws/install/cspc_lidar/share/cspc_lidar/environment/ament_prefix_path.dsv
-- Up-to-date: /root/udp_ws/install/cspc_lidar/share/cspc_lidar/environment/path.sh
-- Installing: /root/udp_ws/install/cspc_lidar/share/cspc_lidar/environment/path.dsv
-- Up-to-date: /root/udp_ws/install/cspc_lidar/share/cspc_lidar/local_setup.bash
-- Up-to-date: /root/udp_ws/install/cspc_lidar/share/cspc_lidar/local_setup.sh
-- Up-to-date: /root/udp_ws/install/cspc_lidar/share/cspc_lidar/local_setup.zsh
-- Installing: /root/udp_ws/install/cspc_lidar/share/cspc_lidar/local_setup.dsv
-- Installing: /root/udp_ws/install/cspc_lidar/share/cspc_lidar/package.dsv
-- Up-to-date: /root/udp_ws/install/cspc_lidar/share/ament_index/resource_index/packages/cspc_lidar
-- Up-to-date: /root/udp_ws/install/cspc_lidar/share/cspc_lidar/cmake/cspc_lidarConfig.cmake
-- Up-to-date: /root/udp_ws/install/cspc_lidar/share/cspc_lidar/cmake/cspc_lidarConfig-version.cmake
-- Installing: /root/udp_ws/install/cspc_lidar/share/cspc_lidar/package.xml
