[0.022s] Invoking command in '/root/udp_ws/build/cspc_lidar': CMAKE_PREFIX_PATH=${CMAKE_PREFIX_PATH}:/opt/ros/humble /usr/bin/cmake --build /root/udp_ws/build/cspc_lidar -- -j6 -l6
[0.068s] -- Found ament_cmake: 1.3.12 (/opt/ros/humble/share/ament_cmake/cmake)
[0.336s] -- Found rclcpp: 16.0.15 (/opt/ros/humble/share/rclcpp/cmake)
[0.391s] -- Found rosidl_generator_c: 3.1.7 (/opt/ros/humble/share/rosidl_generator_c/cmake)
[0.397s] -- Found rosidl_adapter: 3.1.7 (/opt/ros/humble/share/rosidl_adapter/cmake)
[0.410s] -- Found rosidl_generator_cpp: 3.1.7 (/opt/ros/humble/share/rosidl_generator_cpp/cmake)
[0.430s] -- Using all available rosidl_typesupport_c: rosidl_typesupport_fastrtps_c;rosidl_typesupport_introspection_c
[0.456s] -- Using all available rosidl_typesupport_cpp: rosidl_typesupport_fastrtps_cpp;rosidl_typesupport_introspection_cpp
[0.529s] -- Found rmw_implementation_cmake: 6.1.2 (/opt/ros/humble/share/rmw_implementation_cmake/cmake)
[0.533s] -- Found rmw_fastrtps_cpp: 6.2.9 (/opt/ros/humble/share/rmw_fastrtps_cpp/cmake)
[0.678s] -- Using RMW implementation 'rmw_fastrtps_cpp' as default
[0.774s] -- Found sensor_msgs: 4.9.0 (/opt/ros/humble/share/sensor_msgs/cmake)
[0.827s] -- Found visualization_msgs: 4.9.0 (/opt/ros/humble/share/visualization_msgs/cmake)
[0.863s] -- Found pcl_conversions: 2.4.5 (/opt/ros/humble/share/pcl_conversions/cmake)
[0.925s] -- Eigen found (include: /usr/include/eigen3, version: 3.4.0)
[0.971s] -- FLANN found (include: /usr/include, lib: /usr/lib/aarch64-linux-gnu/libflann_cpp.so)
[1.490s] -- OpenNI found (version: 1.5.4.0, include: /usr/include/ni, lib: /usr/lib/libOpenNI.so;libusb::libusb)
[1.499s] -- OpenNI2 found (version: 2.2.0.33, include: /usr/include/openni2, lib: /usr/lib/aarch64-linux-gnu/libOpenNI2.so;libusb::libusb)
[1.776s] -- Eigen found (include: /usr/include/eigen3, version: 3.4.0)
[1.786s] -- OpenNI found (version: 1.5.4.0, include: /usr/include/ni, lib: /usr/lib/libOpenNI.so;libusb::libusb)
[1.795s] -- OpenNI2 found (version: 2.2.0.33, include: /usr/include/openni2, lib: /usr/lib/aarch64-linux-gnu/libOpenNI2.so;libusb::libusb)
[2.057s] -- Found Qhull version 8.0.2
[2.324s] -- OpenNI found (version: 1.5.4.0, include: /usr/include/ni, lib: /usr/lib/libOpenNI.so;libusb::libusb)
[2.604s] CMake Warning (dev) at CMakeLists.txt:19 (find_package):
[2.604s]   Policy CMP0074 is not set: find_package uses <PackageName>_ROOT variables.
[2.604s]   Run "cmake --help-policy CMP0074" for policy details.  Use the cmake_policy
[2.604s]   command to set the policy and suppress this warning.
[2.605s] 
[2.605s]   CMake variable PCL_ROOT is set to:
[2.605s] 
[2.605s]     /usr
[2.605s] 
[2.605s]   For compatibility, CMake is ignoring the variable.
[2.605s] This warning is for project developers.  Use -Wno-dev to suppress it.
[2.605s] 
[2.629s] -- Found ament_lint_auto: 0.12.14 (/opt/ros/humble/share/ament_lint_auto/cmake)
[2.841s] -- Found eigen3_cmake_module: 0.1.1 (/opt/ros/humble/share/eigen3_cmake_module/cmake)
[2.843s] -- Ensuring Eigen3 include directory is part of orocos-kdl CMake target
[3.001s] -- Added test 'copyright' to check source files copyright and LICENSE
[3.005s] -- Added test 'cppcheck' to perform static code analysis on C / C++ code
[3.006s] -- Configured cppcheck include dirs: /root/udp_ws/src/cspc_lidar_sdk_ros2/include/cspc_lidar;/root/udp_ws/src/cspc_lidar_sdk_ros2/sdk
[3.006s] -- Configured cppcheck exclude dirs and/or files: 
[3.009s] -- Added test 'cpplint' to check C / C++ code against the Google style
[3.009s] -- Configured cpplint exclude dirs and/or files: 
[3.010s] -- Added test 'flake8' to check Python code syntax and style conventions
[3.012s] -- Added test 'lint_cmake' to check CMake code style
[3.013s] -- Added test 'pep257' to check Python code against some of the docstring style conventions in PEP 257
[3.017s] -- Added test 'uncrustify' to check C / C++ code style
[3.017s] -- Configured uncrustify additional arguments: 
[3.018s] -- Added test 'xmllint' to check XML markup files
[3.020s] -- Configuring done
[3.128s] -- Generating done
[3.155s] -- Build files have been written to: /root/udp_ws/build/cspc_lidar
[3.239s] Consolidate compiler generated dependencies of target cspc_lidar
[3.266s] [100%] Built target cspc_lidar
[3.280s] Invoked command in '/root/udp_ws/build/cspc_lidar' returned '0': CMAKE_PREFIX_PATH=${CMAKE_PREFIX_PATH}:/opt/ros/humble /usr/bin/cmake --build /root/udp_ws/build/cspc_lidar -- -j6 -l6
[3.293s] Invoking command in '/root/udp_ws/build/cspc_lidar': CMAKE_PREFIX_PATH=${CMAKE_PREFIX_PATH}:/opt/ros/humble /usr/bin/cmake --install /root/udp_ws/build/cspc_lidar
[3.304s] -- Install configuration: ""
[3.304s] -- Up-to-date: /root/udp_ws/install/cspc_lidar/lib/cspc_lidar/cspc_lidar
[3.305s] -- Installing: /root/udp_ws/install/cspc_lidar/lib/cspc_lidar/front_distance_tester.py
[3.305s] -- Up-to-date: /root/udp_ws/install/cspc_lidar/share/cspc_lidar/launch
[3.305s] -- Up-to-date: /root/udp_ws/install/cspc_lidar/share/cspc_lidar/launch/lidar_launch.py
[3.305s] -- Up-to-date: /root/udp_ws/install/cspc_lidar/share/cspc_lidar/launch/lidar_rviz.py
[3.306s] -- Up-to-date: /root/udp_ws/install/cspc_lidar/share/cspc_lidar/params
[3.306s] -- Up-to-date: /root/udp_ws/install/cspc_lidar/share/cspc_lidar/params/cspc_lidar.yaml
[3.306s] -- Installing: /root/udp_ws/install/cspc_lidar/share/ament_index/resource_index/package_run_dependencies/cspc_lidar
[3.306s] -- Up-to-date: /root/udp_ws/install/cspc_lidar/share/ament_index/resource_index/parent_prefix_path/cspc_lidar
[3.307s] -- Up-to-date: /root/udp_ws/install/cspc_lidar/share/cspc_lidar/environment/ament_prefix_path.sh
[3.307s] -- Installing: /root/udp_ws/install/cspc_lidar/share/cspc_lidar/environment/ament_prefix_path.dsv
[3.307s] -- Up-to-date: /root/udp_ws/install/cspc_lidar/share/cspc_lidar/environment/path.sh
[3.307s] -- Installing: /root/udp_ws/install/cspc_lidar/share/cspc_lidar/environment/path.dsv
[3.308s] -- Up-to-date: /root/udp_ws/install/cspc_lidar/share/cspc_lidar/local_setup.bash
[3.308s] -- Up-to-date: /root/udp_ws/install/cspc_lidar/share/cspc_lidar/local_setup.sh
[3.308s] -- Up-to-date: /root/udp_ws/install/cspc_lidar/share/cspc_lidar/local_setup.zsh
[3.308s] -- Installing: /root/udp_ws/install/cspc_lidar/share/cspc_lidar/local_setup.dsv
[3.308s] -- Installing: /root/udp_ws/install/cspc_lidar/share/cspc_lidar/package.dsv
[3.309s] -- Up-to-date: /root/udp_ws/install/cspc_lidar/share/ament_index/resource_index/packages/cspc_lidar
[3.309s] -- Up-to-date: /root/udp_ws/install/cspc_lidar/share/cspc_lidar/cmake/cspc_lidarConfig.cmake
[3.309s] -- Up-to-date: /root/udp_ws/install/cspc_lidar/share/cspc_lidar/cmake/cspc_lidarConfig-version.cmake
[3.309s] -- Installing: /root/udp_ws/install/cspc_lidar/share/cspc_lidar/package.xml
[3.311s] Invoked command in '/root/udp_ws/build/cspc_lidar' returned '0': CMAKE_PREFIX_PATH=${CMAKE_PREFIX_PATH}:/opt/ros/humble /usr/bin/cmake --install /root/udp_ws/build/cspc_lidar
