CMake Warning (dev) at CMakeLists.txt:19 (find_package):
  Policy CMP0074 is not set: find_package uses <PackageName>_ROOT variables.
  Run "cmake --help-policy CMP0074" for policy details.  Use the cmake_policy
  command to set the policy and suppress this warning.

  CMake variable PCL_ROOT is set to:

    /usr

  For compatibility, CMake is ignoring the variable.
This warning is for project developers.  Use -Wno-dev to suppress it.

In file included from /root/udp_ws/src/cspc_lidar_sdk_ros2/sdk/serial_port.cpp:12:
/root/udp_ws/src/cspc_lidar_sdk_ros2/sdk/serial_port.h: In constructor ‘Serial_Port::Serial_Port(const string&, uint32_t, Timeout, bytesize_t, parity_t, stopbits_t, flowcontrol_t)’:
/root/udp_ws/src/cspc_lidar_sdk_ros2/sdk/serial_port.h:102:14: warning: ‘Serial_Port::bytesize_’ will be initialized after [-Wreorder]
  102 |   bytesize_t bytesize_;       // Size of the bytes
      |              ^~~~~~~~~
/root/udp_ws/src/cspc_lidar_sdk_ros2/sdk/serial_port.h:101:12: warning:   ‘parity_t Serial_Port::parity_’ [-Wreorder]
  101 |   parity_t parity_;           // Parity
      |            ^~~~~~~
/root/udp_ws/src/cspc_lidar_sdk_ros2/sdk/serial_port.cpp:31:1: warning:   when initialized here [-Wreorder]
   31 | Serial_Port::Serial_Port(const string &port, uint32_t baudrate, Timeout timeout,
      | ^~~~~~~~~~~
/root/udp_ws/src/cspc_lidar_sdk_ros2/sdk/serial_port.cpp: In member function ‘bool Serial_Port::setBaudrate(long unsigned int)’:
/root/udp_ws/src/cspc_lidar_sdk_ros2/sdk/serial_port.cpp:578:11: warning: unused variable ‘new_baud’ [-Wunused-variable]
  578 |   speed_t new_baud = static_cast<speed_t>(baudrate);
      |           ^~~~~~~~
/root/udp_ws/src/cspc_lidar_sdk_ros2/sdk/serial_port.cpp: In member function ‘bool Serial_Port::setCustomBaudRate(long unsigned int)’:
/root/udp_ws/src/cspc_lidar_sdk_ros2/sdk/serial_port.cpp:571:1: warning: control reaches end of non-void function [-Wreturn-type]
  571 | }
      | ^
/root/udp_ws/src/cspc_lidar_sdk_ros2/sdk/node_lidar.cpp: In function ‘void flushSerial()’:
/root/udp_ws/src/cspc_lidar_sdk_ros2/sdk/node_lidar.cpp:53:24: warning: unused variable ‘bytes_read’ [-Wunused-variable]
   53 |                 size_t bytes_read = node_lidar.serial_port->read_data(buffer, len);
      |                        ^~~~~~~~~~
/root/udp_ws/src/cspc_lidar_sdk_ros2/sdk/node_lidar.cpp: In function ‘bool lidar_state_judgment()’:
/root/udp_ws/src/cspc_lidar_sdk_ros2/sdk/node_lidar.cpp:86:45: warning: format ‘%lld’ expects argument of type ‘long long int’, but argument 2 has type ‘uint64_t’ {aka ‘long unsigned int’} [-Wformat=]
   86 |                 printf("状态异常重新启动 %lld\n",lidar_status_time);
      |                                          ~~~^    ~~~~~~~~~~~~~~~~~
      |                                             |    |
      |                                             |    uint64_t {aka long unsigned int}
      |                                             long long int
      |                                          %ld
/root/udp_ws/src/cspc_lidar_sdk_ros2/sdk/node_lidar.cpp:62:21: warning: unused variable ‘status_judge’ [-Wunused-variable]
   62 |         static bool status_judge = false;     //整体状态判断
      |                     ^~~~~~~~~~~~
/root/udp_ws/src/cspc_lidar_sdk_ros2/sdk/node_lidar.cpp:65:21: warning: variable ‘lidar_start_flag’ set but not used [-Wunused-but-set-variable]
   65 |         static bool lidar_start_flag = false; //下发雷达启动指令后的雷达反馈标志
      |                     ^~~~~~~~~~~~~~~~
/root/udp_ws/src/cspc_lidar_sdk_ros2/sdk/node_lidar.cpp: In function ‘int read_forever()’:
/root/udp_ws/src/cspc_lidar_sdk_ros2/sdk/node_lidar.cpp:206:82: warning: format ‘%d’ expects argument of type ‘int’, but argument 2 has type ‘size_t’ {aka ‘long unsigned int’} [-Wformat=]
  206 |                                                         printf("full----- count=%d,time=%lld,frequence=%d\n",scan_count,current_times(),local_scan[0].scan_frequence);
      |                                                                                 ~^                           ~~~~~~~~~~
      |                                                                                  |                           |
      |                                                                                  int                         size_t {aka long unsigned int}
      |                                                                                 %ld
/root/udp_ws/src/cspc_lidar_sdk_ros2/sdk/node_lidar.cpp:206:92: warning: format ‘%lld’ expects argument of type ‘long long int’, but argument 3 has type ‘int64_t’ {aka ‘long int’} [-Wformat=]
  206 |                                                         printf("full----- count=%d,time=%lld,frequence=%d\n",scan_count,current_times(),local_scan[0].scan_frequence);
      |                                                                                         ~~~^                            ~~~~~~~~~~~~~~~
      |                                                                                            |                                         |
      |                                                                                            long long int                             int64_t {aka long int}
      |                                                                                         %ld
/root/udp_ws/src/cspc_lidar_sdk_ros2/sdk/node_lidar.cpp: In function ‘void send_lidar_data(LaserScan&)’:
/root/udp_ws/src/cspc_lidar_sdk_ros2/sdk/node_lidar.cpp:312:43: warning: comparison of integer expressions of different signedness: ‘int’ and ‘size_t’ {aka ‘long unsigned int’} [-Wsign-compare]
  312 |                         for (int i = 0; i < count; i++)
      |                                         ~~^~~~~~~
/root/udp_ws/src/cspc_lidar_sdk_ros2/sdk/point_cloud_optimize.cpp: In member function ‘void Point_cloud_optimize::PointCloudFilter(LaserScan*)’:
/root/udp_ws/src/cspc_lidar_sdk_ros2/sdk/point_cloud_optimize.cpp:25:25: warning: comparison of integer expressions of different signedness: ‘int’ and ‘std::vector<LaserPoint>::size_type’ {aka ‘long unsigned int’} [-Wsign-compare]
   25 |         for (i0 = 0; i0 < Scan->points.size(); i0++)
      |                      ~~~^~~~~~~~~~~~~~~~~~~~~
/root/udp_ws/src/cspc_lidar_sdk_ros2/sdk/point_cloud_optimize.cpp:28:25: warning: comparison of integer expressions of different signedness: ‘int’ and ‘std::vector<LaserPoint>::size_type’ {aka ‘long unsigned int’} [-Wsign-compare]
   28 |                 i1 = i1 < Scan->points.size() ? i1 : i1 - Scan->points.size();
      |                      ~~~^~~~~~~~~~~~~~~~~~~~~
/root/udp_ws/src/cspc_lidar_sdk_ros2/sdk/point_cloud_optimize.cpp:30:25: warning: comparison of integer expressions of different signedness: ‘int’ and ‘std::vector<LaserPoint>::size_type’ {aka ‘long unsigned int’} [-Wsign-compare]
   30 |                 i2 = i2 < Scan->points.size() ? i2 : i2 - Scan->points.size();
      |                      ~~~^~~~~~~~~~~~~~~~~~~~~
/root/udp_ws/src/cspc_lidar_sdk_ros2/sdk/point_cloud_optimize.cpp:32:25: warning: comparison of integer expressions of different signedness: ‘int’ and ‘std::vector<LaserPoint>::size_type’ {aka ‘long unsigned int’} [-Wsign-compare]
   32 |                 i3 = i3 < Scan->points.size() ? i3 : i3 - Scan->points.size();
      |                      ~~~^~~~~~~~~~~~~~~~~~~~~
/root/udp_ws/src/cspc_lidar_sdk_ros2/sdk/point_cloud_optimize.cpp:155:25: warning: comparison of integer expressions of different signedness: ‘int’ and ‘std::vector<LaserPoint>::size_type’ {aka ‘long unsigned int’} [-Wsign-compare]
  155 |         for (i0 = 0; i0 < Scan->points.size(); i0++)
      |                      ~~~^~~~~~~~~~~~~~~~~~~~~
/root/udp_ws/src/cspc_lidar_sdk_ros2/sdk/point_cloud_optimize.cpp:158:25: warning: comparison of integer expressions of different signedness: ‘int’ and ‘std::vector<LaserPoint>::size_type’ {aka ‘long unsigned int’} [-Wsign-compare]
  158 |                 i1 = i1 < Scan->points.size() ? i1 : i1 - Scan->points.size();
      |                      ~~~^~~~~~~~~~~~~~~~~~~~~
/root/udp_ws/src/cspc_lidar_sdk_ros2/sdk/point_cloud_optimize.cpp:160:25: warning: comparison of integer expressions of different signedness: ‘int’ and ‘std::vector<LaserPoint>::size_type’ {aka ‘long unsigned int’} [-Wsign-compare]
  160 |                 i2 = i2 < Scan->points.size() ? i2 : i2 - Scan->points.size();
      |                      ~~~^~~~~~~~~~~~~~~~~~~~~
/root/udp_ws/src/cspc_lidar_sdk_ros2/sdk/point_cloud_optimize.cpp:162:25: warning: comparison of integer expressions of different signedness: ‘int’ and ‘std::vector<LaserPoint>::size_type’ {aka ‘long unsigned int’} [-Wsign-compare]
  162 |                 i3 = i3 < Scan->points.size() ? i3 : i3 - Scan->points.size();
      |                      ~~~^~~~~~~~~~~~~~~~~~~~~
/root/udp_ws/src/cspc_lidar_sdk_ros2/sdk/point_cloud_optimize.cpp:164:25: warning: comparison of integer expressions of different signedness: ‘int’ and ‘std::vector<LaserPoint>::size_type’ {aka ‘long unsigned int’} [-Wsign-compare]
  164 |                 i4 = i4 < Scan->points.size() ? i4 : i4 - Scan->points.size();
      |                      ~~~^~~~~~~~~~~~~~~~~~~~~
/root/udp_ws/src/cspc_lidar_sdk_ros2/sdk/point_cloud_optimize.cpp: In member function ‘int Point_cloud_optimize::UltrasonicSimRanging(LaserPoint&)’:
/root/udp_ws/src/cspc_lidar_sdk_ros2/sdk/point_cloud_optimize.cpp:228:13: warning: unused variable ‘i’ [-Wunused-variable]
  228 |         int i, index;
      |             ^
/root/udp_ws/src/cspc_lidar_sdk_ros2/sdk/point_cloud_optimize.cpp:229:15: warning: unused variable ‘tempdep’ [-Wunused-variable]
  229 |         short tempdep;
      |               ^~~~~~~
/root/udp_ws/src/cspc_lidar_sdk_ros2/sdk/point_cloud_optimize.cpp:253:1: warning: no return statement in function returning non-void [-Wreturn-type]
  253 | }
      | ^
/root/udp_ws/src/cspc_lidar_sdk_ros2/sdk/point_cloud_optimize.cpp: In member function ‘void Point_cloud_optimize::lidar_blocked_judge(int)’:
/root/udp_ws/src/cspc_lidar_sdk_ros2/sdk/point_cloud_optimize.cpp:341:60: warning: format ‘%d’ expects argument of type ‘int’, but argument 3 has type ‘size_t’ {aka ‘long unsigned int’} [-Wformat=]
  341 |                 printf("lidar 雷达被严重遮挡百分之七十 %d,%d\n",node_lidar.lidar_block.lidar_zero_count,node_lidar.scan_node_count);
      |                                                           ~^                                            ~~~~~~~~~~~~~~~~~~~~~~~~~~
      |                                                            |                                                       |
      |                                                            int                                                     size_t {aka long unsigned int}
      |                                                           %ld
/root/udp_ws/src/cspc_lidar_sdk_ros2/sdk/point_cloud_optimize.cpp: In member function ‘void Point_cloud_optimize::lidar_blocked_init()’:
/root/udp_ws/src/cspc_lidar_sdk_ros2/sdk/point_cloud_optimize.cpp:404:69: warning: suggest parentheses around ‘&&’ within ‘||’ [-Wparentheses]
  404 |                         if((angle >= 0 && angle < 90)|| angle > 270 && angle <=360){
      |                                                         ~~~~~~~~~~~~^~~~~~~~~~~~~~
/root/udp_ws/src/cspc_lidar_sdk_ros2/sdk/point_cloud_optimize.cpp:375:21: warning: unused variable ‘temp’ [-Wunused-variable]
  375 |         float r, d, temp;
      |                     ^~~~
/root/udp_ws/src/cspc_lidar_sdk_ros2/sdk/node_lidar.cpp: At global scope:
/root/udp_ws/src/cspc_lidar_sdk_ros2/sdk/node_lidar.cpp:62:21: warning: ‘status_judge’ defined but not used [-Wunused-variable]
   62 |         static bool status_judge = false;     //整体状态判断
      |                     ^~~~~~~~~~~~
/root/udp_ws/src/cspc_lidar_sdk_ros2/sdk/calibration.cpp: In function ‘void pcloud_build_by_scan(LaserScan&, pcloud_t&)’:
/root/udp_ws/src/cspc_lidar_sdk_ros2/sdk/calibration.cpp:44:21: warning: comparison of integer expressions of different signedness: ‘int’ and ‘std::vector<LaserPoint>::size_type’ {aka ‘long unsigned int’} [-Wsign-compare]
   44 |   for (int i = 0; i < outscan.points.size(); i++)
      |                   ~~^~~~~~~~~~~~~~~~~~~~~~~
/root/udp_ws/src/cspc_lidar_sdk_ros2/sdk/calibration.cpp:46:11: warning: ‘void* memset(void*, int, size_t)’ clearing an object of non-trivial type ‘point_t’ {aka ‘struct _point_’}; use assignment or value-initialization instead [-Wclass-memaccess]
   46 |     memset(&point, 0, sizeof(point_t));
      |     ~~~~~~^~~~~~~~~~~~~~~~~~~~~~~~~~~~
In file included from /root/udp_ws/src/cspc_lidar_sdk_ros2/sdk/calibration.cpp:8:
/root/udp_ws/src/cspc_lidar_sdk_ros2/sdk/calibration.h:52:16: note: ‘point_t’ {aka ‘struct _point_’} declared here
   52 | typedef struct _point_
      |                ^~~~~~~
/root/udp_ws/src/cspc_lidar_sdk_ros2/sdk/calibration.cpp: In function ‘int find_index(point_t, pcloud_t&)’:
/root/udp_ws/src/cspc_lidar_sdk_ros2/sdk/calibration.cpp:105:9: warning: ‘void* memset(void*, int, size_t)’ clearing an object of non-trivial type ‘point_t’ {aka ‘struct _point_’}; use assignment or value-initialization instead [-Wclass-memaccess]
  105 |   memset(&point_min, 0, sizeof(point_t));
      |   ~~~~~~^~~~~~~~~~~~~~~~~~~~~~~~~~~~~~~~
In file included from /root/udp_ws/src/cspc_lidar_sdk_ros2/sdk/calibration.cpp:8:
/root/udp_ws/src/cspc_lidar_sdk_ros2/sdk/calibration.h:52:16: note: ‘point_t’ {aka ‘struct _point_’} declared here
   52 | typedef struct _point_
      |                ^~~~~~~
/root/udp_ws/src/cspc_lidar_sdk_ros2/sdk/calibration.cpp:124:23: warning: comparison of integer expressions of different signedness: ‘int’ and ‘std::vector<_point_>::size_type’ {aka ‘long unsigned int’} [-Wsign-compare]
  124 |   if (point_min.index > pcloud.data.size())
      |       ~~~~~~~~~~~~~~~~^~~~~~~~~~~~~~~~~~~~
/root/udp_ws/src/cspc_lidar_sdk_ros2/sdk/calibration.cpp: In function ‘bool intersect(LineSegment, LineSegment, Vector2D&)’:
/root/udp_ws/src/cspc_lidar_sdk_ros2/sdk/calibration.cpp:167:10: warning: unused variable ‘cross1’ [-Wunused-variable]
  167 |   double cross1 = position1.x * direction1.y - position1.y * direction1.x;
      |          ^~~~~~
/root/udp_ws/src/cspc_lidar_sdk_ros2/sdk/calibration.cpp: In function ‘double pointToLineDist(point_t, double, double)’:
/root/udp_ws/src/cspc_lidar_sdk_ros2/sdk/calibration.cpp:439:10: warning: unused variable ‘y0’ [-Wunused-variable]
  439 |   double y0 = k * x0 + b;
      |          ^~
/root/udp_ws/src/cspc_lidar_sdk_ros2/sdk/calibration.cpp: In function ‘bool line_judgment(std::vector<_point_>, point_t)’:
/root/udp_ws/src/cspc_lidar_sdk_ros2/sdk/calibration.cpp:462:19: warning: comparison of integer expressions of different signedness: ‘std::vector<_point_>::size_type’ {aka ‘long unsigned int’} and ‘int’ [-Wsign-compare]
  462 |   if (line.size() <= reference)
      |       ~~~~~~~~~~~~^~~~~~~~~~~~
/root/udp_ws/src/cspc_lidar_sdk_ros2/sdk/calibration.cpp:467:19: warning: comparison of integer expressions of different signedness: ‘std::vector<_point_>::size_type’ {aka ‘long unsigned int’} and ‘int’ [-Wsign-compare]
  467 |   if (line.size() <= reference)
      |       ~~~~~~~~~~~~^~~~~~~~~~~~
/root/udp_ws/src/cspc_lidar_sdk_ros2/sdk/calibration.cpp:471:23: warning: comparison of integer expressions of different signedness: ‘int’ and ‘std::vector<_point_>::size_type’ {aka ‘long unsigned int’} [-Wsign-compare]
  471 |     for (int i = 1; i < line.size() - 1; i++)
      |                     ~~^~~~~~~~~~~~~~~~~
/root/udp_ws/src/cspc_lidar_sdk_ros2/sdk/calibration.cpp: In function ‘void fitting_line(pcloud_t&)’:
/root/udp_ws/src/cspc_lidar_sdk_ros2/sdk/calibration.cpp:542:25: warning: comparison of integer expressions of different signedness: ‘std::vector<_point_>::size_type’ {aka ‘long unsigned int’} and ‘int’ [-Wsign-compare]
  542 |         if (line.size() >= calibration_params.line_judgment_point_num)
      |             ~~~~~~~~~~~~^~~~~~~~~~~~~~~~~~~~~~~~~~~~~~~~~~~~~~~~~~~~~
/root/udp_ws/src/cspc_lidar_sdk_ros2/sdk/calibration.cpp:560:63: warning: comparison of integer expressions of different signedness: ‘std::vector<_point_>::size_type’ {aka ‘long unsigned int’} and ‘int’ [-Wsign-compare]
  560 |         if(point.index == point_last_one.index && line.size() >= calibration_params.line_judgment_point_num)
      |                                                   ~~~~~~~~~~~~^~~~~~~~~~~~~~~~~~~~~~~~~~~~~~~~~~~~~~~~~~~~~
/root/udp_ws/src/cspc_lidar_sdk_ros2/sdk/calibration.cpp:571:26: warning: comparison of integer expressions of different signedness: ‘int’ and ‘std::vector<_point_>::size_type’ {aka ‘long unsigned int’} [-Wsign-compare]
  571 |   if(point_record2.index < pcloud.data.size()
      |      ~~~~~~~~~~~~~~~~~~~~^~~~~~~~~~~~~~~~~~~~
/root/udp_ws/src/cspc_lidar_sdk_ros2/sdk/calibration.cpp:572:28: warning: comparison of integer expressions of different signedness: ‘int’ and ‘std::vector<_point_>::size_type’ {aka ‘long unsigned int’} [-Wsign-compare]
  572 |   &&  point_last_one.index < pcloud.data.size()
      |       ~~~~~~~~~~~~~~~~~~~~~^~~~~~~~~~~~~~~~~~~~
/root/udp_ws/src/cspc_lidar_sdk_ros2/sdk/calibration.cpp:573:27: warning: comparison of integer expressions of different signedness: ‘int’ and ‘std::vector<_point_>::size_type’ {aka ‘long unsigned int’} [-Wsign-compare]
  573 |   &&  point_record1.index < pcloud.data.size())
      |       ~~~~~~~~~~~~~~~~~~~~^~~~~~~~~~~~~~~~~~~~
/root/udp_ws/src/cspc_lidar_sdk_ros2/sdk/calibration.cpp:597:28: warning: comparison of integer expressions of different signedness: ‘std::vector<_point_>::size_type’ {aka ‘long unsigned int’} and ‘int’ [-Wsign-compare]
  597 |     if (line_append.size() >= calibration_params.line_judgment_point_num)
      |         ~~~~~~~~~~~~~~~~~~~^~~~~~~~~~~~~~~~~~~~~~~~~~~~~~~~~~~~~~~~~~~~~
/root/udp_ws/src/cspc_lidar_sdk_ros2/sdk/calibration.cpp:606:29: warning: comparison of integer expressions of different signedness: ‘std::vector<_point_>::size_type’ {aka ‘long unsigned int’} and ‘int’ [-Wsign-compare]
  606 |             if (line.size() >= calibration_params.line_judgment_point_num)
      |                 ~~~~~~~~~~~~^~~~~~~~~~~~~~~~~~~~~~~~~~~~~~~~~~~~~~~~~~~~~
/root/udp_ws/src/cspc_lidar_sdk_ros2/sdk/calibration.cpp:617:68: warning: comparison of integer expressions of different signedness: ‘std::vector<_point_>::size_type’ {aka ‘long unsigned int’} and ‘int’ [-Wsign-compare]
  617 |           if(point.index == point_append_last.index && line.size() >= calibration_params.line_judgment_point_num)
      |                                                        ~~~~~~~~~~~~^~~~~~~~~~~~~~~~~~~~~~~~~~~~~~~~~~~~~~~~~~~~~
/root/udp_ws/src/cspc_lidar_sdk_ros2/sdk/calibration.cpp:632:23: warning: comparison of integer expressions of different signedness: ‘int’ and ‘std::vector<std::vector<_point_> >::size_type’ {aka ‘long unsigned int’} [-Wsign-compare]
  632 |     for (int i = 0; i < lines.size() - 1; i++)
      |                     ~~^~~~~~~~~~~~~~~~~~
/root/udp_ws/src/cspc_lidar_sdk_ros2/sdk/calibration.cpp: In function ‘void lidar_calibration(LaserScan&)’:
/root/udp_ws/src/cspc_lidar_sdk_ros2/sdk/calibration.cpp:662:11: warning: ‘void* memset(void*, int, size_t)’ clearing an object of type ‘struct LaserPoint’ with no trivial copy-assignment; use assignment or value-initialization instead [-Wclass-memaccess]
  662 |     memset(&outscan_point, 0, sizeof(LaserPoint));
      |     ~~~~~~^~~~~~~~~~~~~~~~~~~~~~~~~~~~~~~~~~~~~~~
In file included from /root/udp_ws/src/cspc_lidar_sdk_ros2/sdk/calibration.h:4,
                 from /root/udp_ws/src/cspc_lidar_sdk_ros2/sdk/calibration.cpp:8:
/root/udp_ws/src/cspc_lidar_sdk_ros2/sdk/lidar_information.h:210:8: note: ‘struct LaserPoint’ declared here
  210 | struct LaserPoint
      |        ^~~~~~~~~~
/root/udp_ws/src/cspc_lidar_sdk_ros2/sdk/lidar_data_processing.cpp: In member function ‘bool Lidar_Data_Processing::wait_start_reply(uint64_t)’:
/root/udp_ws/src/cspc_lidar_sdk_ros2/sdk/lidar_data_processing.cpp:107:49: warning: comparison of integer expressions of different signedness: ‘int64_t’ {aka ‘long int’} and ‘uint64_t’ {aka ‘long unsigned int’} [-Wsign-compare]
  107 |   while ((waitTime = current_times() - startTs) <= timeout){
      |          ~~~~~~~~~~~~~~~~~~~~~~~~~~~~~~~~~~~~~~~^~~~~~~~~~
/root/udp_ws/src/cspc_lidar_sdk_ros2/sdk/lidar_data_processing.cpp: In member function ‘result_t Lidar_Data_Processing::waitSpeedRight(uint8_t, uint64_t)’:
/root/udp_ws/src/cspc_lidar_sdk_ros2/sdk/lidar_data_processing.cpp:209:56: warning: unused parameter ‘cmd’ [-Wunused-parameter]
  209 | result_t Lidar_Data_Processing::waitSpeedRight(uint8_t cmd,uint64_t timeout)
      |                                                ~~~~~~~~^~~
/root/udp_ws/src/cspc_lidar_sdk_ros2/sdk/lidar_data_processing.cpp: In member function ‘result_t Lidar_Data_Processing::waitResponseHeader(uint8_t, uint64_t)’:
/root/udp_ws/src/cspc_lidar_sdk_ros2/sdk/lidar_data_processing.cpp:481:28: warning: format ‘%d’ expects argument of type ‘int’, but argument 4 has type ‘size_t’ {aka ‘long unsigned int’} [-Wformat=]
  481 |       printf("data**%d,%d,%d\n",check_sum_cal,recvBuffer[remainSize-1],remainSize);
      |                           ~^                                           ~~~~~~~~~~
      |                            |                                           |
      |                            int                                         size_t {aka long unsigned int}
      |                           %ld
/root/udp_ws/src/cspc_lidar_sdk_ros2/sdk/lidar_data_processing.cpp: In member function ‘result_t Lidar_Data_Processing::waitPackage_coin(node_info*, uint32_t)’:
/root/udp_ws/src/cspc_lidar_sdk_ros2/sdk/lidar_data_processing.cpp:973:9: warning: unused variable ‘k’ [-Wunused-variable]
  973 |     int k;
      |         ^
/root/udp_ws/src/cspc_lidar_sdk_ros2/sdk/lidar_data_processing.cpp:873:11: warning: variable ‘AngleCorrectForDistance’ set but not used [-Wunused-but-set-variable]
  873 |   int32_t AngleCorrectForDistance = 0;
      |           ^~~~~~~~~~~~~~~~~~~~~~~
/root/udp_ws/src/cspc_lidar_sdk_ros2/sdk/lidar_data_processing.cpp:875:11: warning: unused variable ‘package_type’ [-Wunused-variable]
  875 |   uint8_t package_type = 0;
      |           ^~~~~~~~~~~~
/root/udp_ws/src/cspc_lidar_sdk_ros2/sdk/lidar_data_processing.cpp:877:12: warning: unused variable ‘start’ [-Wunused-variable]
  877 |   uint16_t start;
      |            ^~~~~
/root/udp_ws/src/cspc_lidar_sdk_ros2/sdk/lidar_data_processing.cpp:878:12: warning: unused variable ‘stop’ [-Wunused-variable]
  878 |   uint16_t stop;
      |            ^~~~
/root/udp_ws/src/cspc_lidar_sdk_ros2/src/node_lidar_ros.cpp: In function ‘int Scan_to_PointCloud(LaserScan&, sensor_msgs::msg::PointCloud2&)’:
/root/udp_ws/src/cspc_lidar_sdk_ros2/src/node_lidar_ros.cpp:85:24: warning: comparison of integer expressions of different signedness: ‘int’ and ‘std::vector<LaserPoint>::size_type’ {aka ‘long unsigned int’} [-Wsign-compare]
   85 |         for(int i = 0;i<scan.points.size();i++)
      |                       ~^~~~~~~~~~~~~~~~~~~
/root/udp_ws/src/cspc_lidar_sdk_ros2/src/node_lidar_ros.cpp:95:1: warning: no return statement in function returning non-void [-Wreturn-type]
   95 | }
      | ^
/root/udp_ws/src/cspc_lidar_sdk_ros2/src/node_lidar_ros.cpp: In function ‘int topic_thread()’:
/root/udp_ws/src/cspc_lidar_sdk_ros2/src/node_lidar_ros.cpp:100:1: warning: no return statement in function returning non-void [-Wreturn-type]
  100 | }
      | ^
/root/udp_ws/src/cspc_lidar_sdk_ros2/src/node_lidar_ros.cpp: In function ‘int main(int, char**)’:
/root/udp_ws/src/cspc_lidar_sdk_ros2/src/node_lidar_ros.cpp:109:32: error: no matching function for call to ‘rclcpp::Node::declare_parameter(const char [5])’
  109 |         node->declare_parameter("port");
      |         ~~~~~~~~~~~~~~~~~~~~~~~^~~~~~~~
In file included from /opt/ros/humble/include/rclcpp/rclcpp/executors/single_threaded_executor.hpp:28,
                 from /opt/ros/humble/include/rclcpp/rclcpp/executors.hpp:22,
                 from /opt/ros/humble/include/rclcpp/rclcpp/rclcpp.hpp:155,
                 from /root/udp_ws/src/cspc_lidar_sdk_ros2/include/cspc_lidar/node_lidar_ros.h:4,
                 from /root/udp_ws/src/cspc_lidar_sdk_ros2/src/node_lidar_ros.cpp:1:
/opt/ros/humble/include/rclcpp/rclcpp/node.hpp:421:3: note: candidate: ‘template<class ParameterT> auto rclcpp::Node::declare_parameter(const string&, const ParameterT&, const ParameterDescriptor&, bool)’
  421 |   declare_parameter(
      |   ^~~~~~~~~~~~~~~~~
/opt/ros/humble/include/rclcpp/rclcpp/node.hpp:421:3: note:   template argument deduction/substitution failed:
/root/udp_ws/src/cspc_lidar_sdk_ros2/src/node_lidar_ros.cpp:109:32: note:   candidate expects 4 arguments, 1 provided
  109 |         node->declare_parameter("port");
      |         ~~~~~~~~~~~~~~~~~~~~~~~^~~~~~~~
In file included from /opt/ros/humble/include/rclcpp/rclcpp/executors/single_threaded_executor.hpp:28,
                 from /opt/ros/humble/include/rclcpp/rclcpp/executors.hpp:22,
                 from /opt/ros/humble/include/rclcpp/rclcpp/rclcpp.hpp:155,
                 from /root/udp_ws/src/cspc_lidar_sdk_ros2/include/cspc_lidar/node_lidar_ros.h:4,
                 from /root/udp_ws/src/cspc_lidar_sdk_ros2/src/node_lidar_ros.cpp:1:
/opt/ros/humble/include/rclcpp/rclcpp/node.hpp:434:3: note: candidate: ‘template<class ParameterT> auto rclcpp::Node::declare_parameter(const string&, const ParameterDescriptor&, bool)’
  434 |   declare_parameter(
      |   ^~~~~~~~~~~~~~~~~
/opt/ros/humble/include/rclcpp/rclcpp/node.hpp:434:3: note:   template argument deduction/substitution failed:
/root/udp_ws/src/cspc_lidar_sdk_ros2/src/node_lidar_ros.cpp:109:32: note:   couldn’t deduce template parameter ‘ParameterT’
  109 |         node->declare_parameter("port");
      |         ~~~~~~~~~~~~~~~~~~~~~~~^~~~~~~~
In file included from /opt/ros/humble/include/rclcpp/rclcpp/executors/single_threaded_executor.hpp:28,
                 from /opt/ros/humble/include/rclcpp/rclcpp/executors.hpp:22,
                 from /opt/ros/humble/include/rclcpp/rclcpp/rclcpp.hpp:155,
                 from /root/udp_ws/src/cspc_lidar_sdk_ros2/include/cspc_lidar/node_lidar_ros.h:4,
                 from /root/udp_ws/src/cspc_lidar_sdk_ros2/src/node_lidar_ros.cpp:1:
/opt/ros/humble/include/rclcpp/rclcpp/node.hpp:366:3: note: candidate: ‘const rclcpp::ParameterValue& rclcpp::Node::declare_parameter(const string&, const rclcpp::ParameterValue&, const ParameterDescriptor&, bool)’
  366 |   declare_parameter(
      |   ^~~~~~~~~~~~~~~~~
/opt/ros/humble/include/rclcpp/rclcpp/node.hpp:366:3: note:   candidate expects 4 arguments, 1 provided
/opt/ros/humble/include/rclcpp/rclcpp/node.hpp:391:3: note: candidate: ‘const rclcpp::ParameterValue& rclcpp::Node::declare_parameter(const string&, rclcpp::ParameterType, const ParameterDescriptor&, bool)’
  391 |   declare_parameter(
      |   ^~~~~~~~~~~~~~~~~
/opt/ros/humble/include/rclcpp/rclcpp/node.hpp:391:3: note:   candidate expects 4 arguments, 1 provided
/root/udp_ws/src/cspc_lidar_sdk_ros2/src/node_lidar_ros.cpp:112:32: error: no matching function for call to ‘rclcpp::Node::declare_parameter(const char [9])’
  112 |         node->declare_parameter("baudrate");
      |         ~~~~~~~~~~~~~~~~~~~~~~~^~~~~~~~~~~~
In file included from /opt/ros/humble/include/rclcpp/rclcpp/executors/single_threaded_executor.hpp:28,
                 from /opt/ros/humble/include/rclcpp/rclcpp/executors.hpp:22,
                 from /opt/ros/humble/include/rclcpp/rclcpp/rclcpp.hpp:155,
                 from /root/udp_ws/src/cspc_lidar_sdk_ros2/include/cspc_lidar/node_lidar_ros.h:4,
                 from /root/udp_ws/src/cspc_lidar_sdk_ros2/src/node_lidar_ros.cpp:1:
/opt/ros/humble/include/rclcpp/rclcpp/node.hpp:421:3: note: candidate: ‘template<class ParameterT> auto rclcpp::Node::declare_parameter(const string&, const ParameterT&, const ParameterDescriptor&, bool)’
  421 |   declare_parameter(
      |   ^~~~~~~~~~~~~~~~~
/opt/ros/humble/include/rclcpp/rclcpp/node.hpp:421:3: note:   template argument deduction/substitution failed:
/root/udp_ws/src/cspc_lidar_sdk_ros2/src/node_lidar_ros.cpp:112:32: note:   candidate expects 4 arguments, 1 provided
  112 |         node->declare_parameter("baudrate");
      |         ~~~~~~~~~~~~~~~~~~~~~~~^~~~~~~~~~~~
In file included from /opt/ros/humble/include/rclcpp/rclcpp/executors/single_threaded_executor.hpp:28,
                 from /opt/ros/humble/include/rclcpp/rclcpp/executors.hpp:22,
                 from /opt/ros/humble/include/rclcpp/rclcpp/rclcpp.hpp:155,
                 from /root/udp_ws/src/cspc_lidar_sdk_ros2/include/cspc_lidar/node_lidar_ros.h:4,
                 from /root/udp_ws/src/cspc_lidar_sdk_ros2/src/node_lidar_ros.cpp:1:
/opt/ros/humble/include/rclcpp/rclcpp/node.hpp:434:3: note: candidate: ‘template<class ParameterT> auto rclcpp::Node::declare_parameter(const string&, const ParameterDescriptor&, bool)’
  434 |   declare_parameter(
      |   ^~~~~~~~~~~~~~~~~
/opt/ros/humble/include/rclcpp/rclcpp/node.hpp:434:3: note:   template argument deduction/substitution failed:
/root/udp_ws/src/cspc_lidar_sdk_ros2/src/node_lidar_ros.cpp:112:32: note:   couldn’t deduce template parameter ‘ParameterT’
  112 |         node->declare_parameter("baudrate");
      |         ~~~~~~~~~~~~~~~~~~~~~~~^~~~~~~~~~~~
In file included from /opt/ros/humble/include/rclcpp/rclcpp/executors/single_threaded_executor.hpp:28,
                 from /opt/ros/humble/include/rclcpp/rclcpp/executors.hpp:22,
                 from /opt/ros/humble/include/rclcpp/rclcpp/rclcpp.hpp:155,
                 from /root/udp_ws/src/cspc_lidar_sdk_ros2/include/cspc_lidar/node_lidar_ros.h:4,
                 from /root/udp_ws/src/cspc_lidar_sdk_ros2/src/node_lidar_ros.cpp:1:
/opt/ros/humble/include/rclcpp/rclcpp/node.hpp:366:3: note: candidate: ‘const rclcpp::ParameterValue& rclcpp::Node::declare_parameter(const string&, const rclcpp::ParameterValue&, const ParameterDescriptor&, bool)’
  366 |   declare_parameter(
      |   ^~~~~~~~~~~~~~~~~
/opt/ros/humble/include/rclcpp/rclcpp/node.hpp:366:3: note:   candidate expects 4 arguments, 1 provided
/opt/ros/humble/include/rclcpp/rclcpp/node.hpp:391:3: note: candidate: ‘const rclcpp::ParameterValue& rclcpp::Node::declare_parameter(const string&, rclcpp::ParameterType, const ParameterDescriptor&, bool)’
  391 |   declare_parameter(
      |   ^~~~~~~~~~~~~~~~~
/opt/ros/humble/include/rclcpp/rclcpp/node.hpp:391:3: note:   candidate expects 4 arguments, 1 provided
/root/udp_ws/src/cspc_lidar_sdk_ros2/src/node_lidar_ros.cpp:115:32: error: no matching function for call to ‘rclcpp::Node::declare_parameter(const char [9])’
  115 |         node->declare_parameter("frame_id");
      |         ~~~~~~~~~~~~~~~~~~~~~~~^~~~~~~~~~~~
In file included from /opt/ros/humble/include/rclcpp/rclcpp/executors/single_threaded_executor.hpp:28,
                 from /opt/ros/humble/include/rclcpp/rclcpp/executors.hpp:22,
                 from /opt/ros/humble/include/rclcpp/rclcpp/rclcpp.hpp:155,
                 from /root/udp_ws/src/cspc_lidar_sdk_ros2/include/cspc_lidar/node_lidar_ros.h:4,
                 from /root/udp_ws/src/cspc_lidar_sdk_ros2/src/node_lidar_ros.cpp:1:
/opt/ros/humble/include/rclcpp/rclcpp/node.hpp:421:3: note: candidate: ‘template<class ParameterT> auto rclcpp::Node::declare_parameter(const string&, const ParameterT&, const ParameterDescriptor&, bool)’
  421 |   declare_parameter(
      |   ^~~~~~~~~~~~~~~~~
/opt/ros/humble/include/rclcpp/rclcpp/node.hpp:421:3: note:   template argument deduction/substitution failed:
/root/udp_ws/src/cspc_lidar_sdk_ros2/src/node_lidar_ros.cpp:115:32: note:   candidate expects 4 arguments, 1 provided
  115 |         node->declare_parameter("frame_id");
      |         ~~~~~~~~~~~~~~~~~~~~~~~^~~~~~~~~~~~
In file included from /opt/ros/humble/include/rclcpp/rclcpp/executors/single_threaded_executor.hpp:28,
                 from /opt/ros/humble/include/rclcpp/rclcpp/executors.hpp:22,
                 from /opt/ros/humble/include/rclcpp/rclcpp/rclcpp.hpp:155,
                 from /root/udp_ws/src/cspc_lidar_sdk_ros2/include/cspc_lidar/node_lidar_ros.h:4,
                 from /root/udp_ws/src/cspc_lidar_sdk_ros2/src/node_lidar_ros.cpp:1:
/opt/ros/humble/include/rclcpp/rclcpp/node.hpp:434:3: note: candidate: ‘template<class ParameterT> auto rclcpp::Node::declare_parameter(const string&, const ParameterDescriptor&, bool)’
  434 |   declare_parameter(
      |   ^~~~~~~~~~~~~~~~~
/opt/ros/humble/include/rclcpp/rclcpp/node.hpp:434:3: note:   template argument deduction/substitution failed:
/root/udp_ws/src/cspc_lidar_sdk_ros2/src/node_lidar_ros.cpp:115:32: note:   couldn’t deduce template parameter ‘ParameterT’
  115 |         node->declare_parameter("frame_id");
      |         ~~~~~~~~~~~~~~~~~~~~~~~^~~~~~~~~~~~
In file included from /opt/ros/humble/include/rclcpp/rclcpp/executors/single_threaded_executor.hpp:28,
                 from /opt/ros/humble/include/rclcpp/rclcpp/executors.hpp:22,
                 from /opt/ros/humble/include/rclcpp/rclcpp/rclcpp.hpp:155,
                 from /root/udp_ws/src/cspc_lidar_sdk_ros2/include/cspc_lidar/node_lidar_ros.h:4,
                 from /root/udp_ws/src/cspc_lidar_sdk_ros2/src/node_lidar_ros.cpp:1:
/opt/ros/humble/include/rclcpp/rclcpp/node.hpp:366:3: note: candidate: ‘const rclcpp::ParameterValue& rclcpp::Node::declare_parameter(const string&, const rclcpp::ParameterValue&, const ParameterDescriptor&, bool)’
  366 |   declare_parameter(
      |   ^~~~~~~~~~~~~~~~~
/opt/ros/humble/include/rclcpp/rclcpp/node.hpp:366:3: note:   candidate expects 4 arguments, 1 provided
/opt/ros/humble/include/rclcpp/rclcpp/node.hpp:391:3: note: candidate: ‘const rclcpp::ParameterValue& rclcpp::Node::declare_parameter(const string&, rclcpp::ParameterType, const ParameterDescriptor&, bool)’
  391 |   declare_parameter(
      |   ^~~~~~~~~~~~~~~~~
/opt/ros/humble/include/rclcpp/rclcpp/node.hpp:391:3: note:   candidate expects 4 arguments, 1 provided
/root/udp_ws/src/cspc_lidar_sdk_ros2/src/node_lidar_ros.cpp:118:32: error: no matching function for call to ‘rclcpp::Node::declare_parameter(const char [8])’
  118 |         node->declare_parameter("version");
      |         ~~~~~~~~~~~~~~~~~~~~~~~^~~~~~~~~~~
In file included from /opt/ros/humble/include/rclcpp/rclcpp/executors/single_threaded_executor.hpp:28,
                 from /opt/ros/humble/include/rclcpp/rclcpp/executors.hpp:22,
                 from /opt/ros/humble/include/rclcpp/rclcpp/rclcpp.hpp:155,
                 from /root/udp_ws/src/cspc_lidar_sdk_ros2/include/cspc_lidar/node_lidar_ros.h:4,
                 from /root/udp_ws/src/cspc_lidar_sdk_ros2/src/node_lidar_ros.cpp:1:
/opt/ros/humble/include/rclcpp/rclcpp/node.hpp:421:3: note: candidate: ‘template<class ParameterT> auto rclcpp::Node::declare_parameter(const string&, const ParameterT&, const ParameterDescriptor&, bool)’
  421 |   declare_parameter(
      |   ^~~~~~~~~~~~~~~~~
/opt/ros/humble/include/rclcpp/rclcpp/node.hpp:421:3: note:   template argument deduction/substitution failed:
/root/udp_ws/src/cspc_lidar_sdk_ros2/src/node_lidar_ros.cpp:118:32: note:   candidate expects 4 arguments, 1 provided
  118 |         node->declare_parameter("version");
      |         ~~~~~~~~~~~~~~~~~~~~~~~^~~~~~~~~~~
In file included from /opt/ros/humble/include/rclcpp/rclcpp/executors/single_threaded_executor.hpp:28,
                 from /opt/ros/humble/include/rclcpp/rclcpp/executors.hpp:22,
                 from /opt/ros/humble/include/rclcpp/rclcpp/rclcpp.hpp:155,
                 from /root/udp_ws/src/cspc_lidar_sdk_ros2/include/cspc_lidar/node_lidar_ros.h:4,
                 from /root/udp_ws/src/cspc_lidar_sdk_ros2/src/node_lidar_ros.cpp:1:
/opt/ros/humble/include/rclcpp/rclcpp/node.hpp:434:3: note: candidate: ‘template<class ParameterT> auto rclcpp::Node::declare_parameter(const string&, const ParameterDescriptor&, bool)’
  434 |   declare_parameter(
      |   ^~~~~~~~~~~~~~~~~
/opt/ros/humble/include/rclcpp/rclcpp/node.hpp:434:3: note:   template argument deduction/substitution failed:
/root/udp_ws/src/cspc_lidar_sdk_ros2/src/node_lidar_ros.cpp:118:32: note:   couldn’t deduce template parameter ‘ParameterT’
  118 |         node->declare_parameter("version");
      |         ~~~~~~~~~~~~~~~~~~~~~~~^~~~~~~~~~~
In file included from /opt/ros/humble/include/rclcpp/rclcpp/executors/single_threaded_executor.hpp:28,
                 from /opt/ros/humble/include/rclcpp/rclcpp/executors.hpp:22,
                 from /opt/ros/humble/include/rclcpp/rclcpp/rclcpp.hpp:155,
                 from /root/udp_ws/src/cspc_lidar_sdk_ros2/include/cspc_lidar/node_lidar_ros.h:4,
                 from /root/udp_ws/src/cspc_lidar_sdk_ros2/src/node_lidar_ros.cpp:1:
/opt/ros/humble/include/rclcpp/rclcpp/node.hpp:366:3: note: candidate: ‘const rclcpp::ParameterValue& rclcpp::Node::declare_parameter(const string&, const rclcpp::ParameterValue&, const ParameterDescriptor&, bool)’
  366 |   declare_parameter(
      |   ^~~~~~~~~~~~~~~~~
/opt/ros/humble/include/rclcpp/rclcpp/node.hpp:366:3: note:   candidate expects 4 arguments, 1 provided
/opt/ros/humble/include/rclcpp/rclcpp/node.hpp:391:3: note: candidate: ‘const rclcpp::ParameterValue& rclcpp::Node::declare_parameter(const string&, rclcpp::ParameterType, const ParameterDescriptor&, bool)’
  391 |   declare_parameter(
      |   ^~~~~~~~~~~~~~~~~
/opt/ros/humble/include/rclcpp/rclcpp/node.hpp:391:3: note:   candidate expects 4 arguments, 1 provided
/root/udp_ws/src/cspc_lidar_sdk_ros2/src/node_lidar_ros.cpp:183:40: warning: comparison of integer expressions of different signedness: ‘int’ and ‘std::vector<LaserPoint>::size_type’ {aka ‘long unsigned int’} [-Wsign-compare]
  183 |                         for(int i=0; i < scan.points.size(); i++) {
      |                                      ~~^~~~~~~~~~~~~~~~~~~~
gmake[2]: *** [CMakeFiles/cspc_lidar.dir/build.make:174：CMakeFiles/cspc_lidar.dir/src/node_lidar_ros.cpp.o] 错误 1
gmake[1]: *** [CMakeFiles/Makefile2:137：CMakeFiles/cspc_lidar.dir/all] 错误 2
gmake: *** [Makefile:146：all] 错误 2
