[0.021s] Invoking command in '/root/udp_ws/build/cspc_lidar': CMAKE_PREFIX_PATH=${CMAKE_PREFIX_PATH}:/opt/ros/humble /usr/bin/cmake --build /root/udp_ws/build/cspc_lidar -- -j6 -l6
[0.059s] -- Found ament_cmake: 1.3.12 (/opt/ros/humble/share/ament_cmake/cmake)
[0.294s] -- Found rclcpp: 16.0.15 (/opt/ros/humble/share/rclcpp/cmake)
[0.341s] -- Found rosidl_generator_c: 3.1.7 (/opt/ros/humble/share/rosidl_generator_c/cmake)
[0.345s] -- Found rosidl_adapter: 3.1.7 (/opt/ros/humble/share/rosidl_adapter/cmake)
[0.355s] -- Found rosidl_generator_cpp: 3.1.7 (/opt/ros/humble/share/rosidl_generator_cpp/cmake)
[0.372s] -- Using all available rosidl_typesupport_c: rosidl_typesupport_fastrtps_c;rosidl_typesupport_introspection_c
[0.394s] -- Using all available rosidl_typesupport_cpp: rosidl_typesupport_fastrtps_cpp;rosidl_typesupport_introspection_cpp
[0.452s] -- Found rmw_implementation_cmake: 6.1.2 (/opt/ros/humble/share/rmw_implementation_cmake/cmake)
[0.455s] -- Found rmw_fastrtps_cpp: 6.2.9 (/opt/ros/humble/share/rmw_fastrtps_cpp/cmake)
[0.593s] -- Using RMW implementation 'rmw_fastrtps_cpp' as default
[0.685s] -- Found sensor_msgs: 4.9.0 (/opt/ros/humble/share/sensor_msgs/cmake)
[0.738s] -- Found visualization_msgs: 4.9.0 (/opt/ros/humble/share/visualization_msgs/cmake)
[0.775s] -- Found pcl_conversions: 2.4.5 (/opt/ros/humble/share/pcl_conversions/cmake)
[0.840s] -- Eigen found (include: /usr/include/eigen3, version: 3.4.0)
[0.885s] -- FLANN found (include: /usr/include, lib: /usr/lib/aarch64-linux-gnu/libflann_cpp.so)
[1.389s] -- OpenNI found (version: 1.5.4.0, include: /usr/include/ni, lib: /usr/lib/libOpenNI.so;libusb::libusb)
[1.398s] -- OpenNI2 found (version: 2.2.0.33, include: /usr/include/openni2, lib: /usr/lib/aarch64-linux-gnu/libOpenNI2.so;libusb::libusb)
[1.672s] -- Eigen found (include: /usr/include/eigen3, version: 3.4.0)
[1.681s] -- OpenNI found (version: 1.5.4.0, include: /usr/include/ni, lib: /usr/lib/libOpenNI.so;libusb::libusb)
[1.691s] -- OpenNI2 found (version: 2.2.0.33, include: /usr/include/openni2, lib: /usr/lib/aarch64-linux-gnu/libOpenNI2.so;libusb::libusb)
[1.950s] -- Found Qhull version 8.0.2
[2.218s] -- OpenNI found (version: 1.5.4.0, include: /usr/include/ni, lib: /usr/lib/libOpenNI.so;libusb::libusb)
[2.497s] CMake Warning (dev) at CMakeLists.txt:19 (find_package):
[2.497s]   Policy CMP0074 is not set: find_package uses <PackageName>_ROOT variables.
[2.497s]   Run "cmake --help-policy CMP0074" for policy details.  Use the cmake_policy
[2.498s]   command to set the policy and suppress this warning.
[2.498s] 
[2.498s]   CMake variable PCL_ROOT is set to:
[2.498s] 
[2.498s]     /usr
[2.498s] 
[2.499s]   For compatibility, CMake is ignoring the variable.
[2.499s] This warning is for project developers.  Use -Wno-dev to suppress it.
[2.499s] 
[2.522s] -- Found ament_lint_auto: 0.12.14 (/opt/ros/humble/share/ament_lint_auto/cmake)
[2.766s] -- Found eigen3_cmake_module: 0.1.1 (/opt/ros/humble/share/eigen3_cmake_module/cmake)
[2.769s] -- Found Eigen3: TRUE (found version "3.4.0") 
[2.769s] -- Ensuring Eigen3 include directory is part of orocos-kdl CMake target
[2.973s] -- Added test 'copyright' to check source files copyright and LICENSE
[2.977s] -- Added test 'cppcheck' to perform static code analysis on C / C++ code
[2.978s] -- Configured cppcheck include dirs: /root/udp_ws/src/cspc_lidar_sdk_ros2/include/cspc_lidar;/root/udp_ws/src/cspc_lidar_sdk_ros2/sdk
[2.978s] -- Configured cppcheck exclude dirs and/or files: 
[2.981s] -- Added test 'cpplint' to check C / C++ code against the Google style
[2.982s] -- Configured cpplint exclude dirs and/or files: 
[2.983s] -- Added test 'flake8' to check Python code syntax and style conventions
[2.984s] -- Added test 'lint_cmake' to check CMake code style
[2.985s] -- Added test 'pep257' to check Python code against some of the docstring style conventions in PEP 257
[2.989s] -- Added test 'uncrustify' to check C / C++ code style
[2.989s] -- Configured uncrustify additional arguments: 
[2.990s] -- Added test 'xmllint' to check XML markup files
[2.992s] -- Configuring done
[3.105s] -- Generating done
[3.129s] -- Build files have been written to: /root/udp_ws/build/cspc_lidar
[3.192s] Consolidate compiler generated dependencies of target cspc_lidar
[3.208s] [ 11%] Building CXX object CMakeFiles/cspc_lidar.dir/sdk/mtime.cpp.o
[3.209s] [ 22%] Building CXX object CMakeFiles/cspc_lidar.dir/sdk/node_lidar.cpp.o
[3.210s] [ 33%] Building CXX object CMakeFiles/cspc_lidar.dir/sdk/serial_port.cpp.o
[3.422s] [ 44%] Building CXX object CMakeFiles/cspc_lidar.dir/sdk/point_cloud_optimize.cpp.o
[3.985s] In file included from /root/udp_ws/src/cspc_lidar_sdk_ros2/sdk/serial_port.cpp:12:
[3.985s] /root/udp_ws/src/cspc_lidar_sdk_ros2/sdk/serial_port.h: In constructor ‘Serial_Port::Serial_Port(const string&, uint32_t, Timeout, bytesize_t, parity_t, stopbits_t, flowcontrol_t)’:
[3.986s] /root/udp_ws/src/cspc_lidar_sdk_ros2/sdk/serial_port.h:102:14: warning: ‘Serial_Port::bytesize_’ will be initialized after [-Wreorder]
[3.986s]   102 |   bytesize_t bytesize_;       // Size of the bytes
[3.986s]       |              ^~~~~~~~~
[3.987s] /root/udp_ws/src/cspc_lidar_sdk_ros2/sdk/serial_port.h:101:12: warning:   ‘parity_t Serial_Port::parity_’ [-Wreorder]
[3.987s]   101 |   parity_t parity_;           // Parity
[3.987s]       |            ^~~~~~~
[3.987s] /root/udp_ws/src/cspc_lidar_sdk_ros2/sdk/serial_port.cpp:31:1: warning:   when initialized here [-Wreorder]
[3.987s]    31 | Serial_Port::Serial_Port(const string &port, uint32_t baudrate, Timeout timeout,
[3.987s]       | ^~~~~~~~~~~
[3.994s] /root/udp_ws/src/cspc_lidar_sdk_ros2/sdk/serial_port.cpp: In member function ‘bool Serial_Port::setBaudrate(long unsigned int)’:
[3.995s] /root/udp_ws/src/cspc_lidar_sdk_ros2/sdk/serial_port.cpp:578:11: warning: unused variable ‘new_baud’ [-Wunused-variable]
[3.995s]   578 |   speed_t new_baud = static_cast<speed_t>(baudrate);
[3.995s]       |           ^~~~~~~~
[4.081s] /root/udp_ws/src/cspc_lidar_sdk_ros2/sdk/serial_port.cpp: In member function ‘bool Serial_Port::setCustomBaudRate(long unsigned int)’:
[4.082s] /root/udp_ws/src/cspc_lidar_sdk_ros2/sdk/serial_port.cpp:571:1: warning: control reaches end of non-void function [-Wreturn-type]
[4.082s]   571 | }
[4.082s]       | ^
[4.161s] /root/udp_ws/src/cspc_lidar_sdk_ros2/sdk/node_lidar.cpp: In function ‘void flushSerial()’:
[4.162s] /root/udp_ws/src/cspc_lidar_sdk_ros2/sdk/node_lidar.cpp:53:24: warning: unused variable ‘bytes_read’ [-Wunused-variable]
[4.162s]    53 |                 size_t bytes_read = node_lidar.serial_port->read_data(buffer, len);
[4.163s]       |                        ^~~~~~~~~~
[4.163s] /root/udp_ws/src/cspc_lidar_sdk_ros2/sdk/node_lidar.cpp: In function ‘bool lidar_state_judgment()’:
[4.163s] /root/udp_ws/src/cspc_lidar_sdk_ros2/sdk/node_lidar.cpp:86:45: warning: format ‘%lld’ expects argument of type ‘long long int’, but argument 2 has type ‘uint64_t’ {aka ‘long unsigned int’} [-Wformat=]
[4.163s]    86 |                 printf("状态异常重新启动 %lld\n",lidar_status_time);
[4.163s]       |                                          ~~~^    ~~~~~~~~~~~~~~~~~
[4.164s]       |                                             |    |
[4.164s]       |                                             |    uint64_t {aka long unsigned int}
[4.164s]       |                                             long long int
[4.164s]       |                                          %ld
[4.165s] /root/udp_ws/src/cspc_lidar_sdk_ros2/sdk/node_lidar.cpp:62:21: warning: unused variable ‘status_judge’ [-Wunused-variable]
[4.165s]    62 |         static bool status_judge = false;     //整体状态判断
[4.165s]       |                     ^~~~~~~~~~~~
[4.165s] /root/udp_ws/src/cspc_lidar_sdk_ros2/sdk/node_lidar.cpp:65:21: warning: variable ‘lidar_start_flag’ set but not used [-Wunused-but-set-variable]
[4.166s]    65 |         static bool lidar_start_flag = false; //下发雷达启动指令后的雷达反馈标志
[4.167s]       |                     ^~~~~~~~~~~~~~~~
[4.167s] /root/udp_ws/src/cspc_lidar_sdk_ros2/sdk/node_lidar.cpp: In function ‘int read_forever()’:
[4.168s] /root/udp_ws/src/cspc_lidar_sdk_ros2/sdk/node_lidar.cpp:206:82: warning: format ‘%d’ expects argument of type ‘int’, but argument 2 has type ‘size_t’ {aka ‘long unsigned int’} [-Wformat=]
[4.168s]   206 |                                                         printf("full----- count=%d,time=%lld,frequence=%d\n",scan_count,current_times(),local_scan[0].scan_frequence);
[4.169s]       |                                                                                 ~^                           ~~~~~~~~~~
[4.170s]       |                                                                                  |                           |
[4.170s]       |                                                                                  int                         size_t {aka long unsigned int}
[4.171s]       |                                                                                 %ld
[4.171s] /root/udp_ws/src/cspc_lidar_sdk_ros2/sdk/node_lidar.cpp:206:92: warning: format ‘%lld’ expects argument of type ‘long long int’, but argument 3 has type ‘int64_t’ {aka ‘long int’} [-Wformat=]
[4.171s]   206 |                                                         printf("full----- count=%d,time=%lld,frequence=%d\n",scan_count,current_times(),local_scan[0].scan_frequence);
[4.172s]       |                                                                                         ~~~^                            ~~~~~~~~~~~~~~~
[4.172s]       |                                                                                            |                                         |
[4.173s]       |                                                                                            long long int                             int64_t {aka long int}
[4.174s]       |                                                                                         %ld
[4.174s] /root/udp_ws/src/cspc_lidar_sdk_ros2/sdk/node_lidar.cpp: In function ‘void send_lidar_data(LaserScan&)’:
[4.175s] /root/udp_ws/src/cspc_lidar_sdk_ros2/sdk/node_lidar.cpp:312:43: warning: comparison of integer expressions of different signedness: ‘int’ and ‘size_t’ {aka ‘long unsigned int’} [-Wsign-compare]
[4.176s]   312 |                         for (int i = 0; i < count; i++)
[4.177s]       |                                         ~~^~~~~~~
[4.177s] [ 66%] Building CXX object CMakeFiles/cspc_lidar.dir/sdk/lidar_data_processing.cpp.o
[4.178s] [ 66%] Building CXX object CMakeFiles/cspc_lidar.dir/sdk/calibration.cpp.o
[4.285s] /root/udp_ws/src/cspc_lidar_sdk_ros2/sdk/point_cloud_optimize.cpp: In member function ‘void Point_cloud_optimize::PointCloudFilter(LaserScan*)’:
[4.285s] /root/udp_ws/src/cspc_lidar_sdk_ros2/sdk/point_cloud_optimize.cpp:25:25: warning: comparison of integer expressions of different signedness: ‘int’ and ‘std::vector<LaserPoint>::size_type’ {aka ‘long unsigned int’} [-Wsign-compare]
[4.286s]    25 |         for (i0 = 0; i0 < Scan->points.size(); i0++)
[4.287s]       |                      ~~~^~~~~~~~~~~~~~~~~~~~~
[4.289s] /root/udp_ws/src/cspc_lidar_sdk_ros2/sdk/point_cloud_optimize.cpp:28:25: warning: comparison of integer expressions of different signedness: ‘int’ and ‘std::vector<LaserPoint>::size_type’ {aka ‘long unsigned int’} [-Wsign-compare]
[4.290s]    28 |                 i1 = i1 < Scan->points.size() ? i1 : i1 - Scan->points.size();
[4.290s]       |                      ~~~^~~~~~~~~~~~~~~~~~~~~
[4.291s] /root/udp_ws/src/cspc_lidar_sdk_ros2/sdk/point_cloud_optimize.cpp:30:25: warning: comparison of integer expressions of different signedness: ‘int’ and ‘std::vector<LaserPoint>::size_type’ {aka ‘long unsigned int’} [-Wsign-compare]
[4.292s]    30 |                 i2 = i2 < Scan->points.size() ? i2 : i2 - Scan->points.size();
[4.292s]       |                      ~~~^~~~~~~~~~~~~~~~~~~~~
[4.294s] /root/udp_ws/src/cspc_lidar_sdk_ros2/sdk/point_cloud_optimize.cpp:32:25: warning: comparison of integer expressions of different signedness: ‘int’ and ‘std::vector<LaserPoint>::size_type’ {aka ‘long unsigned int’} [-Wsign-compare]
[4.294s]    32 |                 i3 = i3 < Scan->points.size() ? i3 : i3 - Scan->points.size();
[4.295s]       |                      ~~~^~~~~~~~~~~~~~~~~~~~~
[4.296s] /root/udp_ws/src/cspc_lidar_sdk_ros2/sdk/point_cloud_optimize.cpp:155:25: warning: comparison of integer expressions of different signedness: ‘int’ and ‘std::vector<LaserPoint>::size_type’ {aka ‘long unsigned int’} [-Wsign-compare]
[4.297s]   155 |         for (i0 = 0; i0 < Scan->points.size(); i0++)
[4.298s]       |                      ~~~^~~~~~~~~~~~~~~~~~~~~
[4.299s] /root/udp_ws/src/cspc_lidar_sdk_ros2/sdk/point_cloud_optimize.cpp:158:25: warning: comparison of integer expressions of different signedness: ‘int’ and ‘std::vector<LaserPoint>::size_type’ {aka ‘long unsigned int’} [-Wsign-compare]
[4.299s]   158 |                 i1 = i1 < Scan->points.size() ? i1 : i1 - Scan->points.size();
[4.300s]       |                      ~~~^~~~~~~~~~~~~~~~~~~~~
[4.301s] /root/udp_ws/src/cspc_lidar_sdk_ros2/sdk/point_cloud_optimize.cpp:160:25: warning: comparison of integer expressions of different signedness: ‘int’ and ‘std::vector<LaserPoint>::size_type’ {aka ‘long unsigned int’} [-Wsign-compare]
[4.302s]   160 |                 i2 = i2 < Scan->points.size() ? i2 : i2 - Scan->points.size();
[4.303s]       |                      ~~~^~~~~~~~~~~~~~~~~~~~~
[4.304s] /root/udp_ws/src/cspc_lidar_sdk_ros2/sdk/point_cloud_optimize.cpp:162:25: warning: comparison of integer expressions of different signedness: ‘int’ and ‘std::vector<LaserPoint>::size_type’ {aka ‘long unsigned int’} [-Wsign-compare]
[4.305s]   162 |                 i3 = i3 < Scan->points.size() ? i3 : i3 - Scan->points.size();
[4.305s]       |                      ~~~^~~~~~~~~~~~~~~~~~~~~
[4.306s] /root/udp_ws/src/cspc_lidar_sdk_ros2/sdk/point_cloud_optimize.cpp:164:25: warning: comparison of integer expressions of different signedness: ‘int’ and ‘std::vector<LaserPoint>::size_type’ {aka ‘long unsigned int’} [-Wsign-compare]
[4.307s]   164 |                 i4 = i4 < Scan->points.size() ? i4 : i4 - Scan->points.size();
[4.308s]       |                      ~~~^~~~~~~~~~~~~~~~~~~~~
[4.309s] /root/udp_ws/src/cspc_lidar_sdk_ros2/sdk/point_cloud_optimize.cpp: In member function ‘int Point_cloud_optimize::UltrasonicSimRanging(LaserPoint&)’:
[4.310s] /root/udp_ws/src/cspc_lidar_sdk_ros2/sdk/point_cloud_optimize.cpp:228:13: warning: unused variable ‘i’ [-Wunused-variable]
[4.311s]   228 |         int i, index;
[4.312s]       |             ^
[4.313s] /root/udp_ws/src/cspc_lidar_sdk_ros2/sdk/point_cloud_optimize.cpp:229:15: warning: unused variable ‘tempdep’ [-Wunused-variable]
[4.314s]   229 |         short tempdep;
[4.315s]       |               ^~~~~~~
[4.316s] /root/udp_ws/src/cspc_lidar_sdk_ros2/sdk/point_cloud_optimize.cpp:253:1: warning: no return statement in function returning non-void [-Wreturn-type]
[4.317s]   253 | }
[4.318s]       | ^
[4.319s] /root/udp_ws/src/cspc_lidar_sdk_ros2/sdk/point_cloud_optimize.cpp: In member function ‘void Point_cloud_optimize::lidar_blocked_judge(int)’:
[4.320s] /root/udp_ws/src/cspc_lidar_sdk_ros2/sdk/point_cloud_optimize.cpp:341:60: warning: format ‘%d’ expects argument of type ‘int’, but argument 3 has type ‘size_t’ {aka ‘long unsigned int’} [-Wformat=]
[4.321s]   341 |                 printf("lidar 雷达被严重遮挡百分之七十 %d,%d\n",node_lidar.lidar_block.lidar_zero_count,node_lidar.scan_node_count);
[4.321s]       |                                                           ~^                                            ~~~~~~~~~~~~~~~~~~~~~~~~~~
[4.322s]       |                                                            |                                                       |
[4.323s]       |                                                            int                                                     size_t {aka long unsigned int}
[4.324s]       |                                                           %ld
[4.325s] /root/udp_ws/src/cspc_lidar_sdk_ros2/sdk/point_cloud_optimize.cpp: In member function ‘void Point_cloud_optimize::lidar_blocked_init()’:
[4.326s] /root/udp_ws/src/cspc_lidar_sdk_ros2/sdk/point_cloud_optimize.cpp:404:69: warning: suggest parentheses around ‘&&’ within ‘||’ [-Wparentheses]
[4.327s]   404 |                         if((angle >= 0 && angle < 90)|| angle > 270 && angle <=360){
[4.328s]       |                                                         ~~~~~~~~~~~~^~~~~~~~~~~~~~
[4.329s] /root/udp_ws/src/cspc_lidar_sdk_ros2/sdk/point_cloud_optimize.cpp:375:21: warning: unused variable ‘temp’ [-Wunused-variable]
[4.330s]   375 |         float r, d, temp;
[4.331s]       |                     ^~~~
[4.393s] /root/udp_ws/src/cspc_lidar_sdk_ros2/sdk/node_lidar.cpp: At global scope:
[4.394s] /root/udp_ws/src/cspc_lidar_sdk_ros2/sdk/node_lidar.cpp:62:21: warning: ‘status_judge’ defined but not used [-Wunused-variable]
[4.395s]    62 |         static bool status_judge = false;     //整体状态判断
[4.396s]       |                     ^~~~~~~~~~~~
[4.587s] [ 77%] Building CXX object CMakeFiles/cspc_lidar.dir/src/node_lidar_ros.cpp.o
[4.682s] [ 88%] Building CXX object CMakeFiles/cspc_lidar.dir/sdk/timer.cpp.o
[5.070s] /root/udp_ws/src/cspc_lidar_sdk_ros2/sdk/calibration.cpp: In function ‘void pcloud_build_by_scan(LaserScan&, pcloud_t&)’:
[5.070s] /root/udp_ws/src/cspc_lidar_sdk_ros2/sdk/calibration.cpp:44:21: warning: comparison of integer expressions of different signedness: ‘int’ and ‘std::vector<LaserPoint>::size_type’ {aka ‘long unsigned int’} [-Wsign-compare]
[5.070s]    44 |   for (int i = 0; i < outscan.points.size(); i++)
[5.070s]       |                   ~~^~~~~~~~~~~~~~~~~~~~~~~
[5.071s] /root/udp_ws/src/cspc_lidar_sdk_ros2/sdk/calibration.cpp:46:11: warning: ‘void* memset(void*, int, size_t)’ clearing an object of non-trivial type ‘point_t’ {aka ‘struct _point_’}; use assignment or value-initialization instead [-Wclass-memaccess]
[5.071s]    46 |     memset(&point, 0, sizeof(point_t));
[5.072s]       |     ~~~~~~^~~~~~~~~~~~~~~~~~~~~~~~~~~~
[5.072s] In file included from /root/udp_ws/src/cspc_lidar_sdk_ros2/sdk/calibration.cpp:8:
[5.072s] /root/udp_ws/src/cspc_lidar_sdk_ros2/sdk/calibration.h:52:16: note: ‘point_t’ {aka ‘struct _point_’} declared here
[5.072s]    52 | typedef struct _point_
[5.072s]       |                ^~~~~~~
[5.072s] /root/udp_ws/src/cspc_lidar_sdk_ros2/sdk/calibration.cpp: In function ‘int find_index(point_t, pcloud_t&)’:
[5.072s] /root/udp_ws/src/cspc_lidar_sdk_ros2/sdk/calibration.cpp:105:9: warning: ‘void* memset(void*, int, size_t)’ clearing an object of non-trivial type ‘point_t’ {aka ‘struct _point_’}; use assignment or value-initialization instead [-Wclass-memaccess]
[5.073s]   105 |   memset(&point_min, 0, sizeof(point_t));
[5.073s]       |   ~~~~~~^~~~~~~~~~~~~~~~~~~~~~~~~~~~~~~~
[5.073s] In file included from /root/udp_ws/src/cspc_lidar_sdk_ros2/sdk/calibration.cpp:8:
[5.073s] /root/udp_ws/src/cspc_lidar_sdk_ros2/sdk/calibration.h:52:16: note: ‘point_t’ {aka ‘struct _point_’} declared here
[5.073s]    52 | typedef struct _point_
[5.073s]       |                ^~~~~~~
[5.074s] /root/udp_ws/src/cspc_lidar_sdk_ros2/sdk/calibration.cpp:124:23: warning: comparison of integer expressions of different signedness: ‘int’ and ‘std::vector<_point_>::size_type’ {aka ‘long unsigned int’} [-Wsign-compare]
[5.075s]   124 |   if (point_min.index > pcloud.data.size())
[5.075s]       |       ~~~~~~~~~~~~~~~~^~~~~~~~~~~~~~~~~~~~
[5.076s] /root/udp_ws/src/cspc_lidar_sdk_ros2/sdk/calibration.cpp: In function ‘bool intersect(LineSegment, LineSegment, Vector2D&)’:
[5.076s] /root/udp_ws/src/cspc_lidar_sdk_ros2/sdk/calibration.cpp:167:10: warning: unused variable ‘cross1’ [-Wunused-variable]
[5.076s]   167 |   double cross1 = position1.x * direction1.y - position1.y * direction1.x;
[5.077s]       |          ^~~~~~
[5.084s] /root/udp_ws/src/cspc_lidar_sdk_ros2/sdk/calibration.cpp: In function ‘double pointToLineDist(point_t, double, double)’:
[5.084s] /root/udp_ws/src/cspc_lidar_sdk_ros2/sdk/calibration.cpp:439:10: warning: unused variable ‘y0’ [-Wunused-variable]
[5.084s]   439 |   double y0 = k * x0 + b;
[5.085s]       |          ^~
[5.085s] /root/udp_ws/src/cspc_lidar_sdk_ros2/sdk/calibration.cpp: In function ‘bool line_judgment(std::vector<_point_>, point_t)’:
[5.086s] /root/udp_ws/src/cspc_lidar_sdk_ros2/sdk/calibration.cpp:462:19: warning: comparison of integer expressions of different signedness: ‘std::vector<_point_>::size_type’ {aka ‘long unsigned int’} and ‘int’ [-Wsign-compare]
[5.086s]   462 |   if (line.size() <= reference)
[5.087s]       |       ~~~~~~~~~~~~^~~~~~~~~~~~
[5.088s] /root/udp_ws/src/cspc_lidar_sdk_ros2/sdk/calibration.cpp:467:19: warning: comparison of integer expressions of different signedness: ‘std::vector<_point_>::size_type’ {aka ‘long unsigned int’} and ‘int’ [-Wsign-compare]
[5.088s]   467 |   if (line.size() <= reference)
[5.089s]       |       ~~~~~~~~~~~~^~~~~~~~~~~~
[5.089s] /root/udp_ws/src/cspc_lidar_sdk_ros2/sdk/calibration.cpp:471:23: warning: comparison of integer expressions of different signedness: ‘int’ and ‘std::vector<_point_>::size_type’ {aka ‘long unsigned int’} [-Wsign-compare]
[5.089s]   471 |     for (int i = 1; i < line.size() - 1; i++)
[5.090s]       |                     ~~^~~~~~~~~~~~~~~~~
[5.092s] /root/udp_ws/src/cspc_lidar_sdk_ros2/sdk/calibration.cpp: In function ‘void fitting_line(pcloud_t&)’:
[5.093s] /root/udp_ws/src/cspc_lidar_sdk_ros2/sdk/calibration.cpp:542:25: warning: comparison of integer expressions of different signedness: ‘std::vector<_point_>::size_type’ {aka ‘long unsigned int’} and ‘int’ [-Wsign-compare]
[5.094s]   542 |         if (line.size() >= calibration_params.line_judgment_point_num)
[5.095s]       |             ~~~~~~~~~~~~^~~~~~~~~~~~~~~~~~~~~~~~~~~~~~~~~~~~~~~~~~~~~
[5.095s] /root/udp_ws/src/cspc_lidar_sdk_ros2/sdk/calibration.cpp:560:63: warning: comparison of integer expressions of different signedness: ‘std::vector<_point_>::size_type’ {aka ‘long unsigned int’} and ‘int’ [-Wsign-compare]
[5.096s]   560 |         if(point.index == point_last_one.index && line.size() >= calibration_params.line_judgment_point_num)
[5.096s]       |                                                   ~~~~~~~~~~~~^~~~~~~~~~~~~~~~~~~~~~~~~~~~~~~~~~~~~~~~~~~~~
[5.097s] /root/udp_ws/src/cspc_lidar_sdk_ros2/sdk/calibration.cpp:571:26: warning: comparison of integer expressions of different signedness: ‘int’ and ‘std::vector<_point_>::size_type’ {aka ‘long unsigned int’} [-Wsign-compare]
[5.097s]   571 |   if(point_record2.index < pcloud.data.size()
[5.098s]       |      ~~~~~~~~~~~~~~~~~~~~^~~~~~~~~~~~~~~~~~~~
[5.098s] /root/udp_ws/src/cspc_lidar_sdk_ros2/sdk/calibration.cpp:572:28: warning: comparison of integer expressions of different signedness: ‘int’ and ‘std::vector<_point_>::size_type’ {aka ‘long unsigned int’} [-Wsign-compare]
[5.099s]   572 |   &&  point_last_one.index < pcloud.data.size()
[5.099s]       |       ~~~~~~~~~~~~~~~~~~~~~^~~~~~~~~~~~~~~~~~~~
[5.100s] /root/udp_ws/src/cspc_lidar_sdk_ros2/sdk/calibration.cpp:573:27: warning: comparison of integer expressions of different signedness: ‘int’ and ‘std::vector<_point_>::size_type’ {aka ‘long unsigned int’} [-Wsign-compare]
[5.100s]   573 |   &&  point_record1.index < pcloud.data.size())
[5.101s]       |       ~~~~~~~~~~~~~~~~~~~~^~~~~~~~~~~~~~~~~~~~
[5.101s] /root/udp_ws/src/cspc_lidar_sdk_ros2/sdk/calibration.cpp:597:28: warning: comparison of integer expressions of different signedness: ‘std::vector<_point_>::size_type’ {aka ‘long unsigned int’} and ‘int’ [-Wsign-compare]
[5.101s]   597 |     if (line_append.size() >= calibration_params.line_judgment_point_num)
[5.102s]       |         ~~~~~~~~~~~~~~~~~~~^~~~~~~~~~~~~~~~~~~~~~~~~~~~~~~~~~~~~~~~~~~~~
[5.102s] /root/udp_ws/src/cspc_lidar_sdk_ros2/sdk/calibration.cpp:606:29: warning: comparison of integer expressions of different signedness: ‘std::vector<_point_>::size_type’ {aka ‘long unsigned int’} and ‘int’ [-Wsign-compare]
[5.103s]   606 |             if (line.size() >= calibration_params.line_judgment_point_num)
[5.103s]       |                 ~~~~~~~~~~~~^~~~~~~~~~~~~~~~~~~~~~~~~~~~~~~~~~~~~~~~~~~~~
[5.104s] /root/udp_ws/src/cspc_lidar_sdk_ros2/sdk/calibration.cpp:617:68: warning: comparison of integer expressions of different signedness: ‘std::vector<_point_>::size_type’ {aka ‘long unsigned int’} and ‘int’ [-Wsign-compare]
[5.104s]   617 |           if(point.index == point_append_last.index && line.size() >= calibration_params.line_judgment_point_num)
[5.105s]       |                                                        ~~~~~~~~~~~~^~~~~~~~~~~~~~~~~~~~~~~~~~~~~~~~~~~~~~~~~~~~~
[5.105s] /root/udp_ws/src/cspc_lidar_sdk_ros2/sdk/calibration.cpp:632:23: warning: comparison of integer expressions of different signedness: ‘int’ and ‘std::vector<std::vector<_point_> >::size_type’ {aka ‘long unsigned int’} [-Wsign-compare]
[5.106s]   632 |     for (int i = 0; i < lines.size() - 1; i++)
[5.106s]       |                     ~~^~~~~~~~~~~~~~~~~~
[5.107s] /root/udp_ws/src/cspc_lidar_sdk_ros2/sdk/calibration.cpp: In function ‘void lidar_calibration(LaserScan&)’:
[5.107s] /root/udp_ws/src/cspc_lidar_sdk_ros2/sdk/calibration.cpp:662:11: warning: ‘void* memset(void*, int, size_t)’ clearing an object of type ‘struct LaserPoint’ with no trivial copy-assignment; use assignment or value-initialization instead [-Wclass-memaccess]
[5.108s]   662 |     memset(&outscan_point, 0, sizeof(LaserPoint));
[5.108s]       |     ~~~~~~^~~~~~~~~~~~~~~~~~~~~~~~~~~~~~~~~~~~~~~
[5.109s] In file included from /root/udp_ws/src/cspc_lidar_sdk_ros2/sdk/calibration.h:4,
[5.109s]                  from /root/udp_ws/src/cspc_lidar_sdk_ros2/sdk/calibration.cpp:8:
[5.110s] /root/udp_ws/src/cspc_lidar_sdk_ros2/sdk/lidar_information.h:210:8: note: ‘struct LaserPoint’ declared here
[5.110s]   210 | struct LaserPoint
[5.110s]       |        ^~~~~~~~~~
[5.123s] /root/udp_ws/src/cspc_lidar_sdk_ros2/sdk/lidar_data_processing.cpp: In member function ‘bool Lidar_Data_Processing::wait_start_reply(uint64_t)’:
[5.124s] /root/udp_ws/src/cspc_lidar_sdk_ros2/sdk/lidar_data_processing.cpp:107:49: warning: comparison of integer expressions of different signedness: ‘int64_t’ {aka ‘long int’} and ‘uint64_t’ {aka ‘long unsigned int’} [-Wsign-compare]
[5.124s]   107 |   while ((waitTime = current_times() - startTs) <= timeout){
[5.125s]       |          ~~~~~~~~~~~~~~~~~~~~~~~~~~~~~~~~~~~~~~~^~~~~~~~~~
[5.127s] /root/udp_ws/src/cspc_lidar_sdk_ros2/sdk/lidar_data_processing.cpp: In member function ‘result_t Lidar_Data_Processing::waitSpeedRight(uint8_t, uint64_t)’:
[5.127s] /root/udp_ws/src/cspc_lidar_sdk_ros2/sdk/lidar_data_processing.cpp:209:56: warning: unused parameter ‘cmd’ [-Wunused-parameter]
[5.127s]   209 | result_t Lidar_Data_Processing::waitSpeedRight(uint8_t cmd,uint64_t timeout)
[5.128s]       |                                                ~~~~~~~~^~~
[5.129s] /root/udp_ws/src/cspc_lidar_sdk_ros2/sdk/lidar_data_processing.cpp: In member function ‘result_t Lidar_Data_Processing::waitResponseHeader(uint8_t, uint64_t)’:
[5.129s] /root/udp_ws/src/cspc_lidar_sdk_ros2/sdk/lidar_data_processing.cpp:481:28: warning: format ‘%d’ expects argument of type ‘int’, but argument 4 has type ‘size_t’ {aka ‘long unsigned int’} [-Wformat=]
[5.130s]   481 |       printf("data**%d,%d,%d\n",check_sum_cal,recvBuffer[remainSize-1],remainSize);
[5.130s]       |                           ~^                                           ~~~~~~~~~~
[5.131s]       |                            |                                           |
[5.131s]       |                            int                                         size_t {aka long unsigned int}
[5.131s]       |                           %ld
[5.137s] /root/udp_ws/src/cspc_lidar_sdk_ros2/sdk/lidar_data_processing.cpp: In member function ‘result_t Lidar_Data_Processing::waitPackage_coin(node_info*, uint32_t)’:
[5.138s] /root/udp_ws/src/cspc_lidar_sdk_ros2/sdk/lidar_data_processing.cpp:973:9: warning: unused variable ‘k’ [-Wunused-variable]
[5.138s]   973 |     int k;
[5.139s]       |         ^
[5.139s] /root/udp_ws/src/cspc_lidar_sdk_ros2/sdk/lidar_data_processing.cpp:873:11: warning: variable ‘AngleCorrectForDistance’ set but not used [-Wunused-but-set-variable]
[5.140s]   873 |   int32_t AngleCorrectForDistance = 0;
[5.140s]       |           ^~~~~~~~~~~~~~~~~~~~~~~
[5.141s] /root/udp_ws/src/cspc_lidar_sdk_ros2/sdk/lidar_data_processing.cpp:875:11: warning: unused variable ‘package_type’ [-Wunused-variable]
[5.141s]   875 |   uint8_t package_type = 0;
[5.141s]       |           ^~~~~~~~~~~~
[5.142s] /root/udp_ws/src/cspc_lidar_sdk_ros2/sdk/lidar_data_processing.cpp:877:12: warning: unused variable ‘start’ [-Wunused-variable]
[5.142s]   877 |   uint16_t start;
[5.143s]       |            ^~~~~
[5.143s] /root/udp_ws/src/cspc_lidar_sdk_ros2/sdk/lidar_data_processing.cpp:878:12: warning: unused variable ‘stop’ [-Wunused-variable]
[5.144s]   878 |   uint16_t stop;
[5.144s]       |            ^~~~
[15.803s] /root/udp_ws/src/cspc_lidar_sdk_ros2/src/node_lidar_ros.cpp: In function ‘int Scan_to_PointCloud(LaserScan&, sensor_msgs::msg::PointCloud2&)’:
[15.803s] /root/udp_ws/src/cspc_lidar_sdk_ros2/src/node_lidar_ros.cpp:85:24: warning: comparison of integer expressions of different signedness: ‘int’ and ‘std::vector<LaserPoint>::size_type’ {aka ‘long unsigned int’} [-Wsign-compare]
[15.804s]    85 |         for(int i = 0;i<scan.points.size();i++)
[15.804s]       |                       ~^~~~~~~~~~~~~~~~~~~
[15.804s] /root/udp_ws/src/cspc_lidar_sdk_ros2/src/node_lidar_ros.cpp:95:1: warning: no return statement in function returning non-void [-Wreturn-type]
[15.804s]    95 | }
[15.804s]       | ^
[15.810s] /root/udp_ws/src/cspc_lidar_sdk_ros2/src/node_lidar_ros.cpp: In function ‘int topic_thread()’:
[15.811s] /root/udp_ws/src/cspc_lidar_sdk_ros2/src/node_lidar_ros.cpp:100:1: warning: no return statement in function returning non-void [-Wreturn-type]
[15.812s]   100 | }
[15.813s]       | ^
[15.813s] /root/udp_ws/src/cspc_lidar_sdk_ros2/src/node_lidar_ros.cpp: In function ‘int main(int, char**)’:
[15.813s] /root/udp_ws/src/cspc_lidar_sdk_ros2/src/node_lidar_ros.cpp:109:32: error: no matching function for call to ‘rclcpp::Node::declare_parameter(const char [5])’
[15.814s]   109 |         node->declare_parameter("port");
[15.814s]       |         ~~~~~~~~~~~~~~~~~~~~~~~^~~~~~~~
[15.814s] In file included from /opt/ros/humble/include/rclcpp/rclcpp/executors/single_threaded_executor.hpp:28,
[15.814s]                  from /opt/ros/humble/include/rclcpp/rclcpp/executors.hpp:22,
[15.814s]                  from /opt/ros/humble/include/rclcpp/rclcpp/rclcpp.hpp:155,
[15.815s]                  from /root/udp_ws/src/cspc_lidar_sdk_ros2/include/cspc_lidar/node_lidar_ros.h:4,
[15.815s]                  from /root/udp_ws/src/cspc_lidar_sdk_ros2/src/node_lidar_ros.cpp:1:
[15.815s] /opt/ros/humble/include/rclcpp/rclcpp/node.hpp:421:3: note: candidate: ‘template<class ParameterT> auto rclcpp::Node::declare_parameter(const string&, const ParameterT&, const ParameterDescriptor&, bool)’
[15.815s]   421 |   declare_parameter(
[15.815s]       |   ^~~~~~~~~~~~~~~~~
[15.815s] /opt/ros/humble/include/rclcpp/rclcpp/node.hpp:421:3: note:   template argument deduction/substitution failed:
[15.815s] /root/udp_ws/src/cspc_lidar_sdk_ros2/src/node_lidar_ros.cpp:109:32: note:   candidate expects 4 arguments, 1 provided
[15.816s]   109 |         node->declare_parameter("port");
[15.816s]       |         ~~~~~~~~~~~~~~~~~~~~~~~^~~~~~~~
[15.816s] In file included from /opt/ros/humble/include/rclcpp/rclcpp/executors/single_threaded_executor.hpp:28,
[15.816s]                  from /opt/ros/humble/include/rclcpp/rclcpp/executors.hpp:22,
[15.816s]                  from /opt/ros/humble/include/rclcpp/rclcpp/rclcpp.hpp:155,
[15.816s]                  from /root/udp_ws/src/cspc_lidar_sdk_ros2/include/cspc_lidar/node_lidar_ros.h:4,
[15.817s]                  from /root/udp_ws/src/cspc_lidar_sdk_ros2/src/node_lidar_ros.cpp:1:
[15.817s] /opt/ros/humble/include/rclcpp/rclcpp/node.hpp:434:3: note: candidate: ‘template<class ParameterT> auto rclcpp::Node::declare_parameter(const string&, const ParameterDescriptor&, bool)’
[15.817s]   434 |   declare_parameter(
[15.817s]       |   ^~~~~~~~~~~~~~~~~
[15.817s] /opt/ros/humble/include/rclcpp/rclcpp/node.hpp:434:3: note:   template argument deduction/substitution failed:
[15.817s] /root/udp_ws/src/cspc_lidar_sdk_ros2/src/node_lidar_ros.cpp:109:32: note:   couldn’t deduce template parameter ‘ParameterT’
[15.818s]   109 |         node->declare_parameter("port");
[15.818s]       |         ~~~~~~~~~~~~~~~~~~~~~~~^~~~~~~~
[15.818s] In file included from /opt/ros/humble/include/rclcpp/rclcpp/executors/single_threaded_executor.hpp:28,
[15.818s]                  from /opt/ros/humble/include/rclcpp/rclcpp/executors.hpp:22,
[15.818s]                  from /opt/ros/humble/include/rclcpp/rclcpp/rclcpp.hpp:155,
[15.818s]                  from /root/udp_ws/src/cspc_lidar_sdk_ros2/include/cspc_lidar/node_lidar_ros.h:4,
[15.819s]                  from /root/udp_ws/src/cspc_lidar_sdk_ros2/src/node_lidar_ros.cpp:1:
[15.819s] /opt/ros/humble/include/rclcpp/rclcpp/node.hpp:366:3: note: candidate: ‘const rclcpp::ParameterValue& rclcpp::Node::declare_parameter(const string&, const rclcpp::ParameterValue&, const ParameterDescriptor&, bool)’
[15.819s]   366 |   declare_parameter(
[15.819s]       |   ^~~~~~~~~~~~~~~~~
[15.819s] /opt/ros/humble/include/rclcpp/rclcpp/node.hpp:366:3: note:   candidate expects 4 arguments, 1 provided
[15.819s] /opt/ros/humble/include/rclcpp/rclcpp/node.hpp:391:3: note: candidate: ‘const rclcpp::ParameterValue& rclcpp::Node::declare_parameter(const string&, rclcpp::ParameterType, const ParameterDescriptor&, bool)’
[15.819s]   391 |   declare_parameter(
[15.820s]       |   ^~~~~~~~~~~~~~~~~
[15.820s] /opt/ros/humble/include/rclcpp/rclcpp/node.hpp:391:3: note:   candidate expects 4 arguments, 1 provided
[15.820s] /root/udp_ws/src/cspc_lidar_sdk_ros2/src/node_lidar_ros.cpp:112:32: error: no matching function for call to ‘rclcpp::Node::declare_parameter(const char [9])’
[15.820s]   112 |         node->declare_parameter("baudrate");
[15.820s]       |         ~~~~~~~~~~~~~~~~~~~~~~~^~~~~~~~~~~~
[15.820s] In file included from /opt/ros/humble/include/rclcpp/rclcpp/executors/single_threaded_executor.hpp:28,
[15.820s]                  from /opt/ros/humble/include/rclcpp/rclcpp/executors.hpp:22,
[15.821s]                  from /opt/ros/humble/include/rclcpp/rclcpp/rclcpp.hpp:155,
[15.821s]                  from /root/udp_ws/src/cspc_lidar_sdk_ros2/include/cspc_lidar/node_lidar_ros.h:4,
[15.821s]                  from /root/udp_ws/src/cspc_lidar_sdk_ros2/src/node_lidar_ros.cpp:1:
[15.821s] /opt/ros/humble/include/rclcpp/rclcpp/node.hpp:421:3: note: candidate: ‘template<class ParameterT> auto rclcpp::Node::declare_parameter(const string&, const ParameterT&, const ParameterDescriptor&, bool)’
[15.821s]   421 |   declare_parameter(
[15.821s]       |   ^~~~~~~~~~~~~~~~~
[15.821s] /opt/ros/humble/include/rclcpp/rclcpp/node.hpp:421:3: note:   template argument deduction/substitution failed:
[15.822s] /root/udp_ws/src/cspc_lidar_sdk_ros2/src/node_lidar_ros.cpp:112:32: note:   candidate expects 4 arguments, 1 provided
[15.822s]   112 |         node->declare_parameter("baudrate");
[15.822s]       |         ~~~~~~~~~~~~~~~~~~~~~~~^~~~~~~~~~~~
[15.822s] In file included from /opt/ros/humble/include/rclcpp/rclcpp/executors/single_threaded_executor.hpp:28,
[15.822s]                  from /opt/ros/humble/include/rclcpp/rclcpp/executors.hpp:22,
[15.822s]                  from /opt/ros/humble/include/rclcpp/rclcpp/rclcpp.hpp:155,
[15.822s]                  from /root/udp_ws/src/cspc_lidar_sdk_ros2/include/cspc_lidar/node_lidar_ros.h:4,
[15.823s]                  from /root/udp_ws/src/cspc_lidar_sdk_ros2/src/node_lidar_ros.cpp:1:
[15.823s] /opt/ros/humble/include/rclcpp/rclcpp/node.hpp:434:3: note: candidate: ‘template<class ParameterT> auto rclcpp::Node::declare_parameter(const string&, const ParameterDescriptor&, bool)’
[15.823s]   434 |   declare_parameter(
[15.823s]       |   ^~~~~~~~~~~~~~~~~
[15.823s] /opt/ros/humble/include/rclcpp/rclcpp/node.hpp:434:3: note:   template argument deduction/substitution failed:
[15.823s] /root/udp_ws/src/cspc_lidar_sdk_ros2/src/node_lidar_ros.cpp:112:32: note:   couldn’t deduce template parameter ‘ParameterT’
[15.824s]   112 |         node->declare_parameter("baudrate");
[15.824s]       |         ~~~~~~~~~~~~~~~~~~~~~~~^~~~~~~~~~~~
[15.824s] In file included from /opt/ros/humble/include/rclcpp/rclcpp/executors/single_threaded_executor.hpp:28,
[15.824s]                  from /opt/ros/humble/include/rclcpp/rclcpp/executors.hpp:22,
[15.824s]                  from /opt/ros/humble/include/rclcpp/rclcpp/rclcpp.hpp:155,
[15.824s]                  from /root/udp_ws/src/cspc_lidar_sdk_ros2/include/cspc_lidar/node_lidar_ros.h:4,
[15.825s]                  from /root/udp_ws/src/cspc_lidar_sdk_ros2/src/node_lidar_ros.cpp:1:
[15.825s] /opt/ros/humble/include/rclcpp/rclcpp/node.hpp:366:3: note: candidate: ‘const rclcpp::ParameterValue& rclcpp::Node::declare_parameter(const string&, const rclcpp::ParameterValue&, const ParameterDescriptor&, bool)’
[15.825s]   366 |   declare_parameter(
[15.825s]       |   ^~~~~~~~~~~~~~~~~
[15.825s] /opt/ros/humble/include/rclcpp/rclcpp/node.hpp:366:3: note:   candidate expects 4 arguments, 1 provided
[15.825s] /opt/ros/humble/include/rclcpp/rclcpp/node.hpp:391:3: note: candidate: ‘const rclcpp::ParameterValue& rclcpp::Node::declare_parameter(const string&, rclcpp::ParameterType, const ParameterDescriptor&, bool)’
[15.825s]   391 |   declare_parameter(
[15.826s]       |   ^~~~~~~~~~~~~~~~~
[15.826s] /opt/ros/humble/include/rclcpp/rclcpp/node.hpp:391:3: note:   candidate expects 4 arguments, 1 provided
[15.826s] /root/udp_ws/src/cspc_lidar_sdk_ros2/src/node_lidar_ros.cpp:115:32: error: no matching function for call to ‘rclcpp::Node::declare_parameter(const char [9])’
[15.826s]   115 |         node->declare_parameter("frame_id");
[15.826s]       |         ~~~~~~~~~~~~~~~~~~~~~~~^~~~~~~~~~~~
[15.826s] In file included from /opt/ros/humble/include/rclcpp/rclcpp/executors/single_threaded_executor.hpp:28,
[15.826s]                  from /opt/ros/humble/include/rclcpp/rclcpp/executors.hpp:22,
[15.827s]                  from /opt/ros/humble/include/rclcpp/rclcpp/rclcpp.hpp:155,
[15.827s]                  from /root/udp_ws/src/cspc_lidar_sdk_ros2/include/cspc_lidar/node_lidar_ros.h:4,
[15.827s]                  from /root/udp_ws/src/cspc_lidar_sdk_ros2/src/node_lidar_ros.cpp:1:
[15.827s] /opt/ros/humble/include/rclcpp/rclcpp/node.hpp:421:3: note: candidate: ‘template<class ParameterT> auto rclcpp::Node::declare_parameter(const string&, const ParameterT&, const ParameterDescriptor&, bool)’
[15.827s]   421 |   declare_parameter(
[15.827s]       |   ^~~~~~~~~~~~~~~~~
[15.827s] /opt/ros/humble/include/rclcpp/rclcpp/node.hpp:421:3: note:   template argument deduction/substitution failed:
[15.827s] /root/udp_ws/src/cspc_lidar_sdk_ros2/src/node_lidar_ros.cpp:115:32: note:   candidate expects 4 arguments, 1 provided
[15.828s]   115 |         node->declare_parameter("frame_id");
[15.828s]       |         ~~~~~~~~~~~~~~~~~~~~~~~^~~~~~~~~~~~
[15.828s] In file included from /opt/ros/humble/include/rclcpp/rclcpp/executors/single_threaded_executor.hpp:28,
[15.828s]                  from /opt/ros/humble/include/rclcpp/rclcpp/executors.hpp:22,
[15.828s]                  from /opt/ros/humble/include/rclcpp/rclcpp/rclcpp.hpp:155,
[15.828s]                  from /root/udp_ws/src/cspc_lidar_sdk_ros2/include/cspc_lidar/node_lidar_ros.h:4,
[15.828s]                  from /root/udp_ws/src/cspc_lidar_sdk_ros2/src/node_lidar_ros.cpp:1:
[15.829s] /opt/ros/humble/include/rclcpp/rclcpp/node.hpp:434:3: note: candidate: ‘template<class ParameterT> auto rclcpp::Node::declare_parameter(const string&, const ParameterDescriptor&, bool)’
[15.829s]   434 |   declare_parameter(
[15.829s]       |   ^~~~~~~~~~~~~~~~~
[15.829s] /opt/ros/humble/include/rclcpp/rclcpp/node.hpp:434:3: note:   template argument deduction/substitution failed:
[15.829s] /root/udp_ws/src/cspc_lidar_sdk_ros2/src/node_lidar_ros.cpp:115:32: note:   couldn’t deduce template parameter ‘ParameterT’
[15.829s]   115 |         node->declare_parameter("frame_id");
[15.829s]       |         ~~~~~~~~~~~~~~~~~~~~~~~^~~~~~~~~~~~
[15.830s] In file included from /opt/ros/humble/include/rclcpp/rclcpp/executors/single_threaded_executor.hpp:28,
[15.830s]                  from /opt/ros/humble/include/rclcpp/rclcpp/executors.hpp:22,
[15.830s]                  from /opt/ros/humble/include/rclcpp/rclcpp/rclcpp.hpp:155,
[15.830s]                  from /root/udp_ws/src/cspc_lidar_sdk_ros2/include/cspc_lidar/node_lidar_ros.h:4,
[15.830s]                  from /root/udp_ws/src/cspc_lidar_sdk_ros2/src/node_lidar_ros.cpp:1:
[15.830s] /opt/ros/humble/include/rclcpp/rclcpp/node.hpp:366:3: note: candidate: ‘const rclcpp::ParameterValue& rclcpp::Node::declare_parameter(const string&, const rclcpp::ParameterValue&, const ParameterDescriptor&, bool)’
[15.830s]   366 |   declare_parameter(
[15.831s]       |   ^~~~~~~~~~~~~~~~~
[15.831s] /opt/ros/humble/include/rclcpp/rclcpp/node.hpp:366:3: note:   candidate expects 4 arguments, 1 provided
[15.831s] /opt/ros/humble/include/rclcpp/rclcpp/node.hpp:391:3: note: candidate: ‘const rclcpp::ParameterValue& rclcpp::Node::declare_parameter(const string&, rclcpp::ParameterType, const ParameterDescriptor&, bool)’
[15.831s]   391 |   declare_parameter(
[15.831s]       |   ^~~~~~~~~~~~~~~~~
[15.831s] /opt/ros/humble/include/rclcpp/rclcpp/node.hpp:391:3: note:   candidate expects 4 arguments, 1 provided
[15.831s] /root/udp_ws/src/cspc_lidar_sdk_ros2/src/node_lidar_ros.cpp:118:32: error: no matching function for call to ‘rclcpp::Node::declare_parameter(const char [8])’
[15.832s]   118 |         node->declare_parameter("version");
[15.832s]       |         ~~~~~~~~~~~~~~~~~~~~~~~^~~~~~~~~~~
[15.832s] In file included from /opt/ros/humble/include/rclcpp/rclcpp/executors/single_threaded_executor.hpp:28,
[15.832s]                  from /opt/ros/humble/include/rclcpp/rclcpp/executors.hpp:22,
[15.832s]                  from /opt/ros/humble/include/rclcpp/rclcpp/rclcpp.hpp:155,
[15.832s]                  from /root/udp_ws/src/cspc_lidar_sdk_ros2/include/cspc_lidar/node_lidar_ros.h:4,
[15.832s]                  from /root/udp_ws/src/cspc_lidar_sdk_ros2/src/node_lidar_ros.cpp:1:
[15.833s] /opt/ros/humble/include/rclcpp/rclcpp/node.hpp:421:3: note: candidate: ‘template<class ParameterT> auto rclcpp::Node::declare_parameter(const string&, const ParameterT&, const ParameterDescriptor&, bool)’
[15.833s]   421 |   declare_parameter(
[15.833s]       |   ^~~~~~~~~~~~~~~~~
[15.833s] /opt/ros/humble/include/rclcpp/rclcpp/node.hpp:421:3: note:   template argument deduction/substitution failed:
[15.833s] /root/udp_ws/src/cspc_lidar_sdk_ros2/src/node_lidar_ros.cpp:118:32: note:   candidate expects 4 arguments, 1 provided
[15.833s]   118 |         node->declare_parameter("version");
[15.833s]       |         ~~~~~~~~~~~~~~~~~~~~~~~^~~~~~~~~~~
[15.834s] In file included from /opt/ros/humble/include/rclcpp/rclcpp/executors/single_threaded_executor.hpp:28,
[15.834s]                  from /opt/ros/humble/include/rclcpp/rclcpp/executors.hpp:22,
[15.834s]                  from /opt/ros/humble/include/rclcpp/rclcpp/rclcpp.hpp:155,
[15.834s]                  from /root/udp_ws/src/cspc_lidar_sdk_ros2/include/cspc_lidar/node_lidar_ros.h:4,
[15.834s]                  from /root/udp_ws/src/cspc_lidar_sdk_ros2/src/node_lidar_ros.cpp:1:
[15.835s] /opt/ros/humble/include/rclcpp/rclcpp/node.hpp:434:3: note: candidate: ‘template<class ParameterT> auto rclcpp::Node::declare_parameter(const string&, const ParameterDescriptor&, bool)’
[15.835s]   434 |   declare_parameter(
[15.835s]       |   ^~~~~~~~~~~~~~~~~
[15.835s] /opt/ros/humble/include/rclcpp/rclcpp/node.hpp:434:3: note:   template argument deduction/substitution failed:
[15.835s] /root/udp_ws/src/cspc_lidar_sdk_ros2/src/node_lidar_ros.cpp:118:32: note:   couldn’t deduce template parameter ‘ParameterT’
[15.835s]   118 |         node->declare_parameter("version");
[15.836s]       |         ~~~~~~~~~~~~~~~~~~~~~~~^~~~~~~~~~~
[15.836s] In file included from /opt/ros/humble/include/rclcpp/rclcpp/executors/single_threaded_executor.hpp:28,
[15.836s]                  from /opt/ros/humble/include/rclcpp/rclcpp/executors.hpp:22,
[15.836s]                  from /opt/ros/humble/include/rclcpp/rclcpp/rclcpp.hpp:155,
[15.836s]                  from /root/udp_ws/src/cspc_lidar_sdk_ros2/include/cspc_lidar/node_lidar_ros.h:4,
[15.836s]                  from /root/udp_ws/src/cspc_lidar_sdk_ros2/src/node_lidar_ros.cpp:1:
[15.837s] /opt/ros/humble/include/rclcpp/rclcpp/node.hpp:366:3: note: candidate: ‘const rclcpp::ParameterValue& rclcpp::Node::declare_parameter(const string&, const rclcpp::ParameterValue&, const ParameterDescriptor&, bool)’
[15.837s]   366 |   declare_parameter(
[15.837s]       |   ^~~~~~~~~~~~~~~~~
[15.837s] /opt/ros/humble/include/rclcpp/rclcpp/node.hpp:366:3: note:   candidate expects 4 arguments, 1 provided
[15.837s] /opt/ros/humble/include/rclcpp/rclcpp/node.hpp:391:3: note: candidate: ‘const rclcpp::ParameterValue& rclcpp::Node::declare_parameter(const string&, rclcpp::ParameterType, const ParameterDescriptor&, bool)’
[15.838s]   391 |   declare_parameter(
[15.838s]       |   ^~~~~~~~~~~~~~~~~
[15.838s] /opt/ros/humble/include/rclcpp/rclcpp/node.hpp:391:3: note:   candidate expects 4 arguments, 1 provided
[15.842s] /root/udp_ws/src/cspc_lidar_sdk_ros2/src/node_lidar_ros.cpp:183:40: warning: comparison of integer expressions of different signedness: ‘int’ and ‘std::vector<LaserPoint>::size_type’ {aka ‘long unsigned int’} [-Wsign-compare]
[15.842s]   183 |                         for(int i=0; i < scan.points.size(); i++) {
[15.842s]       |                                      ~~^~~~~~~~~~~~~~~~~~~~
[21.821s] gmake[2]: *** [CMakeFiles/cspc_lidar.dir/build.make:174：CMakeFiles/cspc_lidar.dir/src/node_lidar_ros.cpp.o] 错误 1
[21.821s] gmake[1]: *** [CMakeFiles/Makefile2:137：CMakeFiles/cspc_lidar.dir/all] 错误 2
[21.821s] gmake: *** [Makefile:146：all] 错误 2
[21.823s] Invoked command in '/root/udp_ws/build/cspc_lidar' returned '2': CMAKE_PREFIX_PATH=${CMAKE_PREFIX_PATH}:/opt/ros/humble /usr/bin/cmake --build /root/udp_ws/build/cspc_lidar -- -j6 -l6
