Consolidate compiler generated dependencies of target cspc_lidar
[ 11%] Building CXX object CMakeFiles/cspc_lidar.dir/src/node_lidar_ros.cpp.o
[ 22%] Linking CXX executable cspc_lidar
[100%] Built target cspc_lidar
-- Install configuration: ""
-- Installing: /root/udp_ws/install/cspc_lidar/lib/cspc_lidar/cspc_lidar
-- Set runtime path of "/root/udp_ws/install/cspc_lidar/lib/cspc_lidar/cspc_lidar" to ""
-- Installing: /root/udp_ws/install/cspc_lidar/share/cspc_lidar/launch
-- Installing: /root/udp_ws/install/cspc_lidar/share/cspc_lidar/launch/lidar_launch.py
-- Installing: /root/udp_ws/install/cspc_lidar/share/cspc_lidar/launch/lidar_rviz.py
-- Installing: /root/udp_ws/install/cspc_lidar/share/cspc_lidar/params
-- Installing: /root/udp_ws/install/cspc_lidar/share/cspc_lidar/params/cspc_lidar.yaml
-- Installing: /root/udp_ws/install/cspc_lidar/share/ament_index/resource_index/package_run_dependencies/cspc_lidar
-- Installing: /root/udp_ws/install/cspc_lidar/share/ament_index/resource_index/parent_prefix_path/cspc_lidar
-- Installing: /root/udp_ws/install/cspc_lidar/share/cspc_lidar/environment/ament_prefix_path.sh
-- Installing: /root/udp_ws/install/cspc_lidar/share/cspc_lidar/environment/ament_prefix_path.dsv
-- Installing: /root/udp_ws/install/cspc_lidar/share/cspc_lidar/environment/path.sh
-- Installing: /root/udp_ws/install/cspc_lidar/share/cspc_lidar/environment/path.dsv
-- Installing: /root/udp_ws/install/cspc_lidar/share/cspc_lidar/local_setup.bash
-- Installing: /root/udp_ws/install/cspc_lidar/share/cspc_lidar/local_setup.sh
-- Installing: /root/udp_ws/install/cspc_lidar/share/cspc_lidar/local_setup.zsh
-- Installing: /root/udp_ws/install/cspc_lidar/share/cspc_lidar/local_setup.dsv
-- Installing: /root/udp_ws/install/cspc_lidar/share/cspc_lidar/package.dsv
-- Installing: /root/udp_ws/install/cspc_lidar/share/ament_index/resource_index/packages/cspc_lidar
-- Installing: /root/udp_ws/install/cspc_lidar/share/cspc_lidar/cmake/cspc_lidarConfig.cmake
-- Installing: /root/udp_ws/install/cspc_lidar/share/cspc_lidar/cmake/cspc_lidarConfig-version.cmake
-- Installing: /root/udp_ws/install/cspc_lidar/share/cspc_lidar/package.xml
