[0.020s] Invoking command in '/root/udp_ws/build/cspc_lidar': CMAKE_PREFIX_PATH=${CMAKE_PREFIX_PATH}:/opt/ros/humble /usr/bin/cmake --build /root/udp_ws/build/cspc_lidar -- -j6 -l6
[0.120s] Consolidate compiler generated dependencies of target cspc_lidar
[0.149s] [ 11%] Building CXX object CMakeFiles/cspc_lidar.dir/src/node_lidar_ros.cpp.o
[10.432s] /root/udp_ws/src/cspc_lidar_sdk_ros2/src/node_lidar_ros.cpp: In function ‘void Scan_to_PointCloud(LaserScan&, sensor_msgs::msg::PointCloud2&)’:
[10.432s] /root/udp_ws/src/cspc_lidar_sdk_ros2/src/node_lidar_ros.cpp:85:24: warning: comparison of integer expressions of different signedness: ‘int’ and ‘std::vector<LaserPoint>::size_type’ {aka ‘long unsigned int’} [-Wsign-compare]
[10.433s]    85 |         for(int i = 0;i<scan.points.size();i++)
[10.433s]       |                       ~^~~~~~~~~~~~~~~~~~~
[10.470s] /root/udp_ws/src/cspc_lidar_sdk_ros2/src/node_lidar_ros.cpp: In function ‘int main(int, char**)’:
[10.470s] /root/udp_ws/src/cspc_lidar_sdk_ros2/src/node_lidar_ros.cpp:181:40: warning: comparison of integer expressions of different signedness: ‘int’ and ‘std::vector<LaserPoint>::size_type’ {aka ‘long unsigned int’} [-Wsign-compare]
[10.470s]   181 |                         for(int i=0; i < scan.points.size(); i++) {
[10.470s]       |                                      ~~^~~~~~~~~~~~~~~~~~~~
[25.931s] [ 22%] Linking CXX executable cspc_lidar
[27.576s] [100%] Built target cspc_lidar
[27.590s] Invoked command in '/root/udp_ws/build/cspc_lidar' returned '0': CMAKE_PREFIX_PATH=${CMAKE_PREFIX_PATH}:/opt/ros/humble /usr/bin/cmake --build /root/udp_ws/build/cspc_lidar -- -j6 -l6
[27.602s] Invoking command in '/root/udp_ws/build/cspc_lidar': CMAKE_PREFIX_PATH=${CMAKE_PREFIX_PATH}:/opt/ros/humble /usr/bin/cmake --install /root/udp_ws/build/cspc_lidar
[27.613s] -- Install configuration: ""
[27.613s] -- Installing: /root/udp_ws/install/cspc_lidar/lib/cspc_lidar/cspc_lidar
[27.624s] -- Set runtime path of "/root/udp_ws/install/cspc_lidar/lib/cspc_lidar/cspc_lidar" to ""
[27.625s] -- Installing: /root/udp_ws/install/cspc_lidar/share/cspc_lidar/launch
[27.625s] -- Installing: /root/udp_ws/install/cspc_lidar/share/cspc_lidar/launch/lidar_launch.py
[27.625s] -- Installing: /root/udp_ws/install/cspc_lidar/share/cspc_lidar/launch/lidar_rviz.py
[27.626s] -- Installing: /root/udp_ws/install/cspc_lidar/share/cspc_lidar/params
[27.626s] -- Installing: /root/udp_ws/install/cspc_lidar/share/cspc_lidar/params/cspc_lidar.yaml
[27.626s] -- Installing: /root/udp_ws/install/cspc_lidar/share/ament_index/resource_index/package_run_dependencies/cspc_lidar
[27.627s] -- Installing: /root/udp_ws/install/cspc_lidar/share/ament_index/resource_index/parent_prefix_path/cspc_lidar
[27.627s] -- Installing: /root/udp_ws/install/cspc_lidar/share/cspc_lidar/environment/ament_prefix_path.sh
[27.628s] -- Installing: /root/udp_ws/install/cspc_lidar/share/cspc_lidar/environment/ament_prefix_path.dsv
[27.629s] -- Installing: /root/udp_ws/install/cspc_lidar/share/cspc_lidar/environment/path.sh
[27.629s] -- Installing: /root/udp_ws/install/cspc_lidar/share/cspc_lidar/environment/path.dsv
[27.630s] -- Installing: /root/udp_ws/install/cspc_lidar/share/cspc_lidar/local_setup.bash
[27.631s] -- Installing: /root/udp_ws/install/cspc_lidar/share/cspc_lidar/local_setup.sh
[27.631s] -- Installing: /root/udp_ws/install/cspc_lidar/share/cspc_lidar/local_setup.zsh
[27.631s] -- Installing: /root/udp_ws/install/cspc_lidar/share/cspc_lidar/local_setup.dsv
[27.631s] -- Installing: /root/udp_ws/install/cspc_lidar/share/cspc_lidar/package.dsv
[27.632s] -- Installing: /root/udp_ws/install/cspc_lidar/share/ament_index/resource_index/packages/cspc_lidar
[27.633s] -- Installing: /root/udp_ws/install/cspc_lidar/share/cspc_lidar/cmake/cspc_lidarConfig.cmake
[27.633s] -- Installing: /root/udp_ws/install/cspc_lidar/share/cspc_lidar/cmake/cspc_lidarConfig-version.cmake
[27.633s] -- Installing: /root/udp_ws/install/cspc_lidar/share/cspc_lidar/package.xml
[27.634s] Invoked command in '/root/udp_ws/build/cspc_lidar' returned '0': CMAKE_PREFIX_PATH=${CMAKE_PREFIX_PATH}:/opt/ros/humble /usr/bin/cmake --install /root/udp_ws/build/cspc_lidar
