[0.020s] Invoking command in '/root/udp_ws/build/cspc_lidar': CMAKE_PREFIX_PATH=${CMAKE_PREFIX_PATH}:/opt/ros/humble /usr/bin/cmake --build /root/udp_ws/build/cspc_lidar -- -j6 -l6
[0.058s] -- Found ament_cmake: 1.3.12 (/opt/ros/humble/share/ament_cmake/cmake)
[0.293s] -- Found rclcpp: 16.0.15 (/opt/ros/humble/share/rclcpp/cmake)
[0.338s] -- Found rosidl_generator_c: 3.1.7 (/opt/ros/humble/share/rosidl_generator_c/cmake)
[0.342s] -- Found rosidl_adapter: 3.1.7 (/opt/ros/humble/share/rosidl_adapter/cmake)
[0.352s] -- Found rosidl_generator_cpp: 3.1.7 (/opt/ros/humble/share/rosidl_generator_cpp/cmake)
[0.370s] -- Using all available rosidl_typesupport_c: rosidl_typesupport_fastrtps_c;rosidl_typesupport_introspection_c
[0.393s] -- Using all available rosidl_typesupport_cpp: rosidl_typesupport_fastrtps_cpp;rosidl_typesupport_introspection_cpp
[0.452s] -- Found rmw_implementation_cmake: 6.1.2 (/opt/ros/humble/share/rmw_implementation_cmake/cmake)
[0.455s] -- Found rmw_fastrtps_cpp: 6.2.9 (/opt/ros/humble/share/rmw_fastrtps_cpp/cmake)
[0.593s] -- Using RMW implementation 'rmw_fastrtps_cpp' as default
[0.684s] -- Found sensor_msgs: 4.9.0 (/opt/ros/humble/share/sensor_msgs/cmake)
[0.737s] -- Found visualization_msgs: 4.9.0 (/opt/ros/humble/share/visualization_msgs/cmake)
[0.782s] CMake Error at CMakeLists.txt:18 (find_package):
[0.782s]   By not providing "Findpcl_conversions.cmake" in CMAKE_MODULE_PATH this
[0.783s]   project has asked CMake to find a package configuration file provided by
[0.783s]   "pcl_conversions", but CMake did not find one.
[0.783s] 
[0.783s]   Could not find a package configuration file provided by "pcl_conversions"
[0.783s]   with any of the following names:
[0.783s] 
[0.784s]     pcl_conversionsConfig.cmake
[0.784s]     pcl_conversions-config.cmake
[0.784s] 
[0.784s]   Add the installation prefix of "pcl_conversions" to CMAKE_PREFIX_PATH or
[0.784s]   set "pcl_conversions_DIR" to a directory containing one of the above files.
[0.784s]   If "pcl_conversions" provides a separate development package or SDK, be
[0.784s]   sure it has been installed.
[0.785s] 
[0.785s] 
[0.785s] -- Configuring incomplete, errors occurred!
[0.785s] See also "/root/udp_ws/build/cspc_lidar/CMakeFiles/CMakeOutput.log".
[0.794s] gmake: *** [Makefile:456：cmake_check_build_system] 错误 1
[0.796s] Invoked command in '/root/udp_ws/build/cspc_lidar' returned '2': CMAKE_PREFIX_PATH=${CMAKE_PREFIX_PATH}:/opt/ros/humble /usr/bin/cmake --build /root/udp_ws/build/cspc_lidar -- -j6 -l6
