[0.035s] Invoking command in '/home/talowe/host_udp_ws/build/dog_udp_comm': CMAKE_PREFIX_PATH=/opt/ros/humble CONDA_PROMPT_MODIFIER=(base) /usr/bin/cmake --build /home/talowe/host_udp_ws/build/dog_udp_comm -- -j8 -l8
[0.085s] -- Found ament_cmake: 1.3.14 (/opt/ros/humble/share/ament_cmake/cmake)
[0.392s] -- Override CMake install command with custom implementation using symlinks instead of copying resources
[0.429s] -- Found rclcpp: 16.0.19 (/opt/ros/humble/share/rclcpp/cmake)
[0.475s] -- Found rosidl_generator_c: 3.1.8 (/opt/ros/humble/share/rosidl_generator_c/cmake)
[0.479s] -- Found rosidl_adapter: 3.1.8 (/opt/ros/humble/share/rosidl_adapter/cmake)
[0.492s] -- Found rosidl_generator_cpp: 3.1.8 (/opt/ros/humble/share/rosidl_generator_cpp/cmake)
[0.504s] -- Using all available rosidl_typesupport_c: rosidl_typesupport_fastrtps_c;rosidl_typesupport_introspection_c
[0.522s] -- Using all available rosidl_typesupport_cpp: rosidl_typesupport_fastrtps_cpp;rosidl_typesupport_introspection_cpp
[0.572s] -- Found rmw_implementation_cmake: 6.1.2 (/opt/ros/humble/share/rmw_implementation_cmake/cmake)
[0.573s] -- Found rmw_fastrtps_cpp: 6.2.10 (/opt/ros/humble/share/rmw_fastrtps_cpp/cmake)
[0.707s] -- Using RMW implementation 'rmw_fastrtps_cpp' as default
[0.783s] -- Found rclpy: 3.3.21 (/opt/ros/humble/share/rclpy/cmake)
[0.783s] -- Found geometry_msgs: 4.9.1 (/opt/ros/humble/share/geometry_msgs/cmake)
[0.802s] -- Found sensor_msgs: 4.9.1 (/opt/ros/humble/share/sensor_msgs/cmake)
[0.835s] -- Found std_srvs: 4.9.1 (/opt/ros/humble/share/std_srvs/cmake)
[1.079s] -- Configuring done
[1.093s] -- Generating done
[1.098s] -- Build files have been written to: /home/talowe/host_udp_ws/build/dog_udp_comm
[1.187s] Consolidate compiler generated dependencies of target sender_node
[1.226s] [ 50%] Building CXX object CMakeFiles/sender_node.dir/src/sender_node.cpp.o
[18.305s] [100%] Linking CXX executable sender_node
[19.811s] [100%] Built target sender_node
[19.827s] Invoked command in '/home/talowe/host_udp_ws/build/dog_udp_comm' returned '0': CMAKE_PREFIX_PATH=/opt/ros/humble CONDA_PROMPT_MODIFIER=(base) /usr/bin/cmake --build /home/talowe/host_udp_ws/build/dog_udp_comm -- -j8 -l8
[19.848s] Invoking command in '/home/talowe/host_udp_ws/build/dog_udp_comm': CMAKE_PREFIX_PATH=/opt/ros/humble CONDA_PROMPT_MODIFIER=(base) /usr/bin/cmake --install /home/talowe/host_udp_ws/build/dog_udp_comm
[19.874s] -- Install configuration: ""
[19.875s] -- Execute custom install script
[19.875s] -- Up-to-date symlink: /home/talowe/host_udp_ws/install/dog_udp_comm/lib/dog_udp_comm/sender_node
[19.875s] -- Up-to-date symlink: /home/talowe/host_udp_ws/install/dog_udp_comm/lib/dog_udp_comm/keyboard_teleop.py
[19.876s] -- Up-to-date symlink: /home/talowe/host_udp_ws/install/dog_udp_comm/lib/dog_udp_comm/host_mpc_controller.py
[19.876s] -- Up-to-date symlink: /home/talowe/host_udp_ws/install/dog_udp_comm/lib/dog_udp_comm/pixel_to_scan_polar.py
[19.877s] -- Up-to-date symlink: /home/talowe/host_udp_ws/install/dog_udp_comm/lib/dog_udp_comm/tracking_string_bridge.py
[19.877s] -- Up-to-date symlink: /home/talowe/host_udp_ws/install/dog_udp_comm/lib/dog_udp_comm/tracking_center_tester.py
[19.877s] -- Symlinking: /home/talowe/host_udp_ws/install/dog_udp_comm/lib/dog_udp_comm/analyze_tracking_cmd_bag.py
[19.893s] -- Up-to-date symlink: /home/talowe/host_udp_ws/install/dog_udp_comm/share/dog_udp_comm/launch/person_follow_udp_launch.py
[19.893s] -- Up-to-date symlink: /home/talowe/host_udp_ws/install/dog_udp_comm/share/dog_udp_comm/launch/sender_launch.py
[19.894s] -- Up-to-date symlink: /home/talowe/host_udp_ws/install/dog_udp_comm/share/ament_index/resource_index/package_run_dependencies/dog_udp_comm
[19.895s] -- Up-to-date symlink: /home/talowe/host_udp_ws/install/dog_udp_comm/share/ament_index/resource_index/parent_prefix_path/dog_udp_comm
[19.896s] -- Up-to-date symlink: /home/talowe/host_udp_ws/install/dog_udp_comm/share/dog_udp_comm/environment/ament_prefix_path.sh
[19.896s] -- Up-to-date symlink: /home/talowe/host_udp_ws/install/dog_udp_comm/share/dog_udp_comm/environment/ament_prefix_path.dsv
[19.897s] -- Up-to-date symlink: /home/talowe/host_udp_ws/install/dog_udp_comm/share/dog_udp_comm/environment/path.sh
[19.898s] -- Up-to-date symlink: /home/talowe/host_udp_ws/install/dog_udp_comm/share/dog_udp_comm/environment/path.dsv
[19.898s] -- Up-to-date symlink: /home/talowe/host_udp_ws/install/dog_udp_comm/share/dog_udp_comm/local_setup.bash
[19.899s] -- Up-to-date symlink: /home/talowe/host_udp_ws/install/dog_udp_comm/share/dog_udp_comm/local_setup.sh
[19.899s] -- Up-to-date symlink: /home/talowe/host_udp_ws/install/dog_udp_comm/share/dog_udp_comm/local_setup.zsh
[19.900s] -- Up-to-date symlink: /home/talowe/host_udp_ws/install/dog_udp_comm/share/dog_udp_comm/local_setup.dsv
[19.900s] -- Symlinking: /home/talowe/host_udp_ws/install/dog_udp_comm/share/dog_udp_comm/package.dsv
[19.923s] -- Up-to-date symlink: /home/talowe/host_udp_ws/install/dog_udp_comm/share/ament_index/resource_index/packages/dog_udp_comm
[19.927s] -- Up-to-date symlink: /home/talowe/host_udp_ws/install/dog_udp_comm/share/dog_udp_comm/cmake/dog_udp_commConfig.cmake
[19.928s] -- Up-to-date symlink: /home/talowe/host_udp_ws/install/dog_udp_comm/share/dog_udp_comm/cmake/dog_udp_commConfig-version.cmake
[19.933s] -- Up-to-date symlink: /home/talowe/host_udp_ws/install/dog_udp_comm/share/dog_udp_comm/package.xml
[19.935s] Invoked command in '/home/talowe/host_udp_ws/build/dog_udp_comm' returned '0': CMAKE_PREFIX_PATH=/opt/ros/humble CONDA_PROMPT_MODIFIER=(base) /usr/bin/cmake --install /home/talowe/host_udp_ws/build/dog_udp_comm
