[0.227s] DEBUG:colcon:Command line arguments: ['/usr/bin/colcon', 'build', '--packages-select', 'dog_udp_comm']
[0.227s] DEBUG:colcon:Parsed command line arguments: Namespace(log_base=None, log_level=None, verb_name='build', build_base='build', install_base='install', merge_install=False, symlink_install=False, test_result_base=None, continue_on_error=False, executor='parallel', parallel_workers=6, event_handlers=None, ignore_user_meta=False, metas=['./colcon.meta'], base_paths=['.'], packages_ignore=None, packages_ignore_regex=None, paths=None, packages_up_to=None, packages_up_to_regex=None, packages_above=None, packages_above_and_dependencies=None, packages_above_depth=None, packages_select_by_dep=None, packages_skip_by_dep=None, packages_skip_up_to=None, packages_select_build_failed=False, packages_skip_build_finished=False, packages_select_test_failures=False, packages_skip_test_passed=False, packages_select=['dog_udp_comm'], packages_skip=None, packages_select_regex=None, packages_skip_regex=None, packages_start=None, packages_end=None, allow_overriding=[], cmake_args=None, cmake_target=None, cmake_target_skip_unavailable=False, cmake_clean_cache=False, cmake_clean_first=False, cmake_force_configure=False, ament_cmake_args=None, catkin_cmake_args=None, catkin_skip_building_tests=False, verb_parser=<colcon_defaults.argument_parser.defaults.DefaultArgumentsDecorator object at 0xffffa1a33af0>, verb_extension=<colcon_core.verb.build.BuildVerb object at 0xffffa1bda080>, main=<bound method BuildVerb.main of <colcon_core.verb.build.BuildVerb object at 0xffffa1bda080>>)
[0.578s] Level 1:colcon.colcon_core.package_discovery:discover_packages(colcon_meta) check parameters
[0.578s] Level 1:colcon.colcon_core.package_discovery:discover_packages(recursive) check parameters
[0.578s] Level 1:colcon.colcon_core.package_discovery:discover_packages(ignore) check parameters
[0.579s] Level 1:colcon.colcon_core.package_discovery:discover_packages(path) check parameters
[0.579s] Level 1:colcon.colcon_core.package_discovery:discover_packages(colcon_meta) discover
[0.579s] Level 1:colcon.colcon_core.package_discovery:discover_packages(recursive) discover
[0.579s] INFO:colcon.colcon_core.package_discovery:Crawling recursively for packages in '/root/udp_ws'
[0.579s] Level 1:colcon.colcon_core.package_identification:_identify(.) by extensions ['ignore', 'ignore_ament_install']
[0.580s] Level 1:colcon.colcon_core.package_identification:_identify(.) by extension 'ignore'
[0.580s] Level 1:colcon.colcon_core.package_identification:_identify(.) by extension 'ignore_ament_install'
[0.580s] Level 1:colcon.colcon_core.package_identification:_identify(.) by extensions ['colcon_pkg']
[0.580s] Level 1:colcon.colcon_core.package_identification:_identify(.) by extension 'colcon_pkg'
[0.581s] Level 1:colcon.colcon_core.package_identification:_identify(.) by extensions ['colcon_meta']
[0.581s] Level 1:colcon.colcon_core.package_identification:_identify(.) by extension 'colcon_meta'
[0.581s] Level 1:colcon.colcon_core.package_identification:_identify(.) by extensions ['ros']
[0.581s] Level 1:colcon.colcon_core.package_identification:_identify(.) by extension 'ros'
[0.632s] Level 1:colcon.colcon_core.package_identification:_identify(.) by extensions ['cmake', 'python']
[0.632s] Level 1:colcon.colcon_core.package_identification:_identify(.) by extension 'cmake'
[0.632s] Level 1:colcon.colcon_core.package_identification:_identify(.) by extension 'python'
[0.633s] Level 1:colcon.colcon_core.package_identification:_identify(.) by extensions ['python_setup_py']
[0.633s] Level 1:colcon.colcon_core.package_identification:_identify(.) by extension 'python_setup_py'
[0.633s] Level 1:colcon.colcon_core.package_identification:_identify(build) by extensions ['ignore', 'ignore_ament_install']
[0.633s] Level 1:colcon.colcon_core.package_identification:_identify(build) by extension 'ignore'
[0.633s] Level 1:colcon.colcon_core.package_identification:_identify(build) ignored
[0.634s] Level 1:colcon.colcon_core.package_identification:_identify(install) by extensions ['ignore', 'ignore_ament_install']
[0.634s] Level 1:colcon.colcon_core.package_identification:_identify(install) by extension 'ignore'
[0.634s] Level 1:colcon.colcon_core.package_identification:_identify(install) ignored
[0.634s] Level 1:colcon.colcon_core.package_identification:_identify(log) by extensions ['ignore', 'ignore_ament_install']
[0.635s] Level 1:colcon.colcon_core.package_identification:_identify(log) by extension 'ignore'
[0.635s] Level 1:colcon.colcon_core.package_identification:_identify(log) ignored
[0.635s] Level 1:colcon.colcon_core.package_identification:_identify(src) by extensions ['ignore', 'ignore_ament_install']
[0.635s] Level 1:colcon.colcon_core.package_identification:_identify(src) by extension 'ignore'
[0.635s] Level 1:colcon.colcon_core.package_identification:_identify(src) by extension 'ignore_ament_install'
[0.636s] Level 1:colcon.colcon_core.package_identification:_identify(src) by extensions ['colcon_pkg']
[0.636s] Level 1:colcon.colcon_core.package_identification:_identify(src) by extension 'colcon_pkg'
[0.636s] Level 1:colcon.colcon_core.package_identification:_identify(src) by extensions ['colcon_meta']
[0.636s] Level 1:colcon.colcon_core.package_identification:_identify(src) by extension 'colcon_meta'
[0.636s] Level 1:colcon.colcon_core.package_identification:_identify(src) by extensions ['ros']
[0.636s] Level 1:colcon.colcon_core.package_identification:_identify(src) by extension 'ros'
[0.636s] Level 1:colcon.colcon_core.package_identification:_identify(src) by extensions ['cmake', 'python']
[0.636s] Level 1:colcon.colcon_core.package_identification:_identify(src) by extension 'cmake'
[0.636s] Level 1:colcon.colcon_core.package_identification:_identify(src) by extension 'python'
[0.637s] Level 1:colcon.colcon_core.package_identification:_identify(src) by extensions ['python_setup_py']
[0.637s] Level 1:colcon.colcon_core.package_identification:_identify(src) by extension 'python_setup_py'
[0.637s] Level 1:colcon.colcon_core.package_identification:_identify(src/dog_udp_comm) by extensions ['ignore', 'ignore_ament_install']
[0.637s] Level 1:colcon.colcon_core.package_identification:_identify(src/dog_udp_comm) by extension 'ignore'
[0.637s] Level 1:colcon.colcon_core.package_identification:_identify(src/dog_udp_comm) by extension 'ignore_ament_install'
[0.637s] Level 1:colcon.colcon_core.package_identification:_identify(src/dog_udp_comm) by extensions ['colcon_pkg']
[0.637s] Level 1:colcon.colcon_core.package_identification:_identify(src/dog_udp_comm) by extension 'colcon_pkg'
[0.638s] Level 1:colcon.colcon_core.package_identification:_identify(src/dog_udp_comm) by extensions ['colcon_meta']
[0.638s] Level 1:colcon.colcon_core.package_identification:_identify(src/dog_udp_comm) by extension 'colcon_meta'
[0.638s] Level 1:colcon.colcon_core.package_identification:_identify(src/dog_udp_comm) by extensions ['ros']
[0.638s] Level 1:colcon.colcon_core.package_identification:_identify(src/dog_udp_comm) by extension 'ros'
[0.645s] DEBUG:colcon.colcon_core.package_identification:Package 'src/dog_udp_comm' with type 'ros.ament_cmake' and name 'dog_udp_comm'
[0.645s] Level 1:colcon.colcon_core.package_discovery:discover_packages(recursive) using defaults
[0.646s] Level 1:colcon.colcon_core.package_discovery:discover_packages(ignore) discover
[0.646s] Level 1:colcon.colcon_core.package_discovery:discover_packages(ignore) using defaults
[0.646s] Level 1:colcon.colcon_core.package_discovery:discover_packages(path) discover
[0.646s] Level 1:colcon.colcon_core.package_discovery:discover_packages(path) using defaults
[0.703s] Level 1:colcon.colcon_core.package_discovery:discover_packages(prefix_path) check parameters
[0.703s] Level 1:colcon.colcon_core.package_discovery:discover_packages(prefix_path) discover
[0.708s] DEBUG:colcon.colcon_installed_package_information.package_discovery:Found 288 installed packages in /opt/ros/humble
[0.710s] Level 1:colcon.colcon_core.package_discovery:discover_packages(prefix_path) using defaults
[0.776s] Level 5:colcon.colcon_core.verb:set package 'dog_udp_comm' build argument 'cmake_args' from command line to 'None'
[0.777s] Level 5:colcon.colcon_core.verb:set package 'dog_udp_comm' build argument 'cmake_target' from command line to 'None'
[0.777s] Level 5:colcon.colcon_core.verb:set package 'dog_udp_comm' build argument 'cmake_target_skip_unavailable' from command line to 'False'
[0.777s] Level 5:colcon.colcon_core.verb:set package 'dog_udp_comm' build argument 'cmake_clean_cache' from command line to 'False'
[0.777s] Level 5:colcon.colcon_core.verb:set package 'dog_udp_comm' build argument 'cmake_clean_first' from command line to 'False'
[0.777s] Level 5:colcon.colcon_core.verb:set package 'dog_udp_comm' build argument 'cmake_force_configure' from command line to 'False'
[0.777s] Level 5:colcon.colcon_core.verb:set package 'dog_udp_comm' build argument 'ament_cmake_args' from command line to 'None'
[0.777s] Level 5:colcon.colcon_core.verb:set package 'dog_udp_comm' build argument 'catkin_cmake_args' from command line to 'None'
[0.777s] Level 5:colcon.colcon_core.verb:set package 'dog_udp_comm' build argument 'catkin_skip_building_tests' from command line to 'False'
[0.777s] DEBUG:colcon.colcon_core.verb:Building package 'dog_udp_comm' with the following arguments: {'ament_cmake_args': None, 'build_base': '/root/udp_ws/build/dog_udp_comm', 'catkin_cmake_args': None, 'catkin_skip_building_tests': False, 'cmake_args': None, 'cmake_clean_cache': False, 'cmake_clean_first': False, 'cmake_force_configure': False, 'cmake_target': None, 'cmake_target_skip_unavailable': False, 'install_base': '/root/udp_ws/install/dog_udp_comm', 'merge_install': False, 'path': '/root/udp_ws/src/dog_udp_comm', 'symlink_install': False, 'test_result_base': None}
[0.778s] INFO:colcon.colcon_core.executor:Executing jobs using 'parallel' executor
[0.780s] DEBUG:colcon.colcon_parallel_executor.executor.parallel:run_until_complete
[0.780s] INFO:colcon.colcon_ros.task.ament_cmake.build:Building ROS package in '/root/udp_ws/src/dog_udp_comm' with build type 'ament_cmake'
[0.780s] INFO:colcon.colcon_cmake.task.cmake.build:Building CMake package in '/root/udp_ws/src/dog_udp_comm'
[0.784s] INFO:colcon.colcon_core.plugin_system:Skipping extension 'colcon_core.shell.bat': Not used on non-Windows systems
[0.785s] INFO:colcon.colcon_core.shell:Skip shell extension 'powershell' for command environment: Not usable outside of PowerShell
[0.785s] DEBUG:colcon.colcon_core.shell:Skip shell extension 'dsv' for command environment
[0.798s] DEBUG:colcon.colcon_core.event_handler.log_command:Invoking command in '/root/udp_ws/build/dog_udp_comm': CMAKE_PREFIX_PATH=/opt/ros/humble /usr/bin/cmake --build /root/udp_ws/build/dog_udp_comm -- -j6 -l6
[19.693s] DEBUG:colcon.colcon_core.event_handler.log_command:Invoked command in '/root/udp_ws/build/dog_udp_comm' returned '0': CMAKE_PREFIX_PATH=/opt/ros/humble /usr/bin/cmake --build /root/udp_ws/build/dog_udp_comm -- -j6 -l6
[19.705s] DEBUG:colcon.colcon_core.event_handler.log_command:Invoking command in '/root/udp_ws/build/dog_udp_comm': CMAKE_PREFIX_PATH=/opt/ros/humble /usr/bin/cmake --install /root/udp_ws/build/dog_udp_comm
[19.746s] Level 1:colcon.colcon_core.environment:create_environment_scripts_only(dog_udp_comm)
[19.747s] DEBUG:colcon.colcon_core.event_handler.log_command:Invoked command in '/root/udp_ws/build/dog_udp_comm' returned '0': CMAKE_PREFIX_PATH=/opt/ros/humble /usr/bin/cmake --install /root/udp_ws/build/dog_udp_comm
[19.751s] Level 1:colcon.colcon_core.environment:checking '/root/udp_ws/install/dog_udp_comm' for CMake module files
[19.752s] Level 1:colcon.colcon_core.environment:checking '/root/udp_ws/install/dog_udp_comm' for CMake config files
[19.753s] Level 1:colcon.colcon_core.shell:create_environment_hook('dog_udp_comm', 'cmake_prefix_path')
[19.754s] INFO:colcon.colcon_core.shell:Creating environment hook '/root/udp_ws/install/dog_udp_comm/share/dog_udp_comm/hook/cmake_prefix_path.ps1'
[19.755s] INFO:colcon.colcon_core.shell:Creating environment descriptor '/root/udp_ws/install/dog_udp_comm/share/dog_udp_comm/hook/cmake_prefix_path.dsv'
[19.756s] INFO:colcon.colcon_core.shell:Creating environment hook '/root/udp_ws/install/dog_udp_comm/share/dog_udp_comm/hook/cmake_prefix_path.sh'
[19.758s] Level 1:colcon.colcon_core.environment:checking '/root/udp_ws/install/dog_udp_comm/lib'
[19.759s] Level 1:colcon.colcon_core.environment:checking '/root/udp_ws/install/dog_udp_comm/bin'
[19.759s] Level 1:colcon.colcon_core.environment:checking '/root/udp_ws/install/dog_udp_comm/lib/pkgconfig/dog_udp_comm.pc'
[19.760s] Level 1:colcon.colcon_core.environment:checking '/root/udp_ws/install/dog_udp_comm/lib/python3.10/site-packages'
[19.760s] Level 1:colcon.colcon_core.environment:checking '/root/udp_ws/install/dog_udp_comm/bin'
[19.761s] INFO:colcon.colcon_core.shell:Creating package script '/root/udp_ws/install/dog_udp_comm/share/dog_udp_comm/package.ps1'
[19.764s] INFO:colcon.colcon_core.shell:Creating package descriptor '/root/udp_ws/install/dog_udp_comm/share/dog_udp_comm/package.dsv'
[19.765s] INFO:colcon.colcon_core.shell:Creating package script '/root/udp_ws/install/dog_udp_comm/share/dog_udp_comm/package.sh'
[19.767s] INFO:colcon.colcon_core.shell:Creating package script '/root/udp_ws/install/dog_udp_comm/share/dog_udp_comm/package.bash'
[19.769s] INFO:colcon.colcon_core.shell:Creating package script '/root/udp_ws/install/dog_udp_comm/share/dog_udp_comm/package.zsh'
[19.770s] Level 1:colcon.colcon_core.environment:create_file_with_runtime_dependencies(/root/udp_ws/install/dog_udp_comm/share/colcon-core/packages/dog_udp_comm)
[19.772s] Level 1:colcon.colcon_core.environment:create_environment_scripts_only(dog_udp_comm)
[19.772s] Level 1:colcon.colcon_core.environment:checking '/root/udp_ws/install/dog_udp_comm' for CMake module files
[19.773s] Level 1:colcon.colcon_core.environment:checking '/root/udp_ws/install/dog_udp_comm' for CMake config files
[19.774s] Level 1:colcon.colcon_core.shell:create_environment_hook('dog_udp_comm', 'cmake_prefix_path')
[19.774s] INFO:colcon.colcon_core.shell:Creating environment hook '/root/udp_ws/install/dog_udp_comm/share/dog_udp_comm/hook/cmake_prefix_path.ps1'
[19.776s] INFO:colcon.colcon_core.shell:Creating environment descriptor '/root/udp_ws/install/dog_udp_comm/share/dog_udp_comm/hook/cmake_prefix_path.dsv'
[19.777s] INFO:colcon.colcon_core.shell:Creating environment hook '/root/udp_ws/install/dog_udp_comm/share/dog_udp_comm/hook/cmake_prefix_path.sh'
[19.778s] Level 1:colcon.colcon_core.environment:checking '/root/udp_ws/install/dog_udp_comm/lib'
[19.778s] Level 1:colcon.colcon_core.environment:checking '/root/udp_ws/install/dog_udp_comm/bin'
[19.778s] Level 1:colcon.colcon_core.environment:checking '/root/udp_ws/install/dog_udp_comm/lib/pkgconfig/dog_udp_comm.pc'
[19.779s] Level 1:colcon.colcon_core.environment:checking '/root/udp_ws/install/dog_udp_comm/lib/python3.10/site-packages'
[19.780s] Level 1:colcon.colcon_core.environment:checking '/root/udp_ws/install/dog_udp_comm/bin'
[19.780s] INFO:colcon.colcon_core.shell:Creating package script '/root/udp_ws/install/dog_udp_comm/share/dog_udp_comm/package.ps1'
[19.782s] INFO:colcon.colcon_core.shell:Creating package descriptor '/root/udp_ws/install/dog_udp_comm/share/dog_udp_comm/package.dsv'
[19.783s] INFO:colcon.colcon_core.shell:Creating package script '/root/udp_ws/install/dog_udp_comm/share/dog_udp_comm/package.sh'
[19.784s] INFO:colcon.colcon_core.shell:Creating package script '/root/udp_ws/install/dog_udp_comm/share/dog_udp_comm/package.bash'
[19.786s] INFO:colcon.colcon_core.shell:Creating package script '/root/udp_ws/install/dog_udp_comm/share/dog_udp_comm/package.zsh'
[19.788s] Level 1:colcon.colcon_core.environment:create_file_with_runtime_dependencies(/root/udp_ws/install/dog_udp_comm/share/colcon-core/packages/dog_udp_comm)
[19.789s] DEBUG:colcon.colcon_parallel_executor.executor.parallel:closing loop
[19.789s] DEBUG:colcon.colcon_parallel_executor.executor.parallel:loop closed
[19.789s] DEBUG:colcon.colcon_parallel_executor.executor.parallel:run_until_complete finished with '0'
[19.789s] DEBUG:colcon.colcon_core.event_reactor:joining thread
[19.790s] DEBUG:colcon.colcon_core.event_reactor:joined thread
[19.791s] INFO:colcon.colcon_core.shell:Creating prefix script '/root/udp_ws/install/local_setup.ps1'
[19.793s] INFO:colcon.colcon_core.shell:Creating prefix util module '/root/udp_ws/install/_local_setup_util_ps1.py'
[19.796s] INFO:colcon.colcon_core.shell:Creating prefix chain script '/root/udp_ws/install/setup.ps1'
[19.798s] INFO:colcon.colcon_core.shell:Creating prefix script '/root/udp_ws/install/local_setup.sh'
[19.800s] INFO:colcon.colcon_core.shell:Creating prefix util module '/root/udp_ws/install/_local_setup_util_sh.py'
[19.801s] INFO:colcon.colcon_core.shell:Creating prefix chain script '/root/udp_ws/install/setup.sh'
[19.804s] INFO:colcon.colcon_core.shell:Creating prefix script '/root/udp_ws/install/local_setup.bash'
[19.805s] INFO:colcon.colcon_core.shell:Creating prefix chain script '/root/udp_ws/install/setup.bash'
[19.807s] INFO:colcon.colcon_core.shell:Creating prefix script '/root/udp_ws/install/local_setup.zsh'
[19.809s] INFO:colcon.colcon_core.shell:Creating prefix chain script '/root/udp_ws/install/setup.zsh'
