-- The C compiler identification is GNU 11.4.0
-- The CXX compiler identification is GNU 11.4.0
-- Detecting C compiler ABI info
-- Detecting C compiler ABI info - done
-- Check for working C compiler: /usr/bin/cc - skipped
-- Detecting C compile features
-- Detecting C compile features - done
-- Detecting CXX compiler ABI info
-- Detecting CXX compiler ABI info - done
-- Check for working CXX compiler: /usr/bin/c++ - skipped
-- Detecting CXX compile features
-- Detecting CXX compile features - done
-- Found ament_cmake: 1.3.12 (/opt/ros/humble/share/ament_cmake/cmake)
-- Found Python3: /usr/bin/python3 (found version "3.10.12") found components: Interpreter 
-- Override CMake install command with custom implementation using symlinks instead of copying resources
-- Found rclcpp: 16.0.15 (/opt/ros/humble/share/rclcpp/cmake)
-- Found rosidl_generator_c: 3.1.7 (/opt/ros/humble/share/rosidl_generator_c/cmake)
-- Found rosidl_adapter: 3.1.7 (/opt/ros/humble/share/rosidl_adapter/cmake)
-- Found rosidl_generator_cpp: 3.1.7 (/opt/ros/humble/share/rosidl_generator_cpp/cmake)
-- Using all available rosidl_typesupport_c: rosidl_typesupport_fastrtps_c;rosidl_typesupport_introspection_c
-- Using all available rosidl_typesupport_cpp: rosidl_typesupport_fastrtps_cpp;rosidl_typesupport_introspection_cpp
-- Found rmw_implementation_cmake: 6.1.2 (/opt/ros/humble/share/rmw_implementation_cmake/cmake)
-- Found rmw_fastrtps_cpp: 6.2.9 (/opt/ros/humble/share/rmw_fastrtps_cpp/cmake)
-- Found OpenSSL: /usr/lib/aarch64-linux-gnu/libcrypto.so (found version "3.0.2")  
-- Found FastRTPS: /opt/ros/humble/include  
-- Using RMW implementation 'rmw_fastrtps_cpp' as default
-- Looking for pthread.h
-- Looking for pthread.h - found
-- Performing Test CMAKE_HAVE_LIBC_PTHREAD
-- Performing Test CMAKE_HAVE_LIBC_PTHREAD - Success
-- Found Threads: TRUE  
-- Found rclpy: 3.3.17 (/opt/ros/humble/share/rclpy/cmake)
-- Found geometry_msgs: 4.9.0 (/opt/ros/humble/share/geometry_msgs/cmake)
-- Found std_srvs: 4.9.0 (/opt/ros/humble/share/std_srvs/cmake)
-- Configuring done
-- Generating done
-- Build files have been written to: /root/udp_ws/build/dog_udp_comm
[ 50%] [32mBuilding CXX object CMakeFiles/sender_node.dir/src/sender_node.cpp.o[0m
[100%] [32m[1mLinking CXX executable sender_node[0m
[100%] Built target sender_node
-- Install configuration: ""
-- Execute custom install script
-- Symlinking: /root/udp_ws/install/dog_udp_comm/lib/dog_udp_comm/sender_node
-- Symlinking: /root/udp_ws/install/dog_udp_comm/lib/dog_udp_comm/keyboard_teleop.py
-- Symlinking: /root/udp_ws/install/dog_udp_comm/share/dog_udp_comm/launch/sender_launch.py
-- Symlinking: /root/udp_ws/install/dog_udp_comm/share/ament_index/resource_index/package_run_dependencies/dog_udp_comm
-- Symlinking: /root/udp_ws/install/dog_udp_comm/share/ament_index/resource_index/parent_prefix_path/dog_udp_comm
-- Symlinking: /root/udp_ws/install/dog_udp_comm/share/dog_udp_comm/environment/ament_prefix_path.sh
-- Symlinking: /root/udp_ws/install/dog_udp_comm/share/dog_udp_comm/environment/ament_prefix_path.dsv
-- Symlinking: /root/udp_ws/install/dog_udp_comm/share/dog_udp_comm/environment/path.sh
-- Symlinking: /root/udp_ws/install/dog_udp_comm/share/dog_udp_comm/environment/path.dsv
-- Symlinking: /root/udp_ws/install/dog_udp_comm/share/dog_udp_comm/local_setup.bash
-- Symlinking: /root/udp_ws/install/dog_udp_comm/share/dog_udp_comm/local_setup.sh
-- Symlinking: /root/udp_ws/install/dog_udp_comm/share/dog_udp_comm/local_setup.zsh
-- Symlinking: /root/udp_ws/install/dog_udp_comm/share/dog_udp_comm/local_setup.dsv
-- Symlinking: /root/udp_ws/install/dog_udp_comm/share/dog_udp_comm/package.dsv
-- Symlinking: /root/udp_ws/install/dog_udp_comm/share/ament_index/resource_index/packages/dog_udp_comm
-- Symlinking: /root/udp_ws/install/dog_udp_comm/share/dog_udp_comm/cmake/dog_udp_commConfig.cmake
-- Symlinking: /root/udp_ws/install/dog_udp_comm/share/dog_udp_comm/cmake/dog_udp_commConfig-version.cmake
-- Symlinking: /root/udp_ws/install/dog_udp_comm/share/dog_udp_comm/package.xml
