[0.015s] Invoking command in '/root/udp_ws/build/dog_udp_comm': CMAKE_PREFIX_PATH=/opt/tros/humble:/opt/ros/humble /usr/bin/cmake /root/udp_ws/src/dog_udp_comm -DAMENT_CMAKE_SYMLINK_INSTALL=1 -DCMAKE_INSTALL_PREFIX=/root/udp_ws/install/dog_udp_comm
[0.238s] -- The C compiler identification is GNU 11.4.0
[0.400s] -- The CXX compiler identification is GNU 11.4.0
[0.417s] -- Detecting C compiler ABI info
[0.518s] -- Detecting C compiler ABI info - done
[0.530s] -- Check for working C compiler: /usr/bin/cc - skipped
[0.531s] -- Detecting C compile features
[0.532s] -- Detecting C compile features - done
[0.539s] -- Detecting CXX compiler ABI info
[0.651s] -- Detecting CXX compiler ABI info - done
[0.664s] -- Check for working CXX compiler: /usr/bin/c++ - skipped
[0.664s] -- Detecting CXX compile features
[0.665s] -- Detecting CXX compile features - done
[0.670s] -- Found ament_cmake: 1.3.12 (/opt/ros/humble/share/ament_cmake/cmake)
[0.956s] -- Found Python3: /usr/bin/python3 (found version "3.10.12") found components: Interpreter 
[1.090s] -- Override CMake install command with custom implementation using symlinks instead of copying resources
[1.142s] -- Found rclcpp: 16.0.15 (/opt/ros/humble/share/rclcpp/cmake)
[1.227s] -- Found rosidl_generator_c: 3.1.7 (/opt/ros/humble/share/rosidl_generator_c/cmake)
[1.237s] -- Found rosidl_adapter: 3.1.7 (/opt/ros/humble/share/rosidl_adapter/cmake)
[1.255s] -- Found rosidl_generator_cpp: 3.1.7 (/opt/ros/humble/share/rosidl_generator_cpp/cmake)
[1.283s] -- Using all available rosidl_typesupport_c: rosidl_typesupport_fastrtps_c;rosidl_typesupport_introspection_c
[1.364s] -- Using all available rosidl_typesupport_cpp: rosidl_typesupport_fastrtps_cpp;rosidl_typesupport_introspection_cpp
[1.457s] -- Found rmw_implementation_cmake: 6.1.2 (/opt/ros/humble/share/rmw_implementation_cmake/cmake)
[1.463s] -- Found rmw_fastrtps_cpp: 6.2.9 (/opt/ros/humble/share/rmw_fastrtps_cpp/cmake)
[1.614s] -- Found OpenSSL: /usr/lib/aarch64-linux-gnu/libcrypto.so (found version "3.0.2")  
[1.649s] -- Found FastRTPS: /opt/ros/humble/include  
[1.701s] -- Using RMW implementation 'rmw_fastrtps_cpp' as default
[1.718s] -- Looking for pthread.h
[1.834s] -- Looking for pthread.h - found
[1.835s] -- Performing Test CMAKE_HAVE_LIBC_PTHREAD
[1.939s] -- Performing Test CMAKE_HAVE_LIBC_PTHREAD - Success
[1.940s] -- Found Threads: TRUE  
[2.054s] -- Found rclpy: 3.3.17 (/opt/ros/humble/share/rclpy/cmake)
[2.056s] -- Found geometry_msgs: 4.9.0 (/opt/ros/humble/share/geometry_msgs/cmake)
[2.088s] -- Found std_srvs: 4.9.0 (/opt/ros/humble/share/std_srvs/cmake)
[2.294s] -- Configuring done
[2.315s] -- Generating done
[2.322s] -- Build files have been written to: /root/udp_ws/build/dog_udp_comm
[2.335s] Invoked command in '/root/udp_ws/build/dog_udp_comm' returned '0': CMAKE_PREFIX_PATH=/opt/tros/humble:/opt/ros/humble /usr/bin/cmake /root/udp_ws/src/dog_udp_comm -DAMENT_CMAKE_SYMLINK_INSTALL=1 -DCMAKE_INSTALL_PREFIX=/root/udp_ws/install/dog_udp_comm
[2.338s] Invoking command in '/root/udp_ws/build/dog_udp_comm': CMAKE_PREFIX_PATH=/opt/tros/humble:/opt/ros/humble /usr/bin/cmake --build /root/udp_ws/build/dog_udp_comm -- -j6 -l6
[2.403s] [ 50%] [32mBuilding CXX object CMakeFiles/sender_node.dir/src/sender_node.cpp.o[0m
[20.851s] [100%] [32m[1mLinking CXX executable sender_node[0m
[21.636s] [100%] Built target sender_node
[21.651s] Invoked command in '/root/udp_ws/build/dog_udp_comm' returned '0': CMAKE_PREFIX_PATH=/opt/tros/humble:/opt/ros/humble /usr/bin/cmake --build /root/udp_ws/build/dog_udp_comm -- -j6 -l6
[21.665s] Invoking command in '/root/udp_ws/build/dog_udp_comm': CMAKE_PREFIX_PATH=/opt/tros/humble:/opt/ros/humble /usr/bin/cmake --install /root/udp_ws/build/dog_udp_comm
[21.675s] -- Install configuration: ""
[21.676s] -- Execute custom install script
[21.677s] -- Symlinking: /root/udp_ws/install/dog_udp_comm/lib/dog_udp_comm/sender_node
[21.689s] -- Symlinking: /root/udp_ws/install/dog_udp_comm/lib/dog_udp_comm/keyboard_teleop.py
[21.702s] -- Symlinking: /root/udp_ws/install/dog_udp_comm/share/dog_udp_comm/launch/sender_launch.py
[21.714s] -- Symlinking: /root/udp_ws/install/dog_udp_comm/share/ament_index/resource_index/package_run_dependencies/dog_udp_comm
[21.727s] -- Symlinking: /root/udp_ws/install/dog_udp_comm/share/ament_index/resource_index/parent_prefix_path/dog_udp_comm
[21.739s] -- Symlinking: /root/udp_ws/install/dog_udp_comm/share/dog_udp_comm/environment/ament_prefix_path.sh
[21.751s] -- Symlinking: /root/udp_ws/install/dog_udp_comm/share/dog_udp_comm/environment/ament_prefix_path.dsv
[21.763s] -- Symlinking: /root/udp_ws/install/dog_udp_comm/share/dog_udp_comm/environment/path.sh
[21.775s] -- Symlinking: /root/udp_ws/install/dog_udp_comm/share/dog_udp_comm/environment/path.dsv
[21.787s] -- Symlinking: /root/udp_ws/install/dog_udp_comm/share/dog_udp_comm/local_setup.bash
[21.799s] -- Symlinking: /root/udp_ws/install/dog_udp_comm/share/dog_udp_comm/local_setup.sh
[21.812s] -- Symlinking: /root/udp_ws/install/dog_udp_comm/share/dog_udp_comm/local_setup.zsh
[21.824s] -- Symlinking: /root/udp_ws/install/dog_udp_comm/share/dog_udp_comm/local_setup.dsv
[21.837s] -- Symlinking: /root/udp_ws/install/dog_udp_comm/share/dog_udp_comm/package.dsv
[21.849s] -- Symlinking: /root/udp_ws/install/dog_udp_comm/share/ament_index/resource_index/packages/dog_udp_comm
[21.862s] -- Symlinking: /root/udp_ws/install/dog_udp_comm/share/dog_udp_comm/cmake/dog_udp_commConfig.cmake
[21.874s] -- Symlinking: /root/udp_ws/install/dog_udp_comm/share/dog_udp_comm/cmake/dog_udp_commConfig-version.cmake
[21.886s] -- Symlinking: /root/udp_ws/install/dog_udp_comm/share/dog_udp_comm/package.xml
[21.900s] Invoked command in '/root/udp_ws/build/dog_udp_comm' returned '0': CMAKE_PREFIX_PATH=/opt/tros/humble:/opt/ros/humble /usr/bin/cmake --install /root/udp_ws/build/dog_udp_comm
