[0.018s] Invoking command in '/root/udp_ws/build/dog_udp_comm': CMAKE_PREFIX_PATH=/opt/ros/humble /usr/bin/cmake --build /root/udp_ws/build/dog_udp_comm -- -j6 -l6
[0.084s] Consolidate compiler generated dependencies of target sender_node
[0.102s] [100%] Built target sender_node
[0.115s] Invoked command in '/root/udp_ws/build/dog_udp_comm' returned '0': CMAKE_PREFIX_PATH=/opt/ros/humble /usr/bin/cmake --build /root/udp_ws/build/dog_udp_comm -- -j6 -l6
[0.128s] Invoking command in '/root/udp_ws/build/dog_udp_comm': CMAKE_PREFIX_PATH=/opt/ros/humble /usr/bin/cmake --install /root/udp_ws/build/dog_udp_comm
[0.138s] -- Install configuration: ""
[0.138s] -- Execute custom install script
[0.139s] -- Up-to-date symlink: /root/udp_ws/install/dog_udp_comm/lib/dog_udp_comm/sender_node
[0.140s] -- Up-to-date symlink: /root/udp_ws/install/dog_udp_comm/lib/dog_udp_comm/keyboard_teleop.py
[0.140s] -- Up-to-date symlink: /root/udp_ws/install/dog_udp_comm/lib/dog_udp_comm/host_mpc_controller.py
[0.141s] -- Up-to-date symlink: /root/udp_ws/install/dog_udp_comm/share/dog_udp_comm/launch/person_follow_udp_launch.py
[0.141s] -- Up-to-date symlink: /root/udp_ws/install/dog_udp_comm/share/dog_udp_comm/launch/sender_launch.py
[0.141s] -- Up-to-date symlink: /root/udp_ws/install/dog_udp_comm/share/ament_index/resource_index/package_run_dependencies/dog_udp_comm
[0.141s] -- Up-to-date symlink: /root/udp_ws/install/dog_udp_comm/share/ament_index/resource_index/parent_prefix_path/dog_udp_comm
[0.142s] -- Up-to-date symlink: /root/udp_ws/install/dog_udp_comm/share/dog_udp_comm/environment/ament_prefix_path.sh
[0.142s] -- Up-to-date symlink: /root/udp_ws/install/dog_udp_comm/share/dog_udp_comm/environment/ament_prefix_path.dsv
[0.142s] -- Up-to-date symlink: /root/udp_ws/install/dog_udp_comm/share/dog_udp_comm/environment/path.sh
[0.143s] -- Up-to-date symlink: /root/udp_ws/install/dog_udp_comm/share/dog_udp_comm/environment/path.dsv
[0.143s] -- Up-to-date symlink: /root/udp_ws/install/dog_udp_comm/share/dog_udp_comm/local_setup.bash
[0.143s] -- Up-to-date symlink: /root/udp_ws/install/dog_udp_comm/share/dog_udp_comm/local_setup.sh
[0.144s] -- Up-to-date symlink: /root/udp_ws/install/dog_udp_comm/share/dog_udp_comm/local_setup.zsh
[0.144s] -- Up-to-date symlink: /root/udp_ws/install/dog_udp_comm/share/dog_udp_comm/local_setup.dsv
[0.144s] -- Symlinking: /root/udp_ws/install/dog_udp_comm/share/dog_udp_comm/package.dsv
[0.156s] -- Up-to-date symlink: /root/udp_ws/install/dog_udp_comm/share/ament_index/resource_index/packages/dog_udp_comm
[0.156s] -- Up-to-date symlink: /root/udp_ws/install/dog_udp_comm/share/dog_udp_comm/cmake/dog_udp_commConfig.cmake
[0.156s] -- Up-to-date symlink: /root/udp_ws/install/dog_udp_comm/share/dog_udp_comm/cmake/dog_udp_commConfig-version.cmake
[0.156s] -- Up-to-date symlink: /root/udp_ws/install/dog_udp_comm/share/dog_udp_comm/package.xml
[0.158s] Invoked command in '/root/udp_ws/build/dog_udp_comm' returned '0': CMAKE_PREFIX_PATH=/opt/ros/humble /usr/bin/cmake --install /root/udp_ws/build/dog_udp_comm
