[0.020s] Invoking command in '/home/talowe/host_udp_ws/build/dog_udp_comm': CMAKE_PREFIX_PATH=${CMAKE_PREFIX_PATH}:/opt/ros/humble CONDA_PROMPT_MODIFIER=(base) /usr/bin/cmake --build /home/talowe/host_udp_ws/build/dog_udp_comm -- -j8 -l8
[0.112s] -- Found ament_cmake: 1.3.14 (/opt/ros/humble/share/ament_cmake/cmake)
[0.185s] [31mCMake Error at /usr/share/cmake-3.22/Modules/FindPackageHandleStandardArgs.cmake:230 (message):
[0.185s]   Could NOT find Python3 (missing: Interpreter)
[0.186s] 
[0.186s]       Reason given by package: 
[0.187s]           Interpreter: Cannot run the interpreter "/home/talowe/miniforge3/bin/python3"
[0.187s] 
[0.188s] Call Stack (most recent call first):
[0.189s]   /usr/share/cmake-3.22/Modules/FindPackageHandleStandardArgs.cmake:594 (_FPHSA_FAILURE_MESSAGE)
[0.190s]   /usr/share/cmake-3.22/Modules/FindPython/Support.cmake:3180 (find_package_handle_standard_args)
[0.191s]   /usr/share/cmake-3.22/Modules/FindPython3.cmake:490 (include)
[0.192s]   /opt/ros/humble/share/ament_cmake_core/cmake/core/python.cmake:37 (find_package)
[0.194s]   /opt/ros/humble/share/ament_cmake_core/cmake/core/all.cmake:54 (include)
[0.195s]   /opt/ros/humble/share/ament_cmake_core/cmake/ament_cmake_core-extras.cmake:17 (include)
[0.196s]   /opt/ros/humble/share/ament_cmake_core/cmake/ament_cmake_coreConfig.cmake:41 (include)
[0.197s]   /opt/ros/humble/share/ament_cmake/cmake/ament_cmake_export_dependencies-extras.cmake:15 (find_package)
[0.198s]   /opt/ros/humble/share/ament_cmake/cmake/ament_cmakeConfig.cmake:41 (include)
[0.200s]   CMakeLists.txt:9 (find_package)
[0.201s] 
[0.201s] [0m
[0.202s] -- Configuring incomplete, errors occurred!
[0.203s] See also "/home/talowe/host_udp_ws/build/dog_udp_comm/CMakeFiles/CMakeOutput.log".
[0.204s] gmake: *** [Makefile:267: cmake_check_build_system] Error 1
[0.205s] Invoked command in '/home/talowe/host_udp_ws/build/dog_udp_comm' returned '2': CMAKE_PREFIX_PATH=${CMAKE_PREFIX_PATH}:/opt/ros/humble CONDA_PROMPT_MODIFIER=(base) /usr/bin/cmake --build /home/talowe/host_udp_ws/build/dog_udp_comm -- -j8 -l8
