[0.289s] DEBUG:colcon:Command line arguments: ['/usr/bin/colcon', 'build', '--packages-select', 'dog_udp_comm']
[0.289s] DEBUG:colcon:Parsed command line arguments: Namespace(log_base=None, log_level=None, verb_name='build', build_base='build', install_base='install', merge_install=False, symlink_install=False, test_result_base=None, continue_on_error=False, executor='parallel', parallel_workers=6, event_handlers=None, ignore_user_meta=False, metas=['./colcon.meta'], base_paths=['.'], packages_ignore=None, packages_ignore_regex=None, paths=None, packages_up_to=None, packages_up_to_regex=None, packages_above=None, packages_above_and_dependencies=None, packages_above_depth=None, packages_select_by_dep=None, packages_skip_by_dep=None, packages_skip_up_to=None, packages_select_build_failed=False, packages_skip_build_finished=False, packages_select_test_failures=False, packages_skip_test_passed=False, packages_select=['dog_udp_comm'], packages_skip=None, packages_select_regex=None, packages_skip_regex=None, packages_start=None, packages_end=None, allow_overriding=[], cmake_args=None, cmake_target=None, cmake_target_skip_unavailable=False, cmake_clean_cache=False, cmake_clean_first=False, cmake_force_configure=False, ament_cmake_args=None, catkin_cmake_args=None, catkin_skip_building_tests=False, verb_parser=<colcon_defaults.argument_parser.defaults.DefaultArgumentsDecorator object at 0xffff9a123a90>, verb_extension=<colcon_core.verb.build.BuildVerb object at 0xffff9a2ca020>, main=<bound method BuildVerb.main of <colcon_core.verb.build.BuildVerb object at 0xffff9a2ca020>>)
[0.804s] Level 1:colcon.colcon_core.package_discovery:discover_packages(colcon_meta) check parameters
[0.804s] Level 1:colcon.colcon_core.package_discovery:discover_packages(recursive) check parameters
[0.805s] Level 1:colcon.colcon_core.package_discovery:discover_packages(ignore) check parameters
[0.805s] Level 1:colcon.colcon_core.package_discovery:discover_packages(path) check parameters
[0.805s] Level 1:colcon.colcon_core.package_discovery:discover_packages(colcon_meta) discover
[0.805s] Level 1:colcon.colcon_core.package_discovery:discover_packages(recursive) discover
[0.805s] INFO:colcon.colcon_core.package_discovery:Crawling recursively for packages in '/root/udp_ws'
[0.806s] Level 1:colcon.colcon_core.package_identification:_identify(.) by extensions ['ignore', 'ignore_ament_install']
[0.806s] Level 1:colcon.colcon_core.package_identification:_identify(.) by extension 'ignore'
[0.807s] Level 1:colcon.colcon_core.package_identification:_identify(.) by extension 'ignore_ament_install'
[0.807s] Level 1:colcon.colcon_core.package_identification:_identify(.) by extensions ['colcon_pkg']
[0.807s] Level 1:colcon.colcon_core.package_identification:_identify(.) by extension 'colcon_pkg'
[0.807s] Level 1:colcon.colcon_core.package_identification:_identify(.) by extensions ['colcon_meta']
[0.807s] Level 1:colcon.colcon_core.package_identification:_identify(.) by extension 'colcon_meta'
[0.808s] Level 1:colcon.colcon_core.package_identification:_identify(.) by extensions ['ros']
[0.808s] Level 1:colcon.colcon_core.package_identification:_identify(.) by extension 'ros'
[0.859s] Level 1:colcon.colcon_core.package_identification:_identify(.) by extensions ['cmake', 'python']
[0.859s] Level 1:colcon.colcon_core.package_identification:_identify(.) by extension 'cmake'
[0.859s] Level 1:colcon.colcon_core.package_identification:_identify(.) by extension 'python'
[0.859s] Level 1:colcon.colcon_core.package_identification:_identify(.) by extensions ['python_setup_py']
[0.860s] Level 1:colcon.colcon_core.package_identification:_identify(.) by extension 'python_setup_py'
[0.860s] Level 1:colcon.colcon_core.package_identification:_identify(build) by extensions ['ignore', 'ignore_ament_install']
[0.860s] Level 1:colcon.colcon_core.package_identification:_identify(build) by extension 'ignore'
[0.861s] Level 1:colcon.colcon_core.package_identification:_identify(build) ignored
[0.861s] Level 1:colcon.colcon_core.package_identification:_identify(install) by extensions ['ignore', 'ignore_ament_install']
[0.862s] Level 1:colcon.colcon_core.package_identification:_identify(install) by extension 'ignore'
[0.862s] Level 1:colcon.colcon_core.package_identification:_identify(install) ignored
[0.862s] Level 1:colcon.colcon_core.package_identification:_identify(log) by extensions ['ignore', 'ignore_ament_install']
[0.862s] Level 1:colcon.colcon_core.package_identification:_identify(log) by extension 'ignore'
[0.863s] Level 1:colcon.colcon_core.package_identification:_identify(log) ignored
[0.863s] Level 1:colcon.colcon_core.package_identification:_identify(src) by extensions ['ignore', 'ignore_ament_install']
[0.863s] Level 1:colcon.colcon_core.package_identification:_identify(src) by extension 'ignore'
[0.863s] Level 1:colcon.colcon_core.package_identification:_identify(src) by extension 'ignore_ament_install'
[0.864s] Level 1:colcon.colcon_core.package_identification:_identify(src) by extensions ['colcon_pkg']
[0.864s] Level 1:colcon.colcon_core.package_identification:_identify(src) by extension 'colcon_pkg'
[0.864s] Level 1:colcon.colcon_core.package_identification:_identify(src) by extensions ['colcon_meta']
[0.864s] Level 1:colcon.colcon_core.package_identification:_identify(src) by extension 'colcon_meta'
[0.864s] Level 1:colcon.colcon_core.package_identification:_identify(src) by extensions ['ros']
[0.864s] Level 1:colcon.colcon_core.package_identification:_identify(src) by extension 'ros'
[0.865s] Level 1:colcon.colcon_core.package_identification:_identify(src) by extensions ['cmake', 'python']
[0.865s] Level 1:colcon.colcon_core.package_identification:_identify(src) by extension 'cmake'
[0.865s] Level 1:colcon.colcon_core.package_identification:_identify(src) by extension 'python'
[0.865s] Level 1:colcon.colcon_core.package_identification:_identify(src) by extensions ['python_setup_py']
[0.865s] Level 1:colcon.colcon_core.package_identification:_identify(src) by extension 'python_setup_py'
[0.865s] Level 1:colcon.colcon_core.package_identification:_identify(src/cspc_lidar_sdk_ros2) by extensions ['ignore', 'ignore_ament_install']
[0.866s] Level 1:colcon.colcon_core.package_identification:_identify(src/cspc_lidar_sdk_ros2) by extension 'ignore'
[0.866s] Level 1:colcon.colcon_core.package_identification:_identify(src/cspc_lidar_sdk_ros2) by extension 'ignore_ament_install'
[0.866s] Level 1:colcon.colcon_core.package_identification:_identify(src/cspc_lidar_sdk_ros2) by extensions ['colcon_pkg']
[0.866s] Level 1:colcon.colcon_core.package_identification:_identify(src/cspc_lidar_sdk_ros2) by extension 'colcon_pkg'
[0.866s] Level 1:colcon.colcon_core.package_identification:_identify(src/cspc_lidar_sdk_ros2) by extensions ['colcon_meta']
[0.866s] Level 1:colcon.colcon_core.package_identification:_identify(src/cspc_lidar_sdk_ros2) by extension 'colcon_meta'
[0.866s] Level 1:colcon.colcon_core.package_identification:_identify(src/cspc_lidar_sdk_ros2) by extensions ['ros']
[0.866s] Level 1:colcon.colcon_core.package_identification:_identify(src/cspc_lidar_sdk_ros2) by extension 'ros'
[0.876s] DEBUG:colcon.colcon_core.package_identification:Package 'src/cspc_lidar_sdk_ros2' with type 'ros.ament_cmake' and name 'cspc_lidar'
[0.876s] Level 1:colcon.colcon_core.package_identification:_identify(src/dog_udp_comm) by extensions ['ignore', 'ignore_ament_install']
[0.876s] Level 1:colcon.colcon_core.package_identification:_identify(src/dog_udp_comm) by extension 'ignore'
[0.877s] Level 1:colcon.colcon_core.package_identification:_identify(src/dog_udp_comm) by extension 'ignore_ament_install'
[0.877s] Level 1:colcon.colcon_core.package_identification:_identify(src/dog_udp_comm) by extensions ['colcon_pkg']
[0.877s] Level 1:colcon.colcon_core.package_identification:_identify(src/dog_udp_comm) by extension 'colcon_pkg'
[0.877s] Level 1:colcon.colcon_core.package_identification:_identify(src/dog_udp_comm) by extensions ['colcon_meta']
[0.877s] Level 1:colcon.colcon_core.package_identification:_identify(src/dog_udp_comm) by extension 'colcon_meta'
[0.877s] Level 1:colcon.colcon_core.package_identification:_identify(src/dog_udp_comm) by extensions ['ros']
[0.877s] Level 1:colcon.colcon_core.package_identification:_identify(src/dog_udp_comm) by extension 'ros'
[0.880s] DEBUG:colcon.colcon_core.package_identification:Package 'src/dog_udp_comm' with type 'ros.ament_cmake' and name 'dog_udp_comm'
[0.880s] Level 1:colcon.colcon_core.package_discovery:discover_packages(recursive) using defaults
[0.880s] Level 1:colcon.colcon_core.package_discovery:discover_packages(ignore) discover
[0.880s] Level 1:colcon.colcon_core.package_discovery:discover_packages(ignore) using defaults
[0.880s] Level 1:colcon.colcon_core.package_discovery:discover_packages(path) discover
[0.880s] Level 1:colcon.colcon_core.package_discovery:discover_packages(path) using defaults
[0.941s] INFO:colcon.colcon_core.package_selection:Skipping not selected package 'cspc_lidar' in 'src/cspc_lidar_sdk_ros2'
[0.942s] Level 1:colcon.colcon_core.package_discovery:discover_packages(prefix_path) check parameters
[0.943s] Level 1:colcon.colcon_core.package_discovery:discover_packages(prefix_path) discover
[0.949s] DEBUG:colcon.colcon_installed_package_information.package_discovery:Found 1 installed packages in /root/ldlidar_ros2_ws/install
[0.951s] DEBUG:colcon.colcon_installed_package_information.package_discovery:Found 291 installed packages in /opt/ros/humble
[0.954s] Level 1:colcon.colcon_core.package_discovery:discover_packages(prefix_path) using defaults
[1.020s] Level 5:colcon.colcon_core.verb:set package 'dog_udp_comm' build argument 'cmake_args' from command line to 'None'
[1.020s] Level 5:colcon.colcon_core.verb:set package 'dog_udp_comm' build argument 'cmake_target' from command line to 'None'
[1.020s] Level 5:colcon.colcon_core.verb:set package 'dog_udp_comm' build argument 'cmake_target_skip_unavailable' from command line to 'False'
[1.020s] Level 5:colcon.colcon_core.verb:set package 'dog_udp_comm' build argument 'cmake_clean_cache' from command line to 'False'
[1.020s] Level 5:colcon.colcon_core.verb:set package 'dog_udp_comm' build argument 'cmake_clean_first' from command line to 'False'
[1.020s] Level 5:colcon.colcon_core.verb:set package 'dog_udp_comm' build argument 'cmake_force_configure' from command line to 'False'
[1.020s] Level 5:colcon.colcon_core.verb:set package 'dog_udp_comm' build argument 'ament_cmake_args' from command line to 'None'
[1.020s] Level 5:colcon.colcon_core.verb:set package 'dog_udp_comm' build argument 'catkin_cmake_args' from command line to 'None'
[1.020s] Level 5:colcon.colcon_core.verb:set package 'dog_udp_comm' build argument 'catkin_skip_building_tests' from command line to 'False'
[1.021s] DEBUG:colcon.colcon_core.verb:Building package 'dog_udp_comm' with the following arguments: {'ament_cmake_args': None, 'build_base': '/root/udp_ws/build/dog_udp_comm', 'catkin_cmake_args': None, 'catkin_skip_building_tests': False, 'cmake_args': None, 'cmake_clean_cache': False, 'cmake_clean_first': False, 'cmake_force_configure': False, 'cmake_target': None, 'cmake_target_skip_unavailable': False, 'install_base': '/root/udp_ws/install/dog_udp_comm', 'merge_install': False, 'path': '/root/udp_ws/src/dog_udp_comm', 'symlink_install': False, 'test_result_base': None}
[1.021s] INFO:colcon.colcon_core.executor:Executing jobs using 'parallel' executor
[1.023s] DEBUG:colcon.colcon_parallel_executor.executor.parallel:run_until_complete
[1.024s] INFO:colcon.colcon_ros.task.ament_cmake.build:Building ROS package in '/root/udp_ws/src/dog_udp_comm' with build type 'ament_cmake'
[1.024s] INFO:colcon.colcon_cmake.task.cmake.build:Building CMake package in '/root/udp_ws/src/dog_udp_comm'
[1.030s] INFO:colcon.colcon_core.plugin_system:Skipping extension 'colcon_core.shell.bat': Not used on non-Windows systems
[1.031s] INFO:colcon.colcon_core.shell:Skip shell extension 'powershell' for command environment: Not usable outside of PowerShell
[1.031s] DEBUG:colcon.colcon_core.shell:Skip shell extension 'dsv' for command environment
[1.048s] DEBUG:colcon.colcon_core.event_handler.log_command:Invoking command in '/root/udp_ws/build/dog_udp_comm': CMAKE_PREFIX_PATH=${CMAKE_PREFIX_PATH}:/opt/ros/humble /usr/bin/cmake --build /root/udp_ws/build/dog_udp_comm -- -j6 -l6
[2.425s] DEBUG:colcon.colcon_core.event_handler.log_command:Invoked command in '/root/udp_ws/build/dog_udp_comm' returned '0': CMAKE_PREFIX_PATH=${CMAKE_PREFIX_PATH}:/opt/ros/humble /usr/bin/cmake --build /root/udp_ws/build/dog_udp_comm -- -j6 -l6
[2.439s] DEBUG:colcon.colcon_core.event_handler.log_command:Invoking command in '/root/udp_ws/build/dog_udp_comm': CMAKE_PREFIX_PATH=${CMAKE_PREFIX_PATH}:/opt/ros/humble /usr/bin/cmake --install /root/udp_ws/build/dog_udp_comm
[2.511s] Level 1:colcon.colcon_core.environment:create_environment_scripts_only(dog_udp_comm)
[2.513s] DEBUG:colcon.colcon_core.event_handler.log_command:Invoked command in '/root/udp_ws/build/dog_udp_comm' returned '0': CMAKE_PREFIX_PATH=${CMAKE_PREFIX_PATH}:/opt/ros/humble /usr/bin/cmake --install /root/udp_ws/build/dog_udp_comm
[2.521s] Level 1:colcon.colcon_core.environment:checking '/root/udp_ws/install/dog_udp_comm' for CMake module files
[2.522s] Level 1:colcon.colcon_core.environment:checking '/root/udp_ws/install/dog_udp_comm' for CMake config files
[2.523s] Level 1:colcon.colcon_core.shell:create_environment_hook('dog_udp_comm', 'cmake_prefix_path')
[2.524s] INFO:colcon.colcon_core.shell:Creating environment hook '/root/udp_ws/install/dog_udp_comm/share/dog_udp_comm/hook/cmake_prefix_path.ps1'
[2.527s] INFO:colcon.colcon_core.shell:Creating environment descriptor '/root/udp_ws/install/dog_udp_comm/share/dog_udp_comm/hook/cmake_prefix_path.dsv'
[2.529s] INFO:colcon.colcon_core.shell:Creating environment hook '/root/udp_ws/install/dog_udp_comm/share/dog_udp_comm/hook/cmake_prefix_path.sh'
[2.532s] Level 1:colcon.colcon_core.environment:checking '/root/udp_ws/install/dog_udp_comm/lib'
[2.533s] Level 1:colcon.colcon_core.environment:checking '/root/udp_ws/install/dog_udp_comm/bin'
[2.533s] Level 1:colcon.colcon_core.environment:checking '/root/udp_ws/install/dog_udp_comm/lib/pkgconfig/dog_udp_comm.pc'
[2.534s] Level 1:colcon.colcon_core.environment:checking '/root/udp_ws/install/dog_udp_comm/lib/python3.10/site-packages'
[2.535s] Level 1:colcon.colcon_core.environment:checking '/root/udp_ws/install/dog_udp_comm/bin'
[2.536s] INFO:colcon.colcon_core.shell:Creating package script '/root/udp_ws/install/dog_udp_comm/share/dog_udp_comm/package.ps1'
[2.540s] INFO:colcon.colcon_core.shell:Creating package descriptor '/root/udp_ws/install/dog_udp_comm/share/dog_udp_comm/package.dsv'
[2.542s] INFO:colcon.colcon_core.shell:Creating package script '/root/udp_ws/install/dog_udp_comm/share/dog_udp_comm/package.sh'
[2.545s] INFO:colcon.colcon_core.shell:Creating package script '/root/udp_ws/install/dog_udp_comm/share/dog_udp_comm/package.bash'
[2.548s] INFO:colcon.colcon_core.shell:Creating package script '/root/udp_ws/install/dog_udp_comm/share/dog_udp_comm/package.zsh'
[2.550s] Level 1:colcon.colcon_core.environment:create_file_with_runtime_dependencies(/root/udp_ws/install/dog_udp_comm/share/colcon-core/packages/dog_udp_comm)
[2.553s] Level 1:colcon.colcon_core.environment:create_environment_scripts_only(dog_udp_comm)
[2.553s] Level 1:colcon.colcon_core.environment:checking '/root/udp_ws/install/dog_udp_comm' for CMake module files
[2.555s] Level 1:colcon.colcon_core.environment:checking '/root/udp_ws/install/dog_udp_comm' for CMake config files
[2.556s] Level 1:colcon.colcon_core.shell:create_environment_hook('dog_udp_comm', 'cmake_prefix_path')
[2.556s] INFO:colcon.colcon_core.shell:Creating environment hook '/root/udp_ws/install/dog_udp_comm/share/dog_udp_comm/hook/cmake_prefix_path.ps1'
[2.558s] INFO:colcon.colcon_core.shell:Creating environment descriptor '/root/udp_ws/install/dog_udp_comm/share/dog_udp_comm/hook/cmake_prefix_path.dsv'
[2.560s] INFO:colcon.colcon_core.shell:Creating environment hook '/root/udp_ws/install/dog_udp_comm/share/dog_udp_comm/hook/cmake_prefix_path.sh'
[2.562s] Level 1:colcon.colcon_core.environment:checking '/root/udp_ws/install/dog_udp_comm/lib'
[2.562s] Level 1:colcon.colcon_core.environment:checking '/root/udp_ws/install/dog_udp_comm/bin'
[2.562s] Level 1:colcon.colcon_core.environment:checking '/root/udp_ws/install/dog_udp_comm/lib/pkgconfig/dog_udp_comm.pc'
[2.563s] Level 1:colcon.colcon_core.environment:checking '/root/udp_ws/install/dog_udp_comm/lib/python3.10/site-packages'
[2.564s] Level 1:colcon.colcon_core.environment:checking '/root/udp_ws/install/dog_udp_comm/bin'
[2.565s] INFO:colcon.colcon_core.shell:Creating package script '/root/udp_ws/install/dog_udp_comm/share/dog_udp_comm/package.ps1'
[2.567s] INFO:colcon.colcon_core.shell:Creating package descriptor '/root/udp_ws/install/dog_udp_comm/share/dog_udp_comm/package.dsv'
[2.569s] INFO:colcon.colcon_core.shell:Creating package script '/root/udp_ws/install/dog_udp_comm/share/dog_udp_comm/package.sh'
[2.570s] INFO:colcon.colcon_core.shell:Creating package script '/root/udp_ws/install/dog_udp_comm/share/dog_udp_comm/package.bash'
[2.572s] INFO:colcon.colcon_core.shell:Creating package script '/root/udp_ws/install/dog_udp_comm/share/dog_udp_comm/package.zsh'
[2.574s] Level 1:colcon.colcon_core.environment:create_file_with_runtime_dependencies(/root/udp_ws/install/dog_udp_comm/share/colcon-core/packages/dog_udp_comm)
[2.576s] DEBUG:colcon.colcon_parallel_executor.executor.parallel:closing loop
[2.576s] DEBUG:colcon.colcon_parallel_executor.executor.parallel:loop closed
[2.576s] DEBUG:colcon.colcon_parallel_executor.executor.parallel:run_until_complete finished with '0'
[2.577s] DEBUG:colcon.colcon_core.event_reactor:joining thread
[2.577s] DEBUG:colcon.colcon_core.event_reactor:joined thread
[2.578s] INFO:colcon.colcon_core.shell:Creating prefix script '/root/udp_ws/install/local_setup.ps1'
[2.581s] INFO:colcon.colcon_core.shell:Creating prefix util module '/root/udp_ws/install/_local_setup_util_ps1.py'
[2.587s] INFO:colcon.colcon_core.shell:Creating prefix chain script '/root/udp_ws/install/setup.ps1'
[2.592s] INFO:colcon.colcon_core.shell:Creating prefix script '/root/udp_ws/install/local_setup.sh'
[2.594s] INFO:colcon.colcon_core.shell:Creating prefix util module '/root/udp_ws/install/_local_setup_util_sh.py'
[2.596s] INFO:colcon.colcon_core.shell:Creating prefix chain script '/root/udp_ws/install/setup.sh'
[2.600s] INFO:colcon.colcon_core.shell:Creating prefix script '/root/udp_ws/install/local_setup.bash'
[2.602s] INFO:colcon.colcon_core.shell:Creating prefix chain script '/root/udp_ws/install/setup.bash'
[2.606s] INFO:colcon.colcon_core.shell:Creating prefix script '/root/udp_ws/install/local_setup.zsh'
[2.608s] INFO:colcon.colcon_core.shell:Creating prefix chain script '/root/udp_ws/install/setup.zsh'
