[0.212s] DEBUG:colcon:Command line arguments: ['/usr/bin/colcon', 'build']
[0.213s] DEBUG:colcon:Parsed command line arguments: Namespace(log_base=None, log_level=None, verb_name='build', build_base='build', install_base='install', merge_install=False, symlink_install=False, test_result_base=None, continue_on_error=False, executor='parallel', parallel_workers=6, event_handlers=None, ignore_user_meta=False, metas=['./colcon.meta'], base_paths=['.'], packages_ignore=None, packages_ignore_regex=None, paths=None, packages_up_to=None, packages_up_to_regex=None, packages_above=None, packages_above_and_dependencies=None, packages_above_depth=None, packages_select_by_dep=None, packages_skip_by_dep=None, packages_skip_up_to=None, packages_select_build_failed=False, packages_skip_build_finished=False, packages_select_test_failures=False, packages_skip_test_passed=False, packages_select=None, packages_skip=None, packages_select_regex=None, packages_skip_regex=None, packages_start=None, packages_end=None, allow_overriding=[], cmake_args=None, cmake_target=None, cmake_target_skip_unavailable=False, cmake_clean_cache=False, cmake_clean_first=False, cmake_force_configure=False, ament_cmake_args=None, catkin_cmake_args=None, catkin_skip_building_tests=False, verb_parser=<colcon_defaults.argument_parser.defaults.DefaultArgumentsDecorator object at 0xffff9dba3790>, verb_extension=<colcon_core.verb.build.BuildVerb object at 0xffff9dd51d20>, main=<bound method BuildVerb.main of <colcon_core.verb.build.BuildVerb object at 0xffff9dd51d20>>)
[0.542s] Level 1:colcon.colcon_core.package_discovery:discover_packages(colcon_meta) check parameters
[0.542s] Level 1:colcon.colcon_core.package_discovery:discover_packages(recursive) check parameters
[0.542s] Level 1:colcon.colcon_core.package_discovery:discover_packages(ignore) check parameters
[0.542s] Level 1:colcon.colcon_core.package_discovery:discover_packages(path) check parameters
[0.543s] Level 1:colcon.colcon_core.package_discovery:discover_packages(colcon_meta) discover
[0.543s] Level 1:colcon.colcon_core.package_discovery:discover_packages(recursive) discover
[0.543s] INFO:colcon.colcon_core.package_discovery:Crawling recursively for packages in '/root/udp_ws'
[0.543s] Level 1:colcon.colcon_core.package_identification:_identify(.) by extensions ['ignore', 'ignore_ament_install']
[0.544s] Level 1:colcon.colcon_core.package_identification:_identify(.) by extension 'ignore'
[0.544s] Level 1:colcon.colcon_core.package_identification:_identify(.) by extension 'ignore_ament_install'
[0.544s] Level 1:colcon.colcon_core.package_identification:_identify(.) by extensions ['colcon_pkg']
[0.544s] Level 1:colcon.colcon_core.package_identification:_identify(.) by extension 'colcon_pkg'
[0.544s] Level 1:colcon.colcon_core.package_identification:_identify(.) by extensions ['colcon_meta']
[0.544s] Level 1:colcon.colcon_core.package_identification:_identify(.) by extension 'colcon_meta'
[0.544s] Level 1:colcon.colcon_core.package_identification:_identify(.) by extensions ['ros']
[0.544s] Level 1:colcon.colcon_core.package_identification:_identify(.) by extension 'ros'
[0.593s] Level 1:colcon.colcon_core.package_identification:_identify(.) by extensions ['cmake', 'python']
[0.593s] Level 1:colcon.colcon_core.package_identification:_identify(.) by extension 'cmake'
[0.593s] Level 1:colcon.colcon_core.package_identification:_identify(.) by extension 'python'
[0.593s] Level 1:colcon.colcon_core.package_identification:_identify(.) by extensions ['python_setup_py']
[0.593s] Level 1:colcon.colcon_core.package_identification:_identify(.) by extension 'python_setup_py'
[0.594s] Level 1:colcon.colcon_core.package_identification:_identify(build) by extensions ['ignore', 'ignore_ament_install']
[0.594s] Level 1:colcon.colcon_core.package_identification:_identify(build) by extension 'ignore'
[0.594s] Level 1:colcon.colcon_core.package_identification:_identify(build) ignored
[0.594s] Level 1:colcon.colcon_core.package_identification:_identify(install) by extensions ['ignore', 'ignore_ament_install']
[0.595s] Level 1:colcon.colcon_core.package_identification:_identify(install) by extension 'ignore'
[0.595s] Level 1:colcon.colcon_core.package_identification:_identify(install) ignored
[0.595s] Level 1:colcon.colcon_core.package_identification:_identify(log) by extensions ['ignore', 'ignore_ament_install']
[0.595s] Level 1:colcon.colcon_core.package_identification:_identify(log) by extension 'ignore'
[0.595s] Level 1:colcon.colcon_core.package_identification:_identify(log) ignored
[0.595s] Level 1:colcon.colcon_core.package_identification:_identify(src) by extensions ['ignore', 'ignore_ament_install']
[0.596s] Level 1:colcon.colcon_core.package_identification:_identify(src) by extension 'ignore'
[0.596s] Level 1:colcon.colcon_core.package_identification:_identify(src) by extension 'ignore_ament_install'
[0.596s] Level 1:colcon.colcon_core.package_identification:_identify(src) by extensions ['colcon_pkg']
[0.596s] Level 1:colcon.colcon_core.package_identification:_identify(src) by extension 'colcon_pkg'
[0.596s] Level 1:colcon.colcon_core.package_identification:_identify(src) by extensions ['colcon_meta']
[0.596s] Level 1:colcon.colcon_core.package_identification:_identify(src) by extension 'colcon_meta'
[0.596s] Level 1:colcon.colcon_core.package_identification:_identify(src) by extensions ['ros']
[0.596s] Level 1:colcon.colcon_core.package_identification:_identify(src) by extension 'ros'
[0.596s] Level 1:colcon.colcon_core.package_identification:_identify(src) by extensions ['cmake', 'python']
[0.596s] Level 1:colcon.colcon_core.package_identification:_identify(src) by extension 'cmake'
[0.597s] Level 1:colcon.colcon_core.package_identification:_identify(src) by extension 'python'
[0.597s] Level 1:colcon.colcon_core.package_identification:_identify(src) by extensions ['python_setup_py']
[0.597s] Level 1:colcon.colcon_core.package_identification:_identify(src) by extension 'python_setup_py'
[0.597s] Level 1:colcon.colcon_core.package_identification:_identify(src/cspc_lidar_sdk_ros2) by extensions ['ignore', 'ignore_ament_install']
[0.597s] Level 1:colcon.colcon_core.package_identification:_identify(src/cspc_lidar_sdk_ros2) by extension 'ignore'
[0.597s] Level 1:colcon.colcon_core.package_identification:_identify(src/cspc_lidar_sdk_ros2) by extension 'ignore_ament_install'
[0.597s] Level 1:colcon.colcon_core.package_identification:_identify(src/cspc_lidar_sdk_ros2) by extensions ['colcon_pkg']
[0.597s] Level 1:colcon.colcon_core.package_identification:_identify(src/cspc_lidar_sdk_ros2) by extension 'colcon_pkg'
[0.598s] Level 1:colcon.colcon_core.package_identification:_identify(src/cspc_lidar_sdk_ros2) by extensions ['colcon_meta']
[0.598s] Level 1:colcon.colcon_core.package_identification:_identify(src/cspc_lidar_sdk_ros2) by extension 'colcon_meta'
[0.598s] Level 1:colcon.colcon_core.package_identification:_identify(src/cspc_lidar_sdk_ros2) by extensions ['ros']
[0.598s] Level 1:colcon.colcon_core.package_identification:_identify(src/cspc_lidar_sdk_ros2) by extension 'ros'
[0.604s] DEBUG:colcon.colcon_core.package_identification:Package 'src/cspc_lidar_sdk_ros2' with type 'ros.ament_cmake' and name 'cspc_lidar'
[0.604s] Level 1:colcon.colcon_core.package_identification:_identify(src/dog_udp_comm) by extensions ['ignore', 'ignore_ament_install']
[0.605s] Level 1:colcon.colcon_core.package_identification:_identify(src/dog_udp_comm) by extension 'ignore'
[0.605s] Level 1:colcon.colcon_core.package_identification:_identify(src/dog_udp_comm) by extension 'ignore_ament_install'
[0.605s] Level 1:colcon.colcon_core.package_identification:_identify(src/dog_udp_comm) by extensions ['colcon_pkg']
[0.605s] Level 1:colcon.colcon_core.package_identification:_identify(src/dog_udp_comm) by extension 'colcon_pkg'
[0.605s] Level 1:colcon.colcon_core.package_identification:_identify(src/dog_udp_comm) by extensions ['colcon_meta']
[0.605s] Level 1:colcon.colcon_core.package_identification:_identify(src/dog_udp_comm) by extension 'colcon_meta'
[0.605s] Level 1:colcon.colcon_core.package_identification:_identify(src/dog_udp_comm) by extensions ['ros']
[0.605s] Level 1:colcon.colcon_core.package_identification:_identify(src/dog_udp_comm) by extension 'ros'
[0.607s] DEBUG:colcon.colcon_core.package_identification:Package 'src/dog_udp_comm' with type 'ros.ament_cmake' and name 'dog_udp_comm'
[0.607s] Level 1:colcon.colcon_core.package_discovery:discover_packages(recursive) using defaults
[0.608s] Level 1:colcon.colcon_core.package_discovery:discover_packages(ignore) discover
[0.608s] Level 1:colcon.colcon_core.package_discovery:discover_packages(ignore) using defaults
[0.608s] Level 1:colcon.colcon_core.package_discovery:discover_packages(path) discover
[0.608s] Level 1:colcon.colcon_core.package_discovery:discover_packages(path) using defaults
[0.660s] Level 1:colcon.colcon_core.package_discovery:discover_packages(prefix_path) check parameters
[0.660s] Level 1:colcon.colcon_core.package_discovery:discover_packages(prefix_path) discover
[0.664s] DEBUG:colcon.colcon_installed_package_information.package_discovery:Found 1 installed packages in /root/ldlidar_ros2_ws/install
[0.666s] DEBUG:colcon.colcon_installed_package_information.package_discovery:Found 288 installed packages in /opt/ros/humble
[0.668s] Level 1:colcon.colcon_core.package_discovery:discover_packages(prefix_path) using defaults
[0.732s] Level 5:colcon.colcon_core.verb:set package 'cspc_lidar' build argument 'cmake_args' from command line to 'None'
[0.732s] Level 5:colcon.colcon_core.verb:set package 'cspc_lidar' build argument 'cmake_target' from command line to 'None'
[0.732s] Level 5:colcon.colcon_core.verb:set package 'cspc_lidar' build argument 'cmake_target_skip_unavailable' from command line to 'False'
[0.732s] Level 5:colcon.colcon_core.verb:set package 'cspc_lidar' build argument 'cmake_clean_cache' from command line to 'False'
[0.732s] Level 5:colcon.colcon_core.verb:set package 'cspc_lidar' build argument 'cmake_clean_first' from command line to 'False'
[0.732s] Level 5:colcon.colcon_core.verb:set package 'cspc_lidar' build argument 'cmake_force_configure' from command line to 'False'
[0.732s] Level 5:colcon.colcon_core.verb:set package 'cspc_lidar' build argument 'ament_cmake_args' from command line to 'None'
[0.732s] Level 5:colcon.colcon_core.verb:set package 'cspc_lidar' build argument 'catkin_cmake_args' from command line to 'None'
[0.733s] Level 5:colcon.colcon_core.verb:set package 'cspc_lidar' build argument 'catkin_skip_building_tests' from command line to 'False'
[0.733s] DEBUG:colcon.colcon_core.verb:Building package 'cspc_lidar' with the following arguments: {'ament_cmake_args': None, 'build_base': '/root/udp_ws/build/cspc_lidar', 'catkin_cmake_args': None, 'catkin_skip_building_tests': False, 'cmake_args': None, 'cmake_clean_cache': False, 'cmake_clean_first': False, 'cmake_force_configure': False, 'cmake_target': None, 'cmake_target_skip_unavailable': False, 'install_base': '/root/udp_ws/install/cspc_lidar', 'merge_install': False, 'path': '/root/udp_ws/src/cspc_lidar_sdk_ros2', 'symlink_install': False, 'test_result_base': None}
[0.733s] Level 5:colcon.colcon_core.verb:set package 'dog_udp_comm' build argument 'cmake_args' from command line to 'None'
[0.733s] Level 5:colcon.colcon_core.verb:set package 'dog_udp_comm' build argument 'cmake_target' from command line to 'None'
[0.733s] Level 5:colcon.colcon_core.verb:set package 'dog_udp_comm' build argument 'cmake_target_skip_unavailable' from command line to 'False'
[0.734s] Level 5:colcon.colcon_core.verb:set package 'dog_udp_comm' build argument 'cmake_clean_cache' from command line to 'False'
[0.734s] Level 5:colcon.colcon_core.verb:set package 'dog_udp_comm' build argument 'cmake_clean_first' from command line to 'False'
[0.734s] Level 5:colcon.colcon_core.verb:set package 'dog_udp_comm' build argument 'cmake_force_configure' from command line to 'False'
[0.734s] Level 5:colcon.colcon_core.verb:set package 'dog_udp_comm' build argument 'ament_cmake_args' from command line to 'None'
[0.734s] Level 5:colcon.colcon_core.verb:set package 'dog_udp_comm' build argument 'catkin_cmake_args' from command line to 'None'
[0.734s] Level 5:colcon.colcon_core.verb:set package 'dog_udp_comm' build argument 'catkin_skip_building_tests' from command line to 'False'
[0.734s] DEBUG:colcon.colcon_core.verb:Building package 'dog_udp_comm' with the following arguments: {'ament_cmake_args': None, 'build_base': '/root/udp_ws/build/dog_udp_comm', 'catkin_cmake_args': None, 'catkin_skip_building_tests': False, 'cmake_args': None, 'cmake_clean_cache': False, 'cmake_clean_first': False, 'cmake_force_configure': False, 'cmake_target': None, 'cmake_target_skip_unavailable': False, 'install_base': '/root/udp_ws/install/dog_udp_comm', 'merge_install': False, 'path': '/root/udp_ws/src/dog_udp_comm', 'symlink_install': False, 'test_result_base': None}
[0.734s] INFO:colcon.colcon_core.executor:Executing jobs using 'parallel' executor
[0.736s] DEBUG:colcon.colcon_parallel_executor.executor.parallel:run_until_complete
[0.736s] INFO:colcon.colcon_ros.task.ament_cmake.build:Building ROS package in '/root/udp_ws/src/cspc_lidar_sdk_ros2' with build type 'ament_cmake'
[0.737s] INFO:colcon.colcon_cmake.task.cmake.build:Building CMake package in '/root/udp_ws/src/cspc_lidar_sdk_ros2'
[0.740s] INFO:colcon.colcon_core.plugin_system:Skipping extension 'colcon_core.shell.bat': Not used on non-Windows systems
[0.741s] INFO:colcon.colcon_core.shell:Skip shell extension 'powershell' for command environment: Not usable outside of PowerShell
[0.741s] DEBUG:colcon.colcon_core.shell:Skip shell extension 'dsv' for command environment
[0.747s] INFO:colcon.colcon_ros.task.ament_cmake.build:Building ROS package in '/root/udp_ws/src/dog_udp_comm' with build type 'ament_cmake'
[0.747s] INFO:colcon.colcon_cmake.task.cmake.build:Building CMake package in '/root/udp_ws/src/dog_udp_comm'
[0.748s] INFO:colcon.colcon_core.shell:Skip shell extension 'powershell' for command environment: Not usable outside of PowerShell
[0.748s] DEBUG:colcon.colcon_core.shell:Skip shell extension 'dsv' for command environment
[0.762s] DEBUG:colcon.colcon_core.event_handler.log_command:Invoking command in '/root/udp_ws/build/cspc_lidar': CMAKE_PREFIX_PATH=${CMAKE_PREFIX_PATH}:/opt/ros/humble /usr/bin/cmake --build /root/udp_ws/build/cspc_lidar -- -j6 -l6
[0.771s] DEBUG:colcon.colcon_core.event_handler.log_command:Invoking command in '/root/udp_ws/build/dog_udp_comm': CMAKE_PREFIX_PATH=${CMAKE_PREFIX_PATH}:/opt/ros/humble /usr/bin/cmake --build /root/udp_ws/build/dog_udp_comm -- -j6 -l6
[0.860s] DEBUG:colcon.colcon_core.event_handler.log_command:Invoked command in '/root/udp_ws/build/dog_udp_comm' returned '0': CMAKE_PREFIX_PATH=${CMAKE_PREFIX_PATH}:/opt/ros/humble /usr/bin/cmake --build /root/udp_ws/build/dog_udp_comm -- -j6 -l6
[0.875s] DEBUG:colcon.colcon_core.event_handler.log_command:Invoking command in '/root/udp_ws/build/dog_udp_comm': CMAKE_PREFIX_PATH=${CMAKE_PREFIX_PATH}:/opt/ros/humble /usr/bin/cmake --install /root/udp_ws/build/dog_udp_comm
[0.907s] Level 1:colcon.colcon_core.environment:create_environment_scripts_only(dog_udp_comm)
[0.908s] DEBUG:colcon.colcon_core.event_handler.log_command:Invoked command in '/root/udp_ws/build/dog_udp_comm' returned '0': CMAKE_PREFIX_PATH=${CMAKE_PREFIX_PATH}:/opt/ros/humble /usr/bin/cmake --install /root/udp_ws/build/dog_udp_comm
[0.917s] Level 1:colcon.colcon_core.environment:checking '/root/udp_ws/install/dog_udp_comm' for CMake module files
[0.918s] Level 1:colcon.colcon_core.environment:checking '/root/udp_ws/install/dog_udp_comm' for CMake config files
[0.918s] Level 1:colcon.colcon_core.shell:create_environment_hook('dog_udp_comm', 'cmake_prefix_path')
[0.919s] INFO:colcon.colcon_core.shell:Creating environment hook '/root/udp_ws/install/dog_udp_comm/share/dog_udp_comm/hook/cmake_prefix_path.ps1'
[0.923s] INFO:colcon.colcon_core.shell:Creating environment descriptor '/root/udp_ws/install/dog_udp_comm/share/dog_udp_comm/hook/cmake_prefix_path.dsv'
[0.924s] INFO:colcon.colcon_core.shell:Creating environment hook '/root/udp_ws/install/dog_udp_comm/share/dog_udp_comm/hook/cmake_prefix_path.sh'
[0.926s] Level 1:colcon.colcon_core.environment:checking '/root/udp_ws/install/dog_udp_comm/lib'
[0.927s] Level 1:colcon.colcon_core.environment:checking '/root/udp_ws/install/dog_udp_comm/bin'
[0.927s] Level 1:colcon.colcon_core.environment:checking '/root/udp_ws/install/dog_udp_comm/lib/pkgconfig/dog_udp_comm.pc'
[0.928s] Level 1:colcon.colcon_core.environment:checking '/root/udp_ws/install/dog_udp_comm/lib/python3.10/site-packages'
[0.929s] Level 1:colcon.colcon_core.environment:checking '/root/udp_ws/install/dog_udp_comm/bin'
[0.930s] INFO:colcon.colcon_core.shell:Creating package script '/root/udp_ws/install/dog_udp_comm/share/dog_udp_comm/package.ps1'
[0.933s] INFO:colcon.colcon_core.shell:Creating package descriptor '/root/udp_ws/install/dog_udp_comm/share/dog_udp_comm/package.dsv'
[0.935s] INFO:colcon.colcon_core.shell:Creating package script '/root/udp_ws/install/dog_udp_comm/share/dog_udp_comm/package.sh'
[0.938s] INFO:colcon.colcon_core.shell:Creating package script '/root/udp_ws/install/dog_udp_comm/share/dog_udp_comm/package.bash'
[0.940s] INFO:colcon.colcon_core.shell:Creating package script '/root/udp_ws/install/dog_udp_comm/share/dog_udp_comm/package.zsh'
[0.942s] Level 1:colcon.colcon_core.environment:create_file_with_runtime_dependencies(/root/udp_ws/install/dog_udp_comm/share/colcon-core/packages/dog_udp_comm)
[0.944s] Level 1:colcon.colcon_core.environment:create_environment_scripts_only(dog_udp_comm)
[0.945s] Level 1:colcon.colcon_core.environment:checking '/root/udp_ws/install/dog_udp_comm' for CMake module files
[0.946s] Level 1:colcon.colcon_core.environment:checking '/root/udp_ws/install/dog_udp_comm' for CMake config files
[0.947s] Level 1:colcon.colcon_core.shell:create_environment_hook('dog_udp_comm', 'cmake_prefix_path')
[0.948s] INFO:colcon.colcon_core.shell:Creating environment hook '/root/udp_ws/install/dog_udp_comm/share/dog_udp_comm/hook/cmake_prefix_path.ps1'
[0.949s] INFO:colcon.colcon_core.shell:Creating environment descriptor '/root/udp_ws/install/dog_udp_comm/share/dog_udp_comm/hook/cmake_prefix_path.dsv'
[0.951s] INFO:colcon.colcon_core.shell:Creating environment hook '/root/udp_ws/install/dog_udp_comm/share/dog_udp_comm/hook/cmake_prefix_path.sh'
[0.953s] Level 1:colcon.colcon_core.environment:checking '/root/udp_ws/install/dog_udp_comm/lib'
[0.953s] Level 1:colcon.colcon_core.environment:checking '/root/udp_ws/install/dog_udp_comm/bin'
[0.954s] Level 1:colcon.colcon_core.environment:checking '/root/udp_ws/install/dog_udp_comm/lib/pkgconfig/dog_udp_comm.pc'
[0.955s] Level 1:colcon.colcon_core.environment:checking '/root/udp_ws/install/dog_udp_comm/lib/python3.10/site-packages'
[0.956s] Level 1:colcon.colcon_core.environment:checking '/root/udp_ws/install/dog_udp_comm/bin'
[0.957s] INFO:colcon.colcon_core.shell:Creating package script '/root/udp_ws/install/dog_udp_comm/share/dog_udp_comm/package.ps1'
[0.959s] INFO:colcon.colcon_core.shell:Creating package descriptor '/root/udp_ws/install/dog_udp_comm/share/dog_udp_comm/package.dsv'
[0.961s] INFO:colcon.colcon_core.shell:Creating package script '/root/udp_ws/install/dog_udp_comm/share/dog_udp_comm/package.sh'
[0.962s] INFO:colcon.colcon_core.shell:Creating package script '/root/udp_ws/install/dog_udp_comm/share/dog_udp_comm/package.bash'
[0.964s] INFO:colcon.colcon_core.shell:Creating package script '/root/udp_ws/install/dog_udp_comm/share/dog_udp_comm/package.zsh'
[0.965s] Level 1:colcon.colcon_core.environment:create_file_with_runtime_dependencies(/root/udp_ws/install/dog_udp_comm/share/colcon-core/packages/dog_udp_comm)
[2.866s] DEBUG:colcon.colcon_core.event_handler.log_command:Invoked command in '/root/udp_ws/build/cspc_lidar' returned '2': CMAKE_PREFIX_PATH=${CMAKE_PREFIX_PATH}:/opt/ros/humble /usr/bin/cmake --build /root/udp_ws/build/cspc_lidar -- -j6 -l6
[2.867s] Level 1:colcon.colcon_core.environment:create_environment_scripts_only(cspc_lidar)
[2.868s] Level 1:colcon.colcon_core.environment:checking '/root/udp_ws/install/cspc_lidar' for CMake module files
[2.868s] Level 1:colcon.colcon_core.environment:checking '/root/udp_ws/install/cspc_lidar' for CMake config files
[2.869s] Level 1:colcon.colcon_core.environment:checking '/root/udp_ws/install/cspc_lidar/bin'
[2.869s] Level 1:colcon.colcon_core.environment:checking '/root/udp_ws/install/cspc_lidar/lib/pkgconfig/cspc_lidar.pc'
[2.869s] Level 1:colcon.colcon_core.environment:checking '/root/udp_ws/install/cspc_lidar/lib/python3.10/site-packages'
[2.870s] Level 1:colcon.colcon_core.environment:checking '/root/udp_ws/install/cspc_lidar/bin'
[2.871s] INFO:colcon.colcon_core.shell:Creating package script '/root/udp_ws/install/cspc_lidar/share/cspc_lidar/package.ps1'
[2.872s] INFO:colcon.colcon_core.shell:Creating package descriptor '/root/udp_ws/install/cspc_lidar/share/cspc_lidar/package.dsv'
[2.873s] INFO:colcon.colcon_core.shell:Creating package script '/root/udp_ws/install/cspc_lidar/share/cspc_lidar/package.sh'
[2.874s] INFO:colcon.colcon_core.shell:Creating package script '/root/udp_ws/install/cspc_lidar/share/cspc_lidar/package.bash'
[2.875s] INFO:colcon.colcon_core.shell:Creating package script '/root/udp_ws/install/cspc_lidar/share/cspc_lidar/package.zsh'
[2.876s] Level 1:colcon.colcon_core.environment:create_file_with_runtime_dependencies(/root/udp_ws/install/cspc_lidar/share/colcon-core/packages/cspc_lidar)
[2.887s] DEBUG:colcon.colcon_parallel_executor.executor.parallel:closing loop
[2.888s] DEBUG:colcon.colcon_parallel_executor.executor.parallel:loop closed
[2.888s] DEBUG:colcon.colcon_parallel_executor.executor.parallel:run_until_complete finished with '2'
[2.888s] DEBUG:colcon.colcon_core.event_reactor:joining thread
[2.889s] DEBUG:colcon.colcon_core.event_reactor:joined thread
[2.889s] INFO:colcon.colcon_core.shell:Creating prefix script '/root/udp_ws/install/local_setup.ps1'
[2.891s] INFO:colcon.colcon_core.shell:Creating prefix util module '/root/udp_ws/install/_local_setup_util_ps1.py'
[2.894s] INFO:colcon.colcon_core.shell:Creating prefix chain script '/root/udp_ws/install/setup.ps1'
[2.896s] INFO:colcon.colcon_core.shell:Creating prefix script '/root/udp_ws/install/local_setup.sh'
[2.897s] INFO:colcon.colcon_core.shell:Creating prefix util module '/root/udp_ws/install/_local_setup_util_sh.py'
[2.899s] INFO:colcon.colcon_core.shell:Creating prefix chain script '/root/udp_ws/install/setup.sh'
[2.901s] INFO:colcon.colcon_core.shell:Creating prefix script '/root/udp_ws/install/local_setup.bash'
[2.902s] INFO:colcon.colcon_core.shell:Creating prefix chain script '/root/udp_ws/install/setup.bash'
[2.904s] INFO:colcon.colcon_core.shell:Creating prefix script '/root/udp_ws/install/local_setup.zsh'
[2.905s] INFO:colcon.colcon_core.shell:Creating prefix chain script '/root/udp_ws/install/setup.zsh'
